2025-10-20 23:22:56.451 INFO: ===========VERIFYING SETTINGS===========
2025-10-20 23:22:56.452 INFO: MACE version: 0.3.14
2025-10-20 23:22:56.453 INFO: Using CPU
2025-10-20 23:22:56.486 INFO: ===========LOADING INPUT DATA===========
2025-10-20 23:22:56.487 INFO: Using heads: ['Default']
2025-10-20 23:22:56.487 INFO: Using the key specifications to parse data:
2025-10-20 23:22:56.488 INFO: Default: KeySpecification(info_keys={'energy': 'energy', 'stress': 'REF_stress', 'virials': 'REF_virials', 'dipole': 'dipole', 'head': 'head', 'elec_temp': 'elec_temp', 'total_charge': 'total_charge', 'polarizability': 'polarizability', 'total_spin': 'total_spin'}, arrays_keys={'forces': 'forces', 'charges': 'REF_charges'})
2025-10-20 23:22:56.488 INFO: =============    Processing head Default     ===========
2025-10-20 23:22:56.577 WARNING: Since ASE version 3.23.0b1, using energy_key 'energy' is no longer safe when communicating between MACE and ASE. We recommend using a different key, rewriting 'energy' to 'REF_energy'. You need to use --energy_key='REF_energy' to specify the chosen key name.
2025-10-20 23:22:56.614 WARNING: Since ASE version 3.23.0b1, using forces_key 'forces' is no longer safe when communicating between MACE and ASE. We recommend using a different key, rewriting 'forces' to 'REF_forces'. You need to use --forces_key='REF_forces' to specify the chosen key name.
2025-10-20 23:22:56.650 WARNING: Configuration '0' is marked as 'IsolatedAtom' but does not contain an energy. Zero energy will be used.
2025-10-20 23:22:56.651 WARNING: Configuration '1' is marked as 'IsolatedAtom' but does not contain an energy. Zero energy will be used.
2025-10-20 23:22:56.652 WARNING: Configuration '2' is marked as 'IsolatedAtom' but does not contain an energy. Zero energy will be used.
2025-10-20 23:22:56.652 INFO: Using isolated atom energies from training file
2025-10-20 23:22:56.665 INFO: Training set 1/1 [energy: 517, stress: 0, virials: 0, dipole components: 0, head: 517, elec_temp: 0, total_charge: 0, polarizability: 0, total_spin: 0, forces: 517, charges: 0]
2025-10-20 23:22:56.667 INFO: Total Training set [energy: 517, stress: 0, virials: 0, dipole components: 0, head: 517, elec_temp: 0, total_charge: 0, polarizability: 0, total_spin: 0, forces: 517, charges: 0]
2025-10-20 23:22:56.668 INFO: No validation set provided, splitting training data instead.
2025-10-20 23:22:56.668 INFO: Using random 1% of training set for validation with following indices: [5, 302, 291, 153, 461]
2025-10-20 23:22:56.670 INFO: Random Split Training set [energy: 512, stress: 0, virials: 0, dipole components: 0, head: 512, elec_temp: 0, total_charge: 0, polarizability: 0, total_spin: 0, forces: 512, charges: 0]
2025-10-20 23:22:56.671 INFO: Random Split Validation set [energy: 5, stress: 0, virials: 0, dipole components: 0, head: 5, elec_temp: 0, total_charge: 0, polarizability: 0, total_spin: 0, forces: 5, charges: 0]
2025-10-20 23:22:56.702 WARNING: Since ASE version 3.23.0b1, using energy_key 'energy' is no longer safe when communicating between MACE and ASE. We recommend using a different key, rewriting 'energy' to 'REF_energy'. You need to use --energy_key='REF_energy' to specify the chosen key name.
2025-10-20 23:22:56.712 WARNING: Since ASE version 3.23.0b1, using forces_key 'forces' is no longer safe when communicating between MACE and ASE. We recommend using a different key, rewriting 'forces' to 'REF_forces'. You need to use --forces_key='REF_forces' to specify the chosen key name.
2025-10-20 23:22:56.726 INFO: Test set 1/1 [energy: 133, stress: 0, virials: 0, dipole components: 0, head: 133, elec_temp: 0, total_charge: 0, polarizability: 0, total_spin: 0, forces: 133, charges: 0]
2025-10-20 23:22:56.727 INFO: Total Test set [energy: 133, stress: 0, virials: 0, dipole components: 0, head: 133, elec_temp: 0, total_charge: 0, polarizability: 0, total_spin: 0, forces: 133, charges: 0]
2025-10-20 23:22:56.728 INFO: Total number of configurations: train=512, valid=5, tests=[Fe13Si1B1_Default: 133],
2025-10-20 23:22:56.728 WARNING: Validation batch size (10) is larger than the number of validation data (5)
2025-10-20 23:22:56.730 INFO: Atomic Numbers used: [5, 14, 26]
2025-10-20 23:22:56.730 INFO: Atomic Energies used (z: eV) for head Default: {5: 0.0, 14: 0.0, 26: 0.0}
2025-10-20 23:22:56.731 INFO: Processing datasets for head 'Default'
2025-10-20 23:22:56.970 INFO: Combining 1 list datasets for head 'Default'
2025-10-20 23:22:56.978 INFO: Head 'Default' training dataset size: 512
2025-10-20 23:22:56.980 INFO: Computing average number of neighbors
2025-10-20 23:22:57.061 INFO: Average number of neighbors: 17.63285789751717
2025-10-20 23:22:57.062 INFO: During training the following quantities will be reported: energy, forces
2025-10-20 23:22:57.062 INFO: ===========MODEL DETAILS===========
2025-10-20 23:22:57.123 INFO: Building model
2025-10-20 23:22:57.124 INFO: Message passing with 32 channels and max_L=0 (32x0e)
2025-10-20 23:22:57.125 INFO: 2 layers, each with correlation order: 3 (body order: 4) and spherical harmonics up to: l=3
2025-10-20 23:22:57.125 INFO: 8 radial and 5 basis functions
2025-10-20 23:22:57.125 INFO: Radial cutoff: 4.0 A (total receptive field for each atom: 8.0 A)
2025-10-20 23:22:57.126 INFO: Distance transform for radial basis functions: None
2025-10-20 23:22:57.126 INFO: Hidden irreps: 32x0e
2025-10-20 23:22:57.803 INFO: Total number of parameters: 67472
2025-10-20 23:22:57.803 INFO: 
2025-10-20 23:22:57.804 INFO: ===========OPTIMIZER INFORMATION===========
2025-10-20 23:22:57.804 INFO: Using ADAM as parameter optimizer
2025-10-20 23:22:57.804 INFO: Batch size: 32
2025-10-20 23:22:57.805 INFO: Number of gradient updates: 160
2025-10-20 23:22:57.805 INFO: Learning rate: 0.01, weight decay: 5e-07
2025-10-20 23:22:57.805 INFO: WeightedEnergyForcesLoss(energy_weight=1.000, forces_weight=100.000)
2025-10-20 23:22:57.806 INFO: Using gradient clipping with tolerance=10.000
2025-10-20 23:22:57.806 INFO: 
2025-10-20 23:22:57.806 INFO: ===========TRAINING===========
2025-10-20 23:22:57.807 INFO: Started training, reporting errors on validation set
2025-10-20 23:22:57.807 INFO: Loss metrics on validation set
2025-10-20 23:22:57.876 INFO: Initial: head: Default, loss=37.51196496, RMSE_E_per_atom= 5166.12 meV, RMSE_F= 1268.35 meV / A
2025-10-20 23:23:05.086 INFO: Epoch 0: head: Default, loss=30.90256944, RMSE_E_per_atom= 4945.63 meV, RMSE_F= 1140.41 meV / A
2025-10-20 23:23:11.877 INFO: Epoch 1: head: Default, loss=15.53237340, RMSE_E_per_atom= 4406.56 meV, RMSE_F=  763.18 meV / A
2025-10-20 23:23:18.638 INFO: Epoch 2: head: Default, loss=14.38546919, RMSE_E_per_atom= 3980.19 meV, RMSE_F=  748.90 meV / A
2025-10-20 23:23:25.362 INFO: Epoch 3: head: Default, loss=16.31344733, RMSE_E_per_atom= 3500.61 meV, RMSE_F=  832.54 meV / A
2025-10-20 23:23:32.064 INFO: Epoch 4: head: Default, loss=11.47844959, RMSE_E_per_atom= 3333.60 meV, RMSE_F=  680.29 meV / A
2025-10-20 23:23:38.895 INFO: Epoch 5: head: Default, loss=15.86192774, RMSE_E_per_atom= 2917.69 meV, RMSE_F=  841.41 meV / A
2025-10-20 23:23:45.652 INFO: Epoch 6: head: Default, loss=11.14876607, RMSE_E_per_atom= 2947.29 meV, RMSE_F=  685.98 meV / A
2025-10-20 23:23:52.365 INFO: Epoch 7: head: Default, loss=12.59454504, RMSE_E_per_atom= 3022.16 meV, RMSE_F=  733.75 meV / A
2025-10-20 23:23:59.154 INFO: Epoch 8: head: Default, loss=8.42778248, RMSE_E_per_atom= 2765.90 meV, RMSE_F=  587.27 meV / A
2025-10-20 23:24:05.863 INFO: Epoch 9: head: Default, loss=10.92013038, RMSE_E_per_atom= 2675.38 meV, RMSE_F=  688.79 meV / A
2025-10-20 23:24:05.864 INFO: Training complete
2025-10-20 23:24:05.864 INFO: 
2025-10-20 23:24:05.865 INFO: ===========RESULTS===========
2025-10-20 23:24:05.899 INFO: Loading checkpoint: ./checkpoints/model02_10epochs_run-123_epoch-8.pt
2025-10-20 23:24:05.907 INFO: Loaded Stage one model from epoch 8 for evaluation
2025-10-20 23:24:05.908 INFO: Saving model to checkpoints/model02_10epochs_run-123.model
2025-10-20 23:24:06.008 INFO: Compiling model, saving metadata to model02_10epochs_compiled.model
2025-10-20 23:24:06.440 INFO: Computing metrics for training, validation, and test sets
2025-10-20 23:24:06.441 INFO: Skipping evaluation for heads: ['pt_head']
2025-10-20 23:24:06.441 INFO: Evaluating train_Default ...
2025-10-20 23:24:09.089 INFO: Evaluating valid_Default ...
2025-10-20 23:24:09.126 INFO: Error-table on TRAIN and VALID:
+---------------+---------------------+------------------+-------------------+
|  config_type  | RMSE E / meV / atom | RMSE F / meV / A | relative F RMSE % |
+---------------+---------------------+------------------+-------------------+
| train_Default |       130092.9      |    9834371.0     |     571423.54     |
| valid_Default |         2765.9      |        587.3     |         46.23     |
+---------------+---------------------+------------------+-------------------+
2025-10-20 23:24:09.126 INFO: Evaluating Fe13Si1B1_Default ...
2025-10-20 23:24:10.204 INFO: Error-table on TEST:
+-------------------+---------------------+------------------+-------------------+
|    config_type    | RMSE E / meV / atom | RMSE F / meV / A | relative F RMSE % |
+-------------------+---------------------+------------------+-------------------+
| Fe13Si1B1_Default |        12133.4      |       2667.3     |         89.33     |
+-------------------+---------------------+------------------+-------------------+
2025-10-20 23:24:10.416 INFO: Done
