2025-10-19 22:32:08.529 INFO: ===========VERIFYING SETTINGS===========
2025-10-19 22:32:08.530 INFO: MACE version: 0.3.14
2025-10-19 22:32:08.530 DEBUG: Configuration: Namespace(config='config_new_model.yml', name='model01', seed=123, work_dir='.', log_dir='./logs', model_dir='.', checkpoints_dir='./checkpoints', results_dir='./results', downloads_dir='./downloads', device='cpu', default_dtype='float64', distributed=False, launcher='slurm', log_level='INFO', plot=True, plot_frequency=0, plot_interaction_e=False, error_table='PerAtomRMSE', model='MACE', r_max=4.0, radial_type='bessel', num_radial_basis=8, num_cutoff_basis=5, pair_repulsion=False, distance_transform='None', apply_cutoff=True, use_last_readout_only=False, use_embedding_readout=False, interaction='RealAgnosticResidualInteractionBlock', interaction_first='RealAgnosticResidualInteractionBlock', max_ell=3, correlation=3, use_reduced_cg=False, use_so3=False, use_agnostic_product=False, num_interactions=2, MLP_irreps='16x0e', radial_MLP='[64, 64, 64]', hidden_irreps=32x0e, edge_irreps=None, num_channels=32, max_L=0, gate='silu', scaling='rms_forces_scaling', avg_num_neighbors=1, compute_avg_num_neighbors=True, compute_stress=False, compute_forces=True, compute_polarizability=<function str2bool at 0x35c11dca0>, compute_atomic_dipole=<function str2bool at 0x35c11dca0>, train_file='training_01.xyz', valid_file=None, valid_fraction=0.01, test_file='test_01.xyz', test_dir=None, multi_processed_test=False, num_workers=0, pin_memory=True, atomic_numbers=None, mean=None, std=None, statistics_file=None, les_arguments=None, E0s=None, pseudolabel_replay=False, foundation_filter_elements=True, heads=None, multiheads_finetuning=True, foundation_head=None, weight_pt_head=1.0, real_pt_data_ratio_threshold=0.1, num_samples_pt=10000, force_mh_ft_lr=False, subselect_pt='random', filter_type_pt='none', allow_random_padding_pt=True, pt_train_file=None, pt_valid_file=None, foundation_model_elements=False, keep_isolated_atoms=False, energy_key='energy', forces_key='forces', virials_key='REF_virials', stress_key='REF_stress', dipole_key='dipole', polarizability_key='polarizability', head_key='head', charges_key='REF_charges', elec_temp_key='elec_temp', total_spin_key='total_spin', total_charge_key='total_charge', embedding_specs=None, skip_evaluate_heads='pt_head', loss='weighted', forces_weight=100.0, swa_forces_weight=100.0, energy_weight=1.0, swa_energy_weight=1000.0, virials_weight=1.0, swa_virials_weight=10.0, stress_weight=1.0, swa_stress_weight=10.0, dipole_weight=1.0, swa_dipole_weight=1.0, swa_polarizability_weight=1.0, polarizability_weight=1.0, config_type_weights='{"Default":1.0}', huber_delta=0.01, optimizer='adam', beta=0.9, batch_size=32, valid_batch_size=10, lr=0.01, swa_lr=0.001, weight_decay=5e-07, amsgrad=True, scheduler='ReduceLROnPlateau', lr_factor=0.8, scheduler_patience=50, lr_scheduler_gamma=0.9993, swa=False, start_swa=None, lbfgs=False, ema=False, ema_decay=0.99, max_num_epochs=5, patience=2048, foundation_model=None, foundation_model_readout=True, eval_interval=1, keep_checkpoints=False, save_all_checkpoints=False, restart_latest=False, save_cpu=False, clip_grad=10.0, dry_run=False, enable_cueq=False, only_cueq=False, enable_oeq=False, wandb=False, wandb_dir=None, wandb_project='', wandb_entity='', wandb_name='', wandb_log_hypers=['num_channels', 'max_L', 'correlation', 'lr', 'swa_lr', 'weight_decay', 'batch_size', 'max_num_epochs', 'start_swa', 'energy_weight', 'forces_weight'], key_specification=KeySpecification(info_keys={'energy': 'energy', 'stress': 'REF_stress', 'virials': 'REF_virials', 'dipole': 'dipole', 'head': 'head', 'elec_temp': 'elec_temp', 'total_charge': 'total_charge', 'polarizability': 'polarizability', 'total_spin': 'total_spin'}, arrays_keys={'forces': 'forces', 'charges': 'REF_charges'}))
2025-10-19 22:32:08.531 INFO: Using CPU
2025-10-19 22:32:08.564 DEBUG: Popen(['git', 'version'], cwd=/Users/Lab/Documents/GitHub/research_files/new_model, stdin=None, shell=False, universal_newlines=False)
2025-10-19 22:32:08.584 DEBUG: Popen(['git', 'version'], cwd=/Users/Lab/Documents/GitHub/research_files/new_model, stdin=None, shell=False, universal_newlines=False)
2025-10-19 22:32:08.596 DEBUG: sys.platform='darwin', git_executable='git'
2025-10-19 22:32:08.598 DEBUG: Popen(['git', 'cat-file', '--batch-check'], cwd=/Users/Lab/Documents/GitHub/research_files, stdin=<valid stream>, shell=False, universal_newlines=False)
2025-10-19 22:32:08.610 DEBUG: Current Git commit: 7d9ac615d436a47cc595551cef6d9080ac388df9
2025-10-19 22:32:08.610 INFO: ===========LOADING INPUT DATA===========
2025-10-19 22:32:08.612 INFO: Using heads: ['Default']
2025-10-19 22:32:08.612 INFO: Using the key specifications to parse data:
2025-10-19 22:32:08.612 INFO: Default: KeySpecification(info_keys={'energy': 'energy', 'stress': 'REF_stress', 'virials': 'REF_virials', 'dipole': 'dipole', 'head': 'head', 'elec_temp': 'elec_temp', 'total_charge': 'total_charge', 'polarizability': 'polarizability', 'total_spin': 'total_spin'}, arrays_keys={'forces': 'forces', 'charges': 'REF_charges'})
2025-10-19 22:32:08.613 INFO: =============    Processing head Default     ===========
2025-10-19 22:32:08.614 DEBUG: Loading training file: training_01.xyz
2025-10-19 22:32:31.249 INFO: ===========VERIFYING SETTINGS===========
2025-10-19 22:32:31.250 INFO: MACE version: 0.3.14
2025-10-19 22:32:31.251 DEBUG: Configuration: Namespace(config='config_new_model.yml', name='model01', seed=123, work_dir='.', log_dir='./logs', model_dir='.', checkpoints_dir='./checkpoints', results_dir='./results', downloads_dir='./downloads', device='cpu', default_dtype='float64', distributed=False, launcher='slurm', log_level='INFO', plot=True, plot_frequency=0, plot_interaction_e=False, error_table='PerAtomRMSE', model='MACE', r_max=4.0, radial_type='bessel', num_radial_basis=8, num_cutoff_basis=5, pair_repulsion=False, distance_transform='None', apply_cutoff=True, use_last_readout_only=False, use_embedding_readout=False, interaction='RealAgnosticResidualInteractionBlock', interaction_first='RealAgnosticResidualInteractionBlock', max_ell=3, correlation=3, use_reduced_cg=False, use_so3=False, use_agnostic_product=False, num_interactions=2, MLP_irreps='16x0e', radial_MLP='[64, 64, 64]', hidden_irreps=32x0e, edge_irreps=None, num_channels=32, max_L=0, gate='silu', scaling='rms_forces_scaling', avg_num_neighbors=1, compute_avg_num_neighbors=True, compute_stress=False, compute_forces=True, compute_polarizability=<function str2bool at 0x35c11dca0>, compute_atomic_dipole=<function str2bool at 0x35c11dca0>, train_file='train_01.xyz', valid_file=None, valid_fraction=0.01, test_file='test_01.xyz', test_dir=None, multi_processed_test=False, num_workers=0, pin_memory=True, atomic_numbers=None, mean=None, std=None, statistics_file=None, les_arguments=None, E0s=None, pseudolabel_replay=False, foundation_filter_elements=True, heads=None, multiheads_finetuning=True, foundation_head=None, weight_pt_head=1.0, real_pt_data_ratio_threshold=0.1, num_samples_pt=10000, force_mh_ft_lr=False, subselect_pt='random', filter_type_pt='none', allow_random_padding_pt=True, pt_train_file=None, pt_valid_file=None, foundation_model_elements=False, keep_isolated_atoms=False, energy_key='energy', forces_key='forces', virials_key='REF_virials', stress_key='REF_stress', dipole_key='dipole', polarizability_key='polarizability', head_key='head', charges_key='REF_charges', elec_temp_key='elec_temp', total_spin_key='total_spin', total_charge_key='total_charge', embedding_specs=None, skip_evaluate_heads='pt_head', loss='weighted', forces_weight=100.0, swa_forces_weight=100.0, energy_weight=1.0, swa_energy_weight=1000.0, virials_weight=1.0, swa_virials_weight=10.0, stress_weight=1.0, swa_stress_weight=10.0, dipole_weight=1.0, swa_dipole_weight=1.0, swa_polarizability_weight=1.0, polarizability_weight=1.0, config_type_weights='{"Default":1.0}', huber_delta=0.01, optimizer='adam', beta=0.9, batch_size=32, valid_batch_size=10, lr=0.01, swa_lr=0.001, weight_decay=5e-07, amsgrad=True, scheduler='ReduceLROnPlateau', lr_factor=0.8, scheduler_patience=50, lr_scheduler_gamma=0.9993, swa=False, start_swa=None, lbfgs=False, ema=False, ema_decay=0.99, max_num_epochs=5, patience=2048, foundation_model=None, foundation_model_readout=True, eval_interval=1, keep_checkpoints=False, save_all_checkpoints=False, restart_latest=False, save_cpu=False, clip_grad=10.0, dry_run=False, enable_cueq=False, only_cueq=False, enable_oeq=False, wandb=False, wandb_dir=None, wandb_project='', wandb_entity='', wandb_name='', wandb_log_hypers=['num_channels', 'max_L', 'correlation', 'lr', 'swa_lr', 'weight_decay', 'batch_size', 'max_num_epochs', 'start_swa', 'energy_weight', 'forces_weight'], key_specification=KeySpecification(info_keys={'energy': 'energy', 'stress': 'REF_stress', 'virials': 'REF_virials', 'dipole': 'dipole', 'head': 'head', 'elec_temp': 'elec_temp', 'total_charge': 'total_charge', 'polarizability': 'polarizability', 'total_spin': 'total_spin'}, arrays_keys={'forces': 'forces', 'charges': 'REF_charges'}))
2025-10-19 22:32:31.251 INFO: Using CPU
2025-10-19 22:32:31.252 DEBUG: sys.platform='darwin', git_executable='git'
2025-10-19 22:32:31.253 DEBUG: Popen(['git', 'cat-file', '--batch-check'], cwd=/Users/Lab/Documents/GitHub/research_files, stdin=<valid stream>, shell=False, universal_newlines=False)
2025-10-19 22:32:31.272 DEBUG: Current Git commit: 7d9ac615d436a47cc595551cef6d9080ac388df9
2025-10-19 22:32:31.273 INFO: ===========LOADING INPUT DATA===========
2025-10-19 22:32:31.274 INFO: Using heads: ['Default']
2025-10-19 22:32:31.275 INFO: Using the key specifications to parse data:
2025-10-19 22:32:31.275 INFO: Default: KeySpecification(info_keys={'energy': 'energy', 'stress': 'REF_stress', 'virials': 'REF_virials', 'dipole': 'dipole', 'head': 'head', 'elec_temp': 'elec_temp', 'total_charge': 'total_charge', 'polarizability': 'polarizability', 'total_spin': 'total_spin'}, arrays_keys={'forces': 'forces', 'charges': 'REF_charges'})
2025-10-19 22:32:31.275 INFO: =============    Processing head Default     ===========
2025-10-19 22:32:31.276 DEBUG: Loading training file: train_01.xyz
2025-10-19 22:32:31.324 WARNING: Since ASE version 3.23.0b1, using energy_key 'energy' is no longer safe when communicating between MACE and ASE. We recommend using a different key, rewriting 'energy' to 'REF_energy'. You need to use --energy_key='REF_energy' to specify the chosen key name.
2025-10-19 22:32:31.344 WARNING: Since ASE version 3.23.0b1, using forces_key 'forces' is no longer safe when communicating between MACE and ASE. We recommend using a different key, rewriting 'forces' to 'REF_forces'. You need to use --forces_key='REF_forces' to specify the chosen key name.
2025-10-19 22:32:31.369 INFO: Training set 1/1 [energy: 250, stress: 0, virials: 0, dipole components: 0, head: 250, elec_temp: 0, total_charge: 0, polarizability: 0, total_spin: 0, forces: 250, charges: 0]
2025-10-19 22:32:31.370 INFO: Total Training set [energy: 250, stress: 0, virials: 0, dipole components: 0, head: 250, elec_temp: 0, total_charge: 0, polarizability: 0, total_spin: 0, forces: 250, charges: 0]
2025-10-19 22:32:31.370 INFO: No validation set provided, splitting training data instead.
2025-10-19 22:32:31.371 INFO: Using random 1% of training set for validation with following indices: [153, 205]
2025-10-19 22:32:31.372 INFO: Random Split Training set [energy: 248, stress: 0, virials: 0, dipole components: 0, head: 248, elec_temp: 0, total_charge: 0, polarizability: 0, total_spin: 0, forces: 248, charges: 0]
2025-10-19 22:32:31.372 INFO: Random Split Validation set [energy: 2, stress: 0, virials: 0, dipole components: 0, head: 2, elec_temp: 0, total_charge: 0, polarizability: 0, total_spin: 0, forces: 2, charges: 0]
2025-10-19 22:32:31.437 WARNING: Since ASE version 3.23.0b1, using energy_key 'energy' is no longer safe when communicating between MACE and ASE. We recommend using a different key, rewriting 'energy' to 'REF_energy'. You need to use --energy_key='REF_energy' to specify the chosen key name.
2025-10-19 22:32:31.466 WARNING: Since ASE version 3.23.0b1, using forces_key 'forces' is no longer safe when communicating between MACE and ASE. We recommend using a different key, rewriting 'forces' to 'REF_forces'. You need to use --forces_key='REF_forces' to specify the chosen key name.
2025-10-19 22:32:31.502 INFO: Test set 1/1 [energy: 403, stress: 0, virials: 0, dipole components: 0, head: 403, elec_temp: 0, total_charge: 0, polarizability: 0, total_spin: 0, forces: 403, charges: 0]
2025-10-19 22:32:31.504 INFO: Total Test set [energy: 403, stress: 0, virials: 0, dipole components: 0, head: 403, elec_temp: 0, total_charge: 0, polarizability: 0, total_spin: 0, forces: 403, charges: 0]
2025-10-19 22:32:31.504 INFO: Total number of configurations: train=248, valid=2, tests=[Fe5B5_Default: 13, Fe5B4Si1_Default: 45, Fe5B3Si2_Default: 45, B2Fe30_Default: 15, Fe5B2Si3_Default: 45, Fe12Si4_Default: 11, Fe13Si1B1_Default: 229],
2025-10-19 22:32:31.505 WARNING: Validation batch size (10) is larger than the number of validation data (2)
2025-10-19 22:32:31.505 INFO: Atomic Numbers used: [5, 14, 26]
2025-10-19 22:41:34.152 INFO: ===========VERIFYING SETTINGS===========
2025-10-19 22:41:34.153 INFO: MACE version: 0.3.14
2025-10-19 22:41:34.153 DEBUG: Configuration: Namespace(config='config_new_model.yml', name='model01', seed=123, work_dir='.', log_dir='./logs', model_dir='.', checkpoints_dir='./checkpoints', results_dir='./results', downloads_dir='./downloads', device='cpu', default_dtype='float64', distributed=False, launcher='slurm', log_level='INFO', plot=True, plot_frequency=0, plot_interaction_e=False, error_table='PerAtomRMSE', model='MACE', r_max=4.0, radial_type='bessel', num_radial_basis=8, num_cutoff_basis=5, pair_repulsion=False, distance_transform='None', apply_cutoff=True, use_last_readout_only=False, use_embedding_readout=False, interaction='RealAgnosticResidualInteractionBlock', interaction_first='RealAgnosticResidualInteractionBlock', max_ell=3, correlation=3, use_reduced_cg=False, use_so3=False, use_agnostic_product=False, num_interactions=2, MLP_irreps='16x0e', radial_MLP='[64, 64, 64]', hidden_irreps=32x0e, edge_irreps=None, num_channels=32, max_L=0, gate='silu', scaling='rms_forces_scaling', avg_num_neighbors=1, compute_avg_num_neighbors=True, compute_stress=False, compute_forces=True, compute_polarizability=<function str2bool at 0x35c11dca0>, compute_atomic_dipole=<function str2bool at 0x35c11dca0>, train_file='train_01.xyz', valid_file=None, valid_fraction=0.01, test_file='test_01.xyz', test_dir=None, multi_processed_test=False, num_workers=0, pin_memory=True, atomic_numbers=None, mean=None, std=None, statistics_file=None, les_arguments=None, E0s=None, pseudolabel_replay=False, foundation_filter_elements=True, heads=None, multiheads_finetuning=True, foundation_head=None, weight_pt_head=1.0, real_pt_data_ratio_threshold=0.1, num_samples_pt=10000, force_mh_ft_lr=False, subselect_pt='random', filter_type_pt='none', allow_random_padding_pt=True, pt_train_file=None, pt_valid_file=None, foundation_model_elements=False, keep_isolated_atoms=False, energy_key='energy', forces_key='forces', virials_key='REF_virials', stress_key='REF_stress', dipole_key='dipole', polarizability_key='polarizability', head_key='head', charges_key='REF_charges', elec_temp_key='elec_temp', total_spin_key='total_spin', total_charge_key='total_charge', embedding_specs=None, skip_evaluate_heads='pt_head', loss='weighted', forces_weight=100.0, swa_forces_weight=100.0, energy_weight=1.0, swa_energy_weight=1000.0, virials_weight=1.0, swa_virials_weight=10.0, stress_weight=1.0, swa_stress_weight=10.0, dipole_weight=1.0, swa_dipole_weight=1.0, swa_polarizability_weight=1.0, polarizability_weight=1.0, config_type_weights='{"Default":1.0}', huber_delta=0.01, optimizer='adam', beta=0.9, batch_size=32, valid_batch_size=10, lr=0.01, swa_lr=0.001, weight_decay=5e-07, amsgrad=True, scheduler='ReduceLROnPlateau', lr_factor=0.8, scheduler_patience=50, lr_scheduler_gamma=0.9993, swa=False, start_swa=None, lbfgs=False, ema=False, ema_decay=0.99, max_num_epochs=5, patience=2048, foundation_model=None, foundation_model_readout=True, eval_interval=1, keep_checkpoints=False, save_all_checkpoints=False, restart_latest=False, save_cpu=False, clip_grad=10.0, dry_run=False, enable_cueq=False, only_cueq=False, enable_oeq=False, wandb=False, wandb_dir=None, wandb_project='', wandb_entity='', wandb_name='', wandb_log_hypers=['num_channels', 'max_L', 'correlation', 'lr', 'swa_lr', 'weight_decay', 'batch_size', 'max_num_epochs', 'start_swa', 'energy_weight', 'forces_weight'], key_specification=KeySpecification(info_keys={'energy': 'energy', 'stress': 'REF_stress', 'virials': 'REF_virials', 'dipole': 'dipole', 'head': 'head', 'elec_temp': 'elec_temp', 'total_charge': 'total_charge', 'polarizability': 'polarizability', 'total_spin': 'total_spin'}, arrays_keys={'forces': 'forces', 'charges': 'REF_charges'}))
2025-10-19 22:41:34.153 INFO: Using CPU
2025-10-19 22:41:34.154 DEBUG: sys.platform='darwin', git_executable='git'
2025-10-19 22:41:34.155 DEBUG: Popen(['git', 'cat-file', '--batch-check'], cwd=/Users/Lab/Documents/GitHub/research_files, stdin=<valid stream>, shell=False, universal_newlines=False)
2025-10-19 22:41:34.171 DEBUG: Current Git commit: 7d9ac615d436a47cc595551cef6d9080ac388df9
2025-10-19 22:41:34.171 INFO: ===========LOADING INPUT DATA===========
2025-10-19 22:41:34.173 INFO: Using heads: ['Default']
2025-10-19 22:41:34.173 INFO: Using the key specifications to parse data:
2025-10-19 22:41:34.173 INFO: Default: KeySpecification(info_keys={'energy': 'energy', 'stress': 'REF_stress', 'virials': 'REF_virials', 'dipole': 'dipole', 'head': 'head', 'elec_temp': 'elec_temp', 'total_charge': 'total_charge', 'polarizability': 'polarizability', 'total_spin': 'total_spin'}, arrays_keys={'forces': 'forces', 'charges': 'REF_charges'})
2025-10-19 22:41:34.174 INFO: =============    Processing head Default     ===========
2025-10-19 22:41:34.174 DEBUG: Loading training file: train_01.xyz
2025-10-19 22:41:34.221 WARNING: Since ASE version 3.23.0b1, using energy_key 'energy' is no longer safe when communicating between MACE and ASE. We recommend using a different key, rewriting 'energy' to 'REF_energy'. You need to use --energy_key='REF_energy' to specify the chosen key name.
2025-10-19 22:41:34.240 WARNING: Since ASE version 3.23.0b1, using forces_key 'forces' is no longer safe when communicating between MACE and ASE. We recommend using a different key, rewriting 'forces' to 'REF_forces'. You need to use --forces_key='REF_forces' to specify the chosen key name.
2025-10-19 22:41:34.258 WARNING: Configuration '0' is marked as 'IsolatedAtom' but does not contain an energy. Zero energy will be used.
2025-10-19 22:41:34.259 WARNING: Configuration '1' is marked as 'IsolatedAtom' but does not contain an energy. Zero energy will be used.
2025-10-19 22:41:34.259 WARNING: Configuration '2' is marked as 'IsolatedAtom' but does not contain an energy. Zero energy will be used.
2025-10-19 22:41:34.260 INFO: Using isolated atom energies from training file
2025-10-19 22:41:34.265 INFO: Training set 1/1 [energy: 247, stress: 0, virials: 0, dipole components: 0, head: 247, elec_temp: 0, total_charge: 0, polarizability: 0, total_spin: 0, forces: 247, charges: 0]
2025-10-19 22:41:34.267 INFO: Total Training set [energy: 247, stress: 0, virials: 0, dipole components: 0, head: 247, elec_temp: 0, total_charge: 0, polarizability: 0, total_spin: 0, forces: 247, charges: 0]
2025-10-19 22:41:34.267 INFO: No validation set provided, splitting training data instead.
2025-10-19 22:41:34.267 INFO: Using random 1% of training set for validation with following indices: [153, 205]
2025-10-19 22:41:34.268 INFO: Random Split Training set [energy: 245, stress: 0, virials: 0, dipole components: 0, head: 245, elec_temp: 0, total_charge: 0, polarizability: 0, total_spin: 0, forces: 245, charges: 0]
2025-10-19 22:41:34.268 INFO: Random Split Validation set [energy: 2, stress: 0, virials: 0, dipole components: 0, head: 2, elec_temp: 0, total_charge: 0, polarizability: 0, total_spin: 0, forces: 2, charges: 0]
2025-10-19 22:41:34.335 WARNING: Since ASE version 3.23.0b1, using energy_key 'energy' is no longer safe when communicating between MACE and ASE. We recommend using a different key, rewriting 'energy' to 'REF_energy'. You need to use --energy_key='REF_energy' to specify the chosen key name.
2025-10-19 22:41:34.366 WARNING: Since ASE version 3.23.0b1, using forces_key 'forces' is no longer safe when communicating between MACE and ASE. We recommend using a different key, rewriting 'forces' to 'REF_forces'. You need to use --forces_key='REF_forces' to specify the chosen key name.
2025-10-19 22:41:34.401 INFO: Test set 1/1 [energy: 403, stress: 0, virials: 0, dipole components: 0, head: 403, elec_temp: 0, total_charge: 0, polarizability: 0, total_spin: 0, forces: 403, charges: 0]
2025-10-19 22:41:34.403 INFO: Total Test set [energy: 403, stress: 0, virials: 0, dipole components: 0, head: 403, elec_temp: 0, total_charge: 0, polarizability: 0, total_spin: 0, forces: 403, charges: 0]
2025-10-19 22:41:34.404 DEBUG: Element 26 found in 1 file. Using E0: 0.000000 eV
2025-10-19 22:41:34.404 DEBUG: Element 14 found in 1 file. Using E0: 0.000000 eV
2025-10-19 22:41:34.404 DEBUG: Element 5 found in 1 file. Using E0: 0.000000 eV
2025-10-19 22:41:34.404 INFO: Total number of configurations: train=245, valid=2, tests=[Fe5B5_Default: 13, Fe5B4Si1_Default: 45, Fe5B3Si2_Default: 45, B2Fe30_Default: 15, Fe5B2Si3_Default: 45, Fe12Si4_Default: 11, Fe13Si1B1_Default: 229],
2025-10-19 22:41:34.404 WARNING: Validation batch size (10) is larger than the number of validation data (2)
2025-10-19 22:41:34.405 INFO: Atomic Numbers used: [5, 14, 26]
2025-10-19 22:41:34.406 INFO: Atomic Energies used (z: eV) for head Default: {5: 0.0, 14: 0.0, 26: 0.0}
2025-10-19 22:41:34.406 INFO: Processing datasets for head 'Default'
2025-10-19 22:41:34.560 DEBUG: Successfully loaded dataset from ASE files: ['train_01.xyz']
2025-10-19 22:41:34.560 INFO: Combining 1 list datasets for head 'Default'
2025-10-19 22:41:34.566 INFO: Head 'Default' training dataset size: 245
2025-10-19 22:41:34.568 INFO: Computing average number of neighbors
2025-10-19 22:41:34.712 INFO: Average number of neighbors: 19.66931216931217
2025-10-19 22:41:34.713 INFO: During training the following quantities will be reported: energy, forces
2025-10-19 22:41:34.714 INFO: ===========MODEL DETAILS===========
2025-10-19 22:41:34.745 INFO: Building model
2025-10-19 22:41:34.746 INFO: Message passing with 32 channels and max_L=0 (32x0e)
2025-10-19 22:41:34.746 INFO: 2 layers, each with correlation order: 3 (body order: 4) and spherical harmonics up to: l=3
2025-10-19 22:41:34.746 INFO: 8 radial and 5 basis functions
2025-10-19 22:41:34.747 INFO: Radial cutoff: 4.0 A (total receptive field for each atom: 8.0 A)
2025-10-19 22:41:34.747 INFO: Distance transform for radial basis functions: None
2025-10-19 22:41:34.747 INFO: Hidden irreps: 32x0e
2025-10-19 22:41:35.434 DEBUG: ScaleShiftMACE(
  (node_embedding): LinearNodeEmbeddingBlock(
    (linear): Linear(3x0e -> 32x0e | 96 weights)
  )
  (radial_embedding): RadialEmbeddingBlock(
    (bessel_fn): BesselBasis(r_max=4.0, num_basis=8, trainable=False)
    (cutoff_fn): PolynomialCutoff(p=5, r_max=4.0)
  )
  (spherical_harmonics): SphericalHarmonics()
  (atomic_energies_fn): AtomicEnergiesBlock(energies=[[0.0000, 0.0000, 0.0000]])
  (interactions): ModuleList(
    (0): RealAgnosticInteractionBlock(
      (linear_up): Linear(32x0e -> 32x0e | 1024 weights)
      (conv_tp): TensorProduct(32x0e x 1x0e+1x1o+1x2e+1x3o -> 32x0e+32x1o+32x2e+32x3o | 128 paths | 128 weights)
      (conv_tp_weights): FullyConnectedNet[8, 64, 64, 64, 128]
      (linear): Linear(32x0e+32x1o+32x2e+32x3o -> 32x0e+32x1o+32x2e+32x3o | 4096 weights)
      (skip_tp): FullyConnectedTensorProduct(32x0e+32x1o+32x2e+32x3o x 3x0e -> 32x0e+32x1o+32x2e+32x3o | 12288 paths | 12288 weights)
      (reshape): reshape_irreps()
    )
    (1): RealAgnosticResidualInteractionBlock(
      (linear_up): Linear(32x0e -> 32x0e | 1024 weights)
      (conv_tp): TensorProduct(32x0e x 1x0e+1x1o+1x2e+1x3o -> 32x0e+32x1o+32x2e+32x3o | 128 paths | 128 weights)
      (conv_tp_weights): FullyConnectedNet[8, 64, 64, 64, 128]
      (linear): Linear(32x0e+32x1o+32x2e+32x3o -> 32x0e+32x1o+32x2e+32x3o | 4096 weights)
      (skip_tp): FullyConnectedTensorProduct(32x0e x 3x0e -> 32x0e | 3072 paths | 3072 weights)
      (reshape): reshape_irreps()
    )
  )
  (products): ModuleList(
    (0-1): 2 x EquivariantProductBasisBlock(
      (symmetric_contractions): SymmetricContraction(
        (contractions): ModuleList(
          (0): Contraction(
            (contractions_weighting): ModuleList(
              (0-1): 2 x GraphModule()
            )
            (contractions_features): ModuleList(
              (0-1): 2 x GraphModule()
            )
            (weights): ParameterList(
                (0): Parameter containing: [torch.float64 of size 3x4x32]
                (1): Parameter containing: [torch.float64 of size 3x1x32]
            )
            (graph_opt_main): GraphModule()
          )
        )
      )
      (linear): Linear(32x0e -> 32x0e | 1024 weights)
    )
  )
  (readouts): ModuleList(
    (0): LinearReadoutBlock(
      (linear): Linear(32x0e -> 1x0e | 32 weights)
    )
    (1): NonLinearReadoutBlock(
      (linear_1): Linear(32x0e -> 16x0e | 512 weights)
      (non_linearity): Activation [x] (16x0e -> 16x0e)
      (linear_2): Linear(16x0e -> 1x0e | 16 weights)
    )
  )
  (scale_shift): ScaleShiftBlock(scale=1.1570, shift=0.0000)
)
2025-10-19 22:41:35.434 INFO: Total number of parameters: 67472
2025-10-19 22:41:35.435 INFO: 
2025-10-19 22:41:35.436 INFO: ===========OPTIMIZER INFORMATION===========
2025-10-19 22:41:35.436 INFO: Using ADAM as parameter optimizer
2025-10-19 22:41:35.436 INFO: Batch size: 32
2025-10-19 22:41:35.436 INFO: Number of gradient updates: 38
2025-10-19 22:41:35.437 INFO: Learning rate: 0.01, weight decay: 5e-07
2025-10-19 22:41:35.437 INFO: WeightedEnergyForcesLoss(energy_weight=1.000, forces_weight=100.000)
2025-10-19 22:41:35.438 INFO: Using gradient clipping with tolerance=10.000
2025-10-19 22:41:35.438 INFO: 
2025-10-19 22:41:35.438 INFO: ===========TRAINING===========
2025-10-19 22:41:35.439 INFO: Started training, reporting errors on validation set
2025-10-19 22:41:35.439 INFO: Loss metrics on validation set
2025-10-19 22:41:35.572 INFO: Initial: head: Default, loss=21.89348023, RMSE_E_per_atom= 6019.38 meV, RMSE_F=  274.84 meV / A
2025-10-19 22:41:39.496 INFO: Epoch 0: head: Default, loss=24.33524055, RMSE_E_per_atom= 6086.47 meV, RMSE_F=  340.96 meV / A
2025-10-19 22:41:39.497 DEBUG: Saving checkpoint: ./checkpoints/model01_run-123_epoch-0.pt
2025-10-19 22:41:42.772 INFO: Epoch 1: head: Default, loss=39.11001626, RMSE_E_per_atom= 6182.17 meV, RMSE_F=  632.46 meV / A
2025-10-19 22:41:46.250 INFO: Epoch 2: head: Default, loss=58.74532433, RMSE_E_per_atom= 5990.25 meV, RMSE_F=  903.37 meV / A
2025-10-19 22:41:49.565 INFO: Epoch 3: head: Default, loss=76.64829092, RMSE_E_per_atom= 5717.08 meV, RMSE_F= 1098.23 meV / A
2025-10-19 22:41:52.897 INFO: Epoch 4: head: Default, loss=52.79214832, RMSE_E_per_atom= 5379.55 meV, RMSE_F=  875.47 meV / A
2025-10-19 22:41:52.897 INFO: Training complete
2025-10-19 22:41:52.898 INFO: 
2025-10-19 22:41:52.898 INFO: ===========RESULTS===========
2025-10-19 22:41:53.045 INFO: Loading checkpoint: ./checkpoints/model01_run-123_epoch-0.pt
2025-10-19 22:41:53.069 INFO: Loaded Stage one model from epoch 0 for evaluation
2025-10-19 22:41:53.071 INFO: Saving model to checkpoints/model01_run-123.model
2025-10-19 22:41:53.230 INFO: Compiling model, saving metadata to model01_compiled.model
2025-10-19 22:41:53.714 INFO: Computing metrics for training, validation, and test sets
2025-10-19 22:41:53.715 INFO: Skipping evaluation for heads: ['pt_head']
2025-10-19 22:41:53.715 INFO: Evaluating train_Default ...
2025-10-19 22:41:55.065 INFO: Evaluating valid_Default ...
2025-10-19 22:41:55.097 INFO: Error-table on TRAIN and VALID:
+---------------+---------------------+------------------+-------------------+
|  config_type  | RMSE E / meV / atom | RMSE F / meV / A | relative F RMSE % |
+---------------+---------------------+------------------+-------------------+
| train_Default |         6265.0      |    1839749.2     |     163766.79     |
| valid_Default |         6086.5      |        341.0     |        123.98     |
+---------------+---------------------+------------------+-------------------+
2025-10-19 22:41:55.098 INFO: Evaluating B2Fe30_Default ...
2025-10-19 22:41:55.321 INFO: Evaluating Fe12Si4_Default ...
2025-10-19 22:41:55.508 INFO: Evaluating Fe13Si1B1_Default ...
2025-10-19 22:41:57.312 INFO: Evaluating Fe5B2Si3_Default ...
2025-10-19 22:41:57.542 INFO: Evaluating Fe5B3Si2_Default ...
2025-10-19 22:41:57.780 INFO: Evaluating Fe5B4Si1_Default ...
2025-10-19 22:41:58.023 INFO: Evaluating Fe5B5_Default ...
2025-10-19 22:41:58.103 INFO: Error-table on TEST:
+-------------------+---------------------+------------------+-------------------+
|    config_type    | RMSE E / meV / atom | RMSE F / meV / A | relative F RMSE % |
+-------------------+---------------------+------------------+-------------------+
|   B2Fe30_Default  |         7869.1      |        406.5     |         97.23     |
|  Fe12Si4_Default  |         7916.9      |        149.6     |   14959257285.93  |
| Fe13Si1B1_Default |        11613.4      |       2349.6     |         98.14     |
|  Fe5B2Si3_Default |       437528.5      |       4919.0     |         99.81     |
|  Fe5B3Si2_Default |        36191.2      |       2102.6     |         98.72     |
|  Fe5B4Si1_Default |         4644.3      |       2007.7     |         98.35     |
|   Fe5B5_Default   |         4410.3      |       2206.3     |         98.15     |
+-------------------+---------------------+------------------+-------------------+
2025-10-19 22:41:58.104 DEBUG: Running inference on train_Default dataset
2025-10-19 22:41:58.329 DEBUG: Plotting failed: too many indices for tensor of dimension 1
2025-10-19 22:41:58.329 INFO: Done
2025-10-19 23:52:25.785 INFO: Using CPU
2025-10-20 01:40:17.208 INFO: ===========VERIFYING SETTINGS===========
2025-10-20 01:40:17.209 INFO: MACE version: 0.3.14
2025-10-20 01:40:17.209 DEBUG: Configuration: Namespace(config='config_new_model.yml', name='model01', seed=123, work_dir='.', log_dir='./logs', model_dir='.', checkpoints_dir='./checkpoints', results_dir='./results', downloads_dir='./downloads', device='cpu', default_dtype='float64', distributed=False, launcher='slurm', log_level='INFO', plot=True, plot_frequency=0, plot_interaction_e=False, error_table='PerAtomRMSE', model='MACE', r_max=4.0, radial_type='bessel', num_radial_basis=8, num_cutoff_basis=5, pair_repulsion=False, distance_transform='None', apply_cutoff=True, use_last_readout_only=False, use_embedding_readout=False, interaction='RealAgnosticResidualInteractionBlock', interaction_first='RealAgnosticResidualInteractionBlock', max_ell=3, correlation=3, use_reduced_cg=False, use_so3=False, use_agnostic_product=False, num_interactions=2, MLP_irreps='16x0e', radial_MLP='[64, 64, 64]', hidden_irreps=32x0e, edge_irreps=None, num_channels=32, max_L=0, gate='silu', scaling='rms_forces_scaling', avg_num_neighbors=1, compute_avg_num_neighbors=True, compute_stress=False, compute_forces=True, compute_polarizability=<function str2bool at 0x377dbf0d0>, compute_atomic_dipole=<function str2bool at 0x377dbf0d0>, train_file='train_01.xyz', valid_file=None, valid_fraction=0.01, test_file='test_01.xyz', test_dir=None, multi_processed_test=False, num_workers=0, pin_memory=True, atomic_numbers=None, mean=None, std=None, statistics_file=None, les_arguments=None, E0s=None, pseudolabel_replay=False, foundation_filter_elements=True, heads=None, multiheads_finetuning=True, foundation_head=None, weight_pt_head=1.0, real_pt_data_ratio_threshold=0.1, num_samples_pt=10000, force_mh_ft_lr=False, subselect_pt='random', filter_type_pt='none', allow_random_padding_pt=True, pt_train_file=None, pt_valid_file=None, foundation_model_elements=False, keep_isolated_atoms=False, energy_key='energy', forces_key='forces', virials_key='REF_virials', stress_key='REF_stress', dipole_key='dipole', polarizability_key='polarizability', head_key='head', charges_key='REF_charges', elec_temp_key='elec_temp', total_spin_key='total_spin', total_charge_key='total_charge', embedding_specs=None, skip_evaluate_heads='pt_head', loss='weighted', forces_weight=100.0, swa_forces_weight=100.0, energy_weight=1.0, swa_energy_weight=1000.0, virials_weight=1.0, swa_virials_weight=10.0, stress_weight=1.0, swa_stress_weight=10.0, dipole_weight=1.0, swa_dipole_weight=1.0, swa_polarizability_weight=1.0, polarizability_weight=1.0, config_type_weights='{"Default":1.0}', huber_delta=0.01, optimizer='adam', beta=0.9, batch_size=32, valid_batch_size=10, lr=0.01, swa_lr=0.001, weight_decay=5e-07, amsgrad=True, scheduler='ReduceLROnPlateau', lr_factor=0.8, scheduler_patience=50, lr_scheduler_gamma=0.9993, swa=False, start_swa=None, lbfgs=False, ema=False, ema_decay=0.99, max_num_epochs=100, patience=2048, foundation_model=None, foundation_model_readout=True, eval_interval=1, keep_checkpoints=False, save_all_checkpoints=False, restart_latest=False, save_cpu=False, clip_grad=10.0, dry_run=False, enable_cueq=False, only_cueq=False, enable_oeq=False, wandb=False, wandb_dir=None, wandb_project='', wandb_entity='', wandb_name='', wandb_log_hypers=['num_channels', 'max_L', 'correlation', 'lr', 'swa_lr', 'weight_decay', 'batch_size', 'max_num_epochs', 'start_swa', 'energy_weight', 'forces_weight'], key_specification=KeySpecification(info_keys={'energy': 'energy', 'stress': 'REF_stress', 'virials': 'REF_virials', 'dipole': 'dipole', 'head': 'head', 'elec_temp': 'elec_temp', 'total_charge': 'total_charge', 'polarizability': 'polarizability', 'total_spin': 'total_spin'}, arrays_keys={'forces': 'forces', 'charges': 'REF_charges'}))
2025-10-20 01:40:17.210 INFO: Using CPU
2025-10-20 01:40:17.240 DEBUG: Popen(['git', 'version'], cwd=/Users/Lab/Documents/GitHub/research_files/new_model, stdin=None, shell=False, universal_newlines=False)
2025-10-20 01:40:17.259 DEBUG: Popen(['git', 'version'], cwd=/Users/Lab/Documents/GitHub/research_files/new_model, stdin=None, shell=False, universal_newlines=False)
2025-10-20 01:40:17.272 DEBUG: sys.platform='darwin', git_executable='git'
2025-10-20 01:40:17.273 DEBUG: Popen(['git', 'cat-file', '--batch-check'], cwd=/Users/Lab/Documents/GitHub/research_files, stdin=<valid stream>, shell=False, universal_newlines=False)
2025-10-20 01:40:17.286 DEBUG: Current Git commit: 2d1bceb7d2910188615139404db8be734d9f6022
2025-10-20 01:40:17.286 INFO: ===========LOADING INPUT DATA===========
2025-10-20 01:40:17.287 INFO: Using heads: ['Default']
2025-10-20 01:40:17.287 INFO: Using the key specifications to parse data:
2025-10-20 01:40:17.287 INFO: Default: KeySpecification(info_keys={'energy': 'energy', 'stress': 'REF_stress', 'virials': 'REF_virials', 'dipole': 'dipole', 'head': 'head', 'elec_temp': 'elec_temp', 'total_charge': 'total_charge', 'polarizability': 'polarizability', 'total_spin': 'total_spin'}, arrays_keys={'forces': 'forces', 'charges': 'REF_charges'})
2025-10-20 01:40:17.288 INFO: =============    Processing head Default     ===========
2025-10-20 01:40:17.288 DEBUG: Loading training file: train_01.xyz
2025-10-20 01:40:17.333 WARNING: Since ASE version 3.23.0b1, using energy_key 'energy' is no longer safe when communicating between MACE and ASE. We recommend using a different key, rewriting 'energy' to 'REF_energy'. You need to use --energy_key='REF_energy' to specify the chosen key name.
2025-10-20 01:40:17.352 WARNING: Since ASE version 3.23.0b1, using forces_key 'forces' is no longer safe when communicating between MACE and ASE. We recommend using a different key, rewriting 'forces' to 'REF_forces'. You need to use --forces_key='REF_forces' to specify the chosen key name.
2025-10-20 01:40:17.370 WARNING: Configuration '0' is marked as 'IsolatedAtom' but does not contain an energy. Zero energy will be used.
2025-10-20 01:40:17.371 WARNING: Configuration '1' is marked as 'IsolatedAtom' but does not contain an energy. Zero energy will be used.
2025-10-20 01:40:17.371 WARNING: Configuration '2' is marked as 'IsolatedAtom' but does not contain an energy. Zero energy will be used.
2025-10-20 01:40:17.371 INFO: Using isolated atom energies from training file
2025-10-20 01:40:17.377 INFO: Training set 1/1 [energy: 247, stress: 0, virials: 0, dipole components: 0, head: 247, elec_temp: 0, total_charge: 0, polarizability: 0, total_spin: 0, forces: 247, charges: 0]
2025-10-20 01:40:17.378 INFO: Total Training set [energy: 247, stress: 0, virials: 0, dipole components: 0, head: 247, elec_temp: 0, total_charge: 0, polarizability: 0, total_spin: 0, forces: 247, charges: 0]
2025-10-20 01:40:17.378 INFO: No validation set provided, splitting training data instead.
2025-10-20 01:40:17.379 INFO: Using random 1% of training set for validation with following indices: [153, 205]
2025-10-20 01:40:17.379 INFO: Random Split Training set [energy: 245, stress: 0, virials: 0, dipole components: 0, head: 245, elec_temp: 0, total_charge: 0, polarizability: 0, total_spin: 0, forces: 245, charges: 0]
2025-10-20 01:40:17.380 INFO: Random Split Validation set [energy: 2, stress: 0, virials: 0, dipole components: 0, head: 2, elec_temp: 0, total_charge: 0, polarizability: 0, total_spin: 0, forces: 2, charges: 0]
2025-10-20 01:40:17.443 WARNING: Since ASE version 3.23.0b1, using energy_key 'energy' is no longer safe when communicating between MACE and ASE. We recommend using a different key, rewriting 'energy' to 'REF_energy'. You need to use --energy_key='REF_energy' to specify the chosen key name.
2025-10-20 01:40:17.472 WARNING: Since ASE version 3.23.0b1, using forces_key 'forces' is no longer safe when communicating between MACE and ASE. We recommend using a different key, rewriting 'forces' to 'REF_forces'. You need to use --forces_key='REF_forces' to specify the chosen key name.
2025-10-20 01:40:17.508 INFO: Test set 1/1 [energy: 403, stress: 0, virials: 0, dipole components: 0, head: 403, elec_temp: 0, total_charge: 0, polarizability: 0, total_spin: 0, forces: 403, charges: 0]
2025-10-20 01:40:17.510 INFO: Total Test set [energy: 403, stress: 0, virials: 0, dipole components: 0, head: 403, elec_temp: 0, total_charge: 0, polarizability: 0, total_spin: 0, forces: 403, charges: 0]
2025-10-20 01:40:17.510 DEBUG: Element 26 found in 1 file. Using E0: 0.000000 eV
2025-10-20 01:40:17.510 DEBUG: Element 14 found in 1 file. Using E0: 0.000000 eV
2025-10-20 01:40:17.510 DEBUG: Element 5 found in 1 file. Using E0: 0.000000 eV
2025-10-20 01:40:17.511 INFO: Total number of configurations: train=245, valid=2, tests=[Fe5B5_Default: 13, Fe5B4Si1_Default: 45, Fe5B3Si2_Default: 45, B2Fe30_Default: 15, Fe5B2Si3_Default: 45, Fe12Si4_Default: 11, Fe13Si1B1_Default: 229],
2025-10-20 01:40:17.511 WARNING: Validation batch size (10) is larger than the number of validation data (2)
2025-10-20 01:40:17.512 INFO: Atomic Numbers used: [5, 14, 26]
2025-10-20 01:40:17.512 INFO: Atomic Energies used (z: eV) for head Default: {5: 0.0, 14: 0.0, 26: 0.0}
2025-10-20 01:40:17.512 INFO: Processing datasets for head 'Default'
2025-10-20 01:40:17.643 DEBUG: Successfully loaded dataset from ASE files: ['train_01.xyz']
2025-10-20 01:40:17.643 INFO: Combining 1 list datasets for head 'Default'
2025-10-20 01:40:17.646 INFO: Head 'Default' training dataset size: 245
2025-10-20 01:40:17.650 INFO: Computing average number of neighbors
2025-10-20 01:40:17.733 INFO: Average number of neighbors: 19.66931216931217
2025-10-20 01:40:17.735 INFO: During training the following quantities will be reported: energy, forces
2025-10-20 01:40:17.736 INFO: ===========MODEL DETAILS===========
2025-10-20 01:40:17.780 INFO: Building model
2025-10-20 01:40:17.782 INFO: Message passing with 32 channels and max_L=0 (32x0e)
2025-10-20 01:40:17.782 INFO: 2 layers, each with correlation order: 3 (body order: 4) and spherical harmonics up to: l=3
2025-10-20 01:40:17.783 INFO: 8 radial and 5 basis functions
2025-10-20 01:40:17.783 INFO: Radial cutoff: 4.0 A (total receptive field for each atom: 8.0 A)
2025-10-20 01:40:17.783 INFO: Distance transform for radial basis functions: None
2025-10-20 01:40:17.784 INFO: Hidden irreps: 32x0e
2025-10-20 01:40:18.471 DEBUG: ScaleShiftMACE(
  (node_embedding): LinearNodeEmbeddingBlock(
    (linear): Linear(3x0e -> 32x0e | 96 weights)
  )
  (radial_embedding): RadialEmbeddingBlock(
    (bessel_fn): BesselBasis(r_max=4.0, num_basis=8, trainable=False)
    (cutoff_fn): PolynomialCutoff(p=5, r_max=4.0)
  )
  (spherical_harmonics): SphericalHarmonics()
  (atomic_energies_fn): AtomicEnergiesBlock(energies=[[0.0000, 0.0000, 0.0000]])
  (interactions): ModuleList(
    (0): RealAgnosticInteractionBlock(
      (linear_up): Linear(32x0e -> 32x0e | 1024 weights)
      (conv_tp): TensorProduct(32x0e x 1x0e+1x1o+1x2e+1x3o -> 32x0e+32x1o+32x2e+32x3o | 128 paths | 128 weights)
      (conv_tp_weights): FullyConnectedNet[8, 64, 64, 64, 128]
      (linear): Linear(32x0e+32x1o+32x2e+32x3o -> 32x0e+32x1o+32x2e+32x3o | 4096 weights)
      (skip_tp): FullyConnectedTensorProduct(32x0e+32x1o+32x2e+32x3o x 3x0e -> 32x0e+32x1o+32x2e+32x3o | 12288 paths | 12288 weights)
      (reshape): reshape_irreps()
    )
    (1): RealAgnosticResidualInteractionBlock(
      (linear_up): Linear(32x0e -> 32x0e | 1024 weights)
      (conv_tp): TensorProduct(32x0e x 1x0e+1x1o+1x2e+1x3o -> 32x0e+32x1o+32x2e+32x3o | 128 paths | 128 weights)
      (conv_tp_weights): FullyConnectedNet[8, 64, 64, 64, 128]
      (linear): Linear(32x0e+32x1o+32x2e+32x3o -> 32x0e+32x1o+32x2e+32x3o | 4096 weights)
      (skip_tp): FullyConnectedTensorProduct(32x0e x 3x0e -> 32x0e | 3072 paths | 3072 weights)
      (reshape): reshape_irreps()
    )
  )
  (products): ModuleList(
    (0-1): 2 x EquivariantProductBasisBlock(
      (symmetric_contractions): SymmetricContraction(
        (contractions): ModuleList(
          (0): Contraction(
            (contractions_weighting): ModuleList(
              (0-1): 2 x GraphModule()
            )
            (contractions_features): ModuleList(
              (0-1): 2 x GraphModule()
            )
            (weights): ParameterList(
                (0): Parameter containing: [torch.float64 of size 3x4x32]
                (1): Parameter containing: [torch.float64 of size 3x1x32]
            )
            (graph_opt_main): GraphModule()
          )
        )
      )
      (linear): Linear(32x0e -> 32x0e | 1024 weights)
    )
  )
  (readouts): ModuleList(
    (0): LinearReadoutBlock(
      (linear): Linear(32x0e -> 1x0e | 32 weights)
    )
    (1): NonLinearReadoutBlock(
      (linear_1): Linear(32x0e -> 16x0e | 512 weights)
      (non_linearity): Activation [x] (16x0e -> 16x0e)
      (linear_2): Linear(16x0e -> 1x0e | 16 weights)
    )
  )
  (scale_shift): ScaleShiftBlock(scale=1.1570, shift=0.0000)
)
2025-10-20 01:40:18.472 INFO: Total number of parameters: 67472
2025-10-20 01:40:18.473 INFO: 
2025-10-20 01:40:18.474 INFO: ===========OPTIMIZER INFORMATION===========
2025-10-20 01:40:18.474 INFO: Using ADAM as parameter optimizer
2025-10-20 01:40:18.474 INFO: Batch size: 32
2025-10-20 01:40:18.475 INFO: Number of gradient updates: 765
2025-10-20 01:40:18.475 INFO: Learning rate: 0.01, weight decay: 5e-07
2025-10-20 01:40:18.475 INFO: WeightedEnergyForcesLoss(energy_weight=1.000, forces_weight=100.000)
2025-10-20 01:40:18.476 INFO: Using gradient clipping with tolerance=10.000
2025-10-20 01:40:18.476 INFO: 
2025-10-20 01:40:18.477 INFO: ===========TRAINING===========
2025-10-20 01:40:18.477 INFO: Started training, reporting errors on validation set
2025-10-20 01:40:18.477 INFO: Loss metrics on validation set
2025-10-20 01:40:18.603 INFO: Initial: head: Default, loss=21.89348023, RMSE_E_per_atom= 6019.38 meV, RMSE_F=  274.84 meV / A
2025-10-20 01:40:22.613 INFO: Epoch 0: head: Default, loss=24.33524055, RMSE_E_per_atom= 6086.47 meV, RMSE_F=  340.96 meV / A
2025-10-20 01:40:22.614 DEBUG: Saving checkpoint: ./checkpoints/model01_run-123_epoch-0.pt
2025-10-20 01:40:25.883 INFO: Epoch 1: head: Default, loss=39.11001626, RMSE_E_per_atom= 6182.17 meV, RMSE_F=  632.46 meV / A
2025-10-20 01:40:29.365 INFO: Epoch 2: head: Default, loss=58.74532433, RMSE_E_per_atom= 5990.25 meV, RMSE_F=  903.37 meV / A
2025-10-20 01:40:32.787 INFO: Epoch 3: head: Default, loss=76.64829092, RMSE_E_per_atom= 5717.08 meV, RMSE_F= 1098.23 meV / A
2025-10-20 01:40:36.222 INFO: Epoch 4: head: Default, loss=52.79214832, RMSE_E_per_atom= 5379.55 meV, RMSE_F=  875.47 meV / A
2025-10-20 01:40:39.624 INFO: Epoch 5: head: Default, loss=35.35017420, RMSE_E_per_atom= 5125.53 meV, RMSE_F=  666.55 meV / A
2025-10-20 01:40:43.045 INFO: Epoch 6: head: Default, loss=37.61711574, RMSE_E_per_atom= 4627.44 meV, RMSE_F=  733.63 meV / A
2025-10-20 01:40:46.384 INFO: Epoch 7: head: Default, loss=52.03286582, RMSE_E_per_atom= 4426.34 meV, RMSE_F=  919.09 meV / A
2025-10-20 01:40:49.864 INFO: Epoch 8: head: Default, loss=38.31412249, RMSE_E_per_atom= 4364.42 meV, RMSE_F=  758.82 meV / A
2025-10-20 01:40:53.350 INFO: Epoch 9: head: Default, loss=44.66959727, RMSE_E_per_atom= 4506.77 meV, RMSE_F=  830.83 meV / A
2025-10-20 01:40:56.849 INFO: Epoch 10: head: Default, loss=20.33325701, RMSE_E_per_atom= 4314.13 meV, RMSE_F=  469.63 meV / A
2025-10-20 01:40:56.851 DEBUG: Deleting old checkpoint file: ./checkpoints/model01_run-123_epoch-0.pt
2025-10-20 01:40:56.851 DEBUG: Saving checkpoint: ./checkpoints/model01_run-123_epoch-10.pt
2025-10-20 01:41:00.262 INFO: Epoch 11: head: Default, loss=18.04985329, RMSE_E_per_atom= 3910.29 meV, RMSE_F=  456.17 meV / A
2025-10-20 01:41:00.263 DEBUG: Deleting old checkpoint file: ./checkpoints/model01_run-123_epoch-10.pt
2025-10-20 01:41:00.263 DEBUG: Saving checkpoint: ./checkpoints/model01_run-123_epoch-11.pt
2025-10-20 01:41:03.940 INFO: Epoch 12: head: Default, loss=24.08114934, RMSE_E_per_atom= 3824.79 meV, RMSE_F=  579.08 meV / A
2025-10-20 01:41:07.381 INFO: Epoch 13: head: Default, loss=30.42733664, RMSE_E_per_atom= 3842.40 meV, RMSE_F=  678.90 meV / A
2025-10-20 01:41:10.867 INFO: Epoch 14: head: Default, loss=23.85480698, RMSE_E_per_atom= 3681.48 meV, RMSE_F=  584.43 meV / A
2025-10-20 01:41:14.275 INFO: Epoch 15: head: Default, loss=24.05516417, RMSE_E_per_atom= 3709.64 meV, RMSE_F=  586.08 meV / A
2025-10-20 01:41:17.786 INFO: Epoch 16: head: Default, loss=13.28047894, RMSE_E_per_atom= 3758.30 meV, RMSE_F=  352.65 meV / A
2025-10-20 01:41:17.787 DEBUG: Deleting old checkpoint file: ./checkpoints/model01_run-123_epoch-11.pt
2025-10-20 01:41:17.788 DEBUG: Saving checkpoint: ./checkpoints/model01_run-123_epoch-16.pt
2025-10-20 01:41:21.263 INFO: Epoch 17: head: Default, loss=69.51455808, RMSE_E_per_atom= 3626.02 meV, RMSE_F= 1121.97 meV / A
2025-10-20 01:41:24.659 INFO: Epoch 18: head: Default, loss=18.86253550, RMSE_E_per_atom= 3686.33 meV, RMSE_F=  491.28 meV / A
2025-10-20 01:41:28.257 INFO: Epoch 19: head: Default, loss=19.15587555, RMSE_E_per_atom= 3884.86 meV, RMSE_F=  481.87 meV / A
2025-10-20 01:41:31.715 INFO: Epoch 20: head: Default, loss=44.48973909, RMSE_E_per_atom= 4012.97 meV, RMSE_F=  853.67 meV / A
2025-10-20 01:41:35.276 INFO: Epoch 21: head: Default, loss=18.14470355, RMSE_E_per_atom= 3938.12 meV, RMSE_F=  455.86 meV / A
2025-10-20 01:41:38.658 INFO: Epoch 22: head: Default, loss=93.91295210, RMSE_E_per_atom= 4322.85 meV, RMSE_F= 1300.53 meV / A
2025-10-20 01:41:42.183 INFO: Epoch 23: head: Default, loss=25.00942753, RMSE_E_per_atom= 3938.69 meV, RMSE_F=  587.41 meV / A
2025-10-20 01:41:45.563 INFO: Epoch 24: head: Default, loss=15.63101996, RMSE_E_per_atom= 4120.57 meV, RMSE_F=  377.93 meV / A
2025-10-20 01:41:49.058 INFO: Epoch 25: head: Default, loss=22.00657947, RMSE_E_per_atom= 4015.80 meV, RMSE_F=  528.08 meV / A
2025-10-20 01:41:52.689 INFO: Epoch 26: head: Default, loss=16.00679331, RMSE_E_per_atom= 3692.49 meV, RMSE_F=  428.71 meV / A
2025-10-20 01:41:56.173 INFO: Epoch 27: head: Default, loss=15.50719409, RMSE_E_per_atom= 3792.47 meV, RMSE_F=  407.82 meV / A
2025-10-20 01:41:59.563 INFO: Epoch 28: head: Default, loss=13.05695111, RMSE_E_per_atom= 3827.42 meV, RMSE_F=  338.60 meV / A
2025-10-20 01:41:59.564 DEBUG: Deleting old checkpoint file: ./checkpoints/model01_run-123_epoch-16.pt
2025-10-20 01:41:59.564 DEBUG: Saving checkpoint: ./checkpoints/model01_run-123_epoch-28.pt
2025-10-20 01:42:03.154 INFO: Epoch 29: head: Default, loss=26.97318449, RMSE_E_per_atom= 3704.81 meV, RMSE_F=  634.20 meV / A
2025-10-20 01:42:06.579 INFO: Epoch 30: head: Default, loss=13.54893674, RMSE_E_per_atom= 3754.04 meV, RMSE_F=  360.62 meV / A
2025-10-20 01:42:09.974 INFO: Epoch 31: head: Default, loss=26.60081841, RMSE_E_per_atom= 3644.24 meV, RMSE_F=  631.83 meV / A
2025-10-20 01:42:13.544 INFO: Epoch 32: head: Default, loss=30.24409677, RMSE_E_per_atom= 3418.47 meV, RMSE_F=  698.59 meV / A
2025-10-20 01:42:17.038 INFO: Epoch 33: head: Default, loss=26.42156035, RMSE_E_per_atom= 3513.34 meV, RMSE_F=  636.39 meV / A
2025-10-20 01:42:20.467 INFO: Epoch 34: head: Default, loss=12.08232324, RMSE_E_per_atom= 3739.29 meV, RMSE_F=  319.10 meV / A
2025-10-20 01:42:20.468 DEBUG: Deleting old checkpoint file: ./checkpoints/model01_run-123_epoch-28.pt
2025-10-20 01:42:20.468 DEBUG: Saving checkpoint: ./checkpoints/model01_run-123_epoch-34.pt
2025-10-20 01:42:23.974 INFO: Epoch 35: head: Default, loss=12.83382718, RMSE_E_per_atom= 3710.55 meV, RMSE_F=  344.96 meV / A
2025-10-20 01:42:27.474 INFO: Epoch 36: head: Default, loss=14.81356591, RMSE_E_per_atom= 3688.62 meV, RMSE_F=  400.27 meV / A
2025-10-20 01:42:30.921 INFO: Epoch 37: head: Default, loss=23.65331923, RMSE_E_per_atom= 3491.49 meV, RMSE_F=  592.59 meV / A
2025-10-20 01:42:34.420 INFO: Epoch 38: head: Default, loss=10.48557940, RMSE_E_per_atom= 3542.96 meV, RMSE_F=  290.15 meV / A
2025-10-20 01:42:34.421 DEBUG: Deleting old checkpoint file: ./checkpoints/model01_run-123_epoch-34.pt
2025-10-20 01:42:34.422 DEBUG: Saving checkpoint: ./checkpoints/model01_run-123_epoch-38.pt
2025-10-20 01:42:37.969 INFO: Epoch 39: head: Default, loss=23.96432280, RMSE_E_per_atom= 3345.78 meV, RMSE_F=  606.09 meV / A
2025-10-20 01:42:41.475 INFO: Epoch 40: head: Default, loss=10.94091566, RMSE_E_per_atom= 3441.65 meV, RMSE_F=  316.81 meV / A
2025-10-20 01:42:44.926 INFO: Epoch 41: head: Default, loss=13.01624450, RMSE_E_per_atom= 3234.15 meV, RMSE_F=  394.62 meV / A
2025-10-20 01:42:48.430 INFO: Epoch 42: head: Default, loss=10.92390721, RMSE_E_per_atom= 3154.74 meV, RMSE_F=  344.90 meV / A
2025-10-20 01:42:51.983 INFO: Epoch 43: head: Default, loss=9.66421591, RMSE_E_per_atom= 3185.30 meV, RMSE_F=  303.02 meV / A
2025-10-20 01:42:51.984 DEBUG: Deleting old checkpoint file: ./checkpoints/model01_run-123_epoch-38.pt
2025-10-20 01:42:51.984 DEBUG: Saving checkpoint: ./checkpoints/model01_run-123_epoch-43.pt
2025-10-20 01:42:55.571 INFO: Epoch 44: head: Default, loss=33.77485241, RMSE_E_per_atom= 2884.72 meV, RMSE_F=  769.60 meV / A
2025-10-20 01:42:59.083 INFO: Epoch 45: head: Default, loss=15.62808169, RMSE_E_per_atom= 3426.94 meV, RMSE_F=  441.73 meV / A
2025-10-20 01:43:02.672 INFO: Epoch 46: head: Default, loss=10.24209040, RMSE_E_per_atom= 3391.98 meV, RMSE_F=  299.64 meV / A
2025-10-20 01:43:06.208 INFO: Epoch 47: head: Default, loss=12.40717644, RMSE_E_per_atom= 3260.80 meV, RMSE_F=  376.58 meV / A
2025-10-20 01:43:09.810 INFO: Epoch 48: head: Default, loss=10.55358633, RMSE_E_per_atom= 3266.56 meV, RMSE_F=  323.06 meV / A
2025-10-20 01:43:13.461 INFO: Epoch 49: head: Default, loss=10.48553612, RMSE_E_per_atom= 2926.97 meV, RMSE_F=  352.19 meV / A
2025-10-20 01:43:17.039 INFO: Epoch 50: head: Default, loss=8.46859228, RMSE_E_per_atom= 2805.29 meV, RMSE_F=  301.12 meV / A
2025-10-20 01:43:17.041 DEBUG: Deleting old checkpoint file: ./checkpoints/model01_run-123_epoch-43.pt
2025-10-20 01:43:17.041 DEBUG: Saving checkpoint: ./checkpoints/model01_run-123_epoch-50.pt
2025-10-20 01:43:20.497 INFO: Epoch 51: head: Default, loss=6.78733362, RMSE_E_per_atom= 2577.87 meV, RMSE_F=  263.24 meV / A
2025-10-20 01:43:20.498 DEBUG: Deleting old checkpoint file: ./checkpoints/model01_run-123_epoch-50.pt
2025-10-20 01:43:20.499 DEBUG: Saving checkpoint: ./checkpoints/model01_run-123_epoch-51.pt
2025-10-20 01:43:24.029 INFO: Epoch 52: head: Default, loss=8.37566566, RMSE_E_per_atom= 2639.98 meV, RMSE_F=  312.76 meV / A
2025-10-20 01:43:27.515 INFO: Epoch 53: head: Default, loss=15.23531139, RMSE_E_per_atom= 2308.97 meV, RMSE_F=  501.39 meV / A
2025-10-20 01:43:31.084 INFO: Epoch 54: head: Default, loss=6.63860008, RMSE_E_per_atom= 2591.78 meV, RMSE_F=  256.12 meV / A
2025-10-20 01:43:31.085 DEBUG: Deleting old checkpoint file: ./checkpoints/model01_run-123_epoch-51.pt
2025-10-20 01:43:31.085 DEBUG: Saving checkpoint: ./checkpoints/model01_run-123_epoch-54.pt
2025-10-20 01:43:34.663 INFO: Epoch 55: head: Default, loss=8.22151488, RMSE_E_per_atom= 2657.48 meV, RMSE_F=  306.28 meV / A
2025-10-20 01:43:38.292 INFO: Epoch 56: head: Default, loss=12.67170038, RMSE_E_per_atom= 2593.19 meV, RMSE_F=  431.49 meV / A
2025-10-20 01:43:41.851 INFO: Epoch 57: head: Default, loss=7.79388148, RMSE_E_per_atom= 2458.32 meV, RMSE_F=  308.94 meV / A
2025-10-20 01:43:45.365 INFO: Epoch 58: head: Default, loss=8.93761283, RMSE_E_per_atom= 2367.95 meV, RMSE_F=  350.26 meV / A
2025-10-20 01:43:48.974 INFO: Epoch 59: head: Default, loss=8.91096010, RMSE_E_per_atom= 2757.13 meV, RMSE_F=  319.69 meV / A
2025-10-20 01:43:52.601 INFO: Epoch 60: head: Default, loss=9.99532377, RMSE_E_per_atom= 2543.46 meV, RMSE_F=  367.72 meV / A
2025-10-20 01:43:56.172 INFO: Epoch 61: head: Default, loss=15.23212345, RMSE_E_per_atom= 2404.65 meV, RMSE_F=  496.81 meV / A
2025-10-20 01:43:59.605 INFO: Epoch 62: head: Default, loss=11.04582200, RMSE_E_per_atom= 2626.79 meV, RMSE_F=  389.76 meV / A
2025-10-20 01:44:03.037 INFO: Epoch 63: head: Default, loss=7.66954813, RMSE_E_per_atom= 2582.06 meV, RMSE_F=  294.48 meV / A
2025-10-20 01:44:06.637 INFO: Epoch 64: head: Default, loss=6.97473208, RMSE_E_per_atom= 2573.65 meV, RMSE_F=  270.66 meV / A
2025-10-20 01:44:10.129 INFO: Epoch 65: head: Default, loss=10.26227168, RMSE_E_per_atom= 2482.83 meV, RMSE_F=  378.95 meV / A
2025-10-20 01:44:13.633 INFO: Epoch 66: head: Default, loss=10.81572760, RMSE_E_per_atom= 2397.73 meV, RMSE_F=  398.53 meV / A
2025-10-20 01:44:17.248 INFO: Epoch 67: head: Default, loss=15.70087072, RMSE_E_per_atom= 2533.50 meV, RMSE_F=  499.83 meV / A
2025-10-20 01:44:20.643 INFO: Epoch 68: head: Default, loss=6.40777018, RMSE_E_per_atom= 2408.91 meV, RMSE_F=  264.82 meV / A
2025-10-20 01:44:20.644 DEBUG: Deleting old checkpoint file: ./checkpoints/model01_run-123_epoch-54.pt
2025-10-20 01:44:20.644 DEBUG: Saving checkpoint: ./checkpoints/model01_run-123_epoch-68.pt
2025-10-20 01:44:24.027 INFO: Epoch 69: head: Default, loss=7.49779715, RMSE_E_per_atom= 2393.92 meV, RMSE_F=  304.38 meV / A
2025-10-20 01:44:27.560 INFO: Epoch 70: head: Default, loss=14.10702010, RMSE_E_per_atom= 2299.47 meV, RMSE_F=  478.82 meV / A
2025-10-20 01:44:31.093 INFO: Epoch 71: head: Default, loss=7.62925581, RMSE_E_per_atom= 2260.08 meV, RMSE_F=  318.60 meV / A
2025-10-20 01:44:34.644 INFO: Epoch 72: head: Default, loss=6.53196436, RMSE_E_per_atom= 2331.87 meV, RMSE_F=  276.16 meV / A
2025-10-20 01:44:38.072 INFO: Epoch 73: head: Default, loss=9.94937251, RMSE_E_per_atom= 2305.74 meV, RMSE_F=  381.87 meV / A
2025-10-20 01:44:41.771 INFO: Epoch 74: head: Default, loss=28.47194342, RMSE_E_per_atom= 2203.83 meV, RMSE_F=  721.71 meV / A
2025-10-20 01:44:45.269 INFO: Epoch 75: head: Default, loss=13.84307317, RMSE_E_per_atom= 2346.19 meV, RMSE_F=  470.97 meV / A
2025-10-20 01:44:48.807 INFO: Epoch 76: head: Default, loss=8.41932054, RMSE_E_per_atom= 2391.28 meV, RMSE_F=  333.47 meV / A
2025-10-20 01:44:52.275 INFO: Epoch 77: head: Default, loss=7.67412618, RMSE_E_per_atom= 2408.49 meV, RMSE_F=  308.99 meV / A
2025-10-20 01:44:55.885 INFO: Epoch 78: head: Default, loss=11.44551795, RMSE_E_per_atom= 2735.30 meV, RMSE_F=  392.55 meV / A
2025-10-20 01:44:59.479 INFO: Epoch 79: head: Default, loss=8.15005886, RMSE_E_per_atom= 2432.91 meV, RMSE_F=  322.20 meV / A
2025-10-20 01:45:03.066 INFO: Epoch 80: head: Default, loss=12.05220508, RMSE_E_per_atom= 2622.45 meV, RMSE_F=  415.06 meV / A
2025-10-20 01:45:06.647 INFO: Epoch 81: head: Default, loss=6.80245322, RMSE_E_per_atom= 2627.00 meV, RMSE_F=  258.92 meV / A
2025-10-20 01:45:10.218 INFO: Epoch 82: head: Default, loss=6.94901130, RMSE_E_per_atom= 2418.42 meV, RMSE_F=  283.71 meV / A
2025-10-20 01:45:13.731 INFO: Epoch 83: head: Default, loss=5.97662181, RMSE_E_per_atom= 2332.81 meV, RMSE_F=  255.17 meV / A
2025-10-20 01:45:13.733 DEBUG: Deleting old checkpoint file: ./checkpoints/model01_run-123_epoch-68.pt
2025-10-20 01:45:13.733 DEBUG: Saving checkpoint: ./checkpoints/model01_run-123_epoch-83.pt
2025-10-20 01:45:17.378 INFO: Epoch 84: head: Default, loss=9.05992403, RMSE_E_per_atom= 2391.15 meV, RMSE_F=  352.17 meV / A
2025-10-20 01:45:20.866 INFO: Epoch 85: head: Default, loss=5.46501356, RMSE_E_per_atom= 2428.59 meV, RMSE_F=  224.32 meV / A
2025-10-20 01:45:20.867 DEBUG: Deleting old checkpoint file: ./checkpoints/model01_run-123_epoch-83.pt
2025-10-20 01:45:20.867 DEBUG: Saving checkpoint: ./checkpoints/model01_run-123_epoch-85.pt
2025-10-20 01:45:24.440 INFO: Epoch 86: head: Default, loss=5.64064157, RMSE_E_per_atom= 2281.72 meV, RMSE_F=  246.48 meV / A
2025-10-20 01:45:28.110 INFO: Epoch 87: head: Default, loss=5.02559007, RMSE_E_per_atom= 2303.19 meV, RMSE_F=  217.86 meV / A
2025-10-20 01:45:28.111 DEBUG: Deleting old checkpoint file: ./checkpoints/model01_run-123_epoch-85.pt
2025-10-20 01:45:28.111 DEBUG: Saving checkpoint: ./checkpoints/model01_run-123_epoch-87.pt
2025-10-20 01:45:31.661 INFO: Epoch 88: head: Default, loss=6.25349557, RMSE_E_per_atom= 1985.83 meV, RMSE_F=  292.63 meV / A
2025-10-20 01:45:35.236 INFO: Epoch 89: head: Default, loss=4.27195555, RMSE_E_per_atom= 2013.02 meV, RMSE_F=  211.94 meV / A
2025-10-20 01:45:35.237 DEBUG: Deleting old checkpoint file: ./checkpoints/model01_run-123_epoch-87.pt
2025-10-20 01:45:35.237 DEBUG: Saving checkpoint: ./checkpoints/model01_run-123_epoch-89.pt
2025-10-20 01:45:38.933 INFO: Epoch 90: head: Default, loss=4.58350450, RMSE_E_per_atom= 1841.55 meV, RMSE_F=  240.33 meV / A
2025-10-20 01:45:42.569 INFO: Epoch 91: head: Default, loss=5.08540395, RMSE_E_per_atom= 1877.46 meV, RMSE_F=  257.80 meV / A
2025-10-20 01:45:46.307 INFO: Epoch 92: head: Default, loss=5.33436502, RMSE_E_per_atom= 1840.57 meV, RMSE_F=  269.83 meV / A
2025-10-20 01:45:49.867 INFO: Epoch 93: head: Default, loss=7.44416268, RMSE_E_per_atom= 1778.91 meV, RMSE_F=  342.40 meV / A
2025-10-20 01:45:53.461 INFO: Epoch 94: head: Default, loss=6.84518483, RMSE_E_per_atom= 1671.69 meV, RMSE_F=  330.09 meV / A
2025-10-20 01:45:57.112 INFO: Epoch 95: head: Default, loss=3.31279639, RMSE_E_per_atom= 1611.65 meV, RMSE_F=  200.70 meV / A
2025-10-20 01:45:57.113 DEBUG: Deleting old checkpoint file: ./checkpoints/model01_run-123_epoch-89.pt
2025-10-20 01:45:57.114 DEBUG: Saving checkpoint: ./checkpoints/model01_run-123_epoch-95.pt
2025-10-20 01:46:00.703 INFO: Epoch 96: head: Default, loss=6.59410582, RMSE_E_per_atom= 1838.50 meV, RMSE_F=  313.18 meV / A
2025-10-20 01:46:04.194 INFO: Epoch 97: head: Default, loss=8.31649553, RMSE_E_per_atom= 1561.29 meV, RMSE_F=  376.77 meV / A
2025-10-20 01:46:07.690 INFO: Epoch 98: head: Default, loss=7.36264636, RMSE_E_per_atom= 1515.20 meV, RMSE_F=  352.55 meV / A
2025-10-20 01:46:11.245 INFO: Epoch 99: head: Default, loss=4.96910284, RMSE_E_per_atom= 1718.39 meV, RMSE_F=  264.30 meV / A
2025-10-20 01:46:11.246 INFO: Training complete
2025-10-20 01:46:11.246 INFO: 
2025-10-20 01:46:11.246 INFO: ===========RESULTS===========
2025-10-20 01:46:11.403 INFO: Loading checkpoint: ./checkpoints/model01_run-123_epoch-95.pt
2025-10-20 01:46:11.430 INFO: Loaded Stage one model from epoch 95 for evaluation
2025-10-20 01:46:11.431 INFO: Saving model to checkpoints/model01_run-123.model
2025-10-20 01:46:11.577 INFO: Compiling model, saving metadata to model01_compiled.model
2025-10-20 01:46:12.041 INFO: Computing metrics for training, validation, and test sets
2025-10-20 01:46:12.042 INFO: Skipping evaluation for heads: ['pt_head']
2025-10-20 01:46:12.042 INFO: Evaluating train_Default ...
2025-10-20 01:46:13.468 INFO: Evaluating valid_Default ...
2025-10-20 01:46:13.502 INFO: Error-table on TRAIN and VALID:
+---------------+---------------------+------------------+-------------------+
|  config_type  | RMSE E / meV / atom | RMSE F / meV / A | relative F RMSE % |
+---------------+---------------------+------------------+-------------------+
| train_Default |         1747.6      |      12762.6     |       1136.07     |
| valid_Default |         1611.7      |        200.7     |         72.98     |
+---------------+---------------------+------------------+-------------------+
2025-10-20 01:46:13.503 INFO: Evaluating B2Fe30_Default ...
2025-10-20 01:46:13.753 INFO: Evaluating Fe12Si4_Default ...
2025-10-20 01:46:13.959 INFO: Evaluating Fe13Si1B1_Default ...
2025-10-20 01:46:15.943 INFO: Evaluating Fe5B2Si3_Default ...
2025-10-20 01:46:16.199 INFO: Evaluating Fe5B3Si2_Default ...
2025-10-20 01:46:16.469 INFO: Evaluating Fe5B4Si1_Default ...
2025-10-20 01:46:16.747 INFO: Evaluating Fe5B5_Default ...
2025-10-20 01:46:16.834 INFO: Error-table on TEST:
+-------------------+---------------------+------------------+-------------------+
|    config_type    | RMSE E / meV / atom | RMSE F / meV / A | relative F RMSE % |
+-------------------+---------------------+------------------+-------------------+
|   B2Fe30_Default  |         1548.3      |        398.9     |         95.43     |
|  Fe12Si4_Default  |         1545.0      |        668.7     |   66869897726.24  |
| Fe13Si1B1_Default |         9171.5      |       2154.1     |         89.97     |
|  Fe5B2Si3_Default |       437183.3      |       5045.1     |        102.37     |
|  Fe5B3Si2_Default |        35499.7      |       1356.5     |         63.69     |
|  Fe5B4Si1_Default |         2205.3      |       1312.7     |         64.30     |
|   Fe5B5_Default   |         1392.6      |       1064.1     |         47.33     |
+-------------------+---------------------+------------------+-------------------+
2025-10-20 01:46:16.835 DEBUG: Running inference on train_Default dataset
2025-10-20 01:46:17.075 DEBUG: Plotting failed: too many indices for tensor of dimension 1
2025-10-20 01:46:17.075 INFO: Done
2025-10-20 01:46:17.247 INFO: Using CPU
2025-10-20 18:43:50.224 INFO: ===========VERIFYING SETTINGS===========
2025-10-20 18:43:50.224 INFO: MACE version: 0.3.14
2025-10-20 18:43:50.224 DEBUG: Configuration: Namespace(config='config_new_model.yml', name='model01', seed=123, work_dir='.', log_dir='.\\logs', model_dir='.', checkpoints_dir='.\\checkpoints', results_dir='.\\results', downloads_dir='.\\downloads', device='cuda', default_dtype='float64', distributed=False, launcher='slurm', log_level='INFO', plot=True, plot_frequency=0, plot_interaction_e=False, error_table='PerAtomRMSE', model='MACE', r_max=4.0, radial_type='bessel', num_radial_basis=8, num_cutoff_basis=5, pair_repulsion=False, distance_transform='None', apply_cutoff=True, use_last_readout_only=False, use_embedding_readout=False, interaction='RealAgnosticResidualInteractionBlock', interaction_first='RealAgnosticResidualInteractionBlock', max_ell=3, correlation=3, use_reduced_cg=False, use_so3=False, use_agnostic_product=False, num_interactions=2, MLP_irreps='16x0e', radial_MLP='[64, 64, 64]', hidden_irreps=32x0e, edge_irreps=None, num_channels=32, max_L=0, gate='silu', scaling='rms_forces_scaling', avg_num_neighbors=1, compute_avg_num_neighbors=True, compute_stress=False, compute_forces=True, compute_polarizability=<function str2bool at 0x0000026AE34C7E50>, compute_atomic_dipole=<function str2bool at 0x0000026AE34C7E50>, train_file='train_01.xyz', valid_file=None, valid_fraction=0.01, test_file='test_01.xyz', test_dir=None, multi_processed_test=False, num_workers=0, pin_memory=True, atomic_numbers=None, mean=None, std=None, statistics_file=None, les_arguments=None, E0s=None, pseudolabel_replay=False, foundation_filter_elements=True, heads=None, multiheads_finetuning=True, foundation_head=None, weight_pt_head=1.0, real_pt_data_ratio_threshold=0.1, num_samples_pt=10000, force_mh_ft_lr=False, subselect_pt='random', filter_type_pt='none', allow_random_padding_pt=True, pt_train_file=None, pt_valid_file=None, foundation_model_elements=False, keep_isolated_atoms=False, energy_key='energy', forces_key='forces', virials_key='REF_virials', stress_key='REF_stress', dipole_key='dipole', polarizability_key='polarizability', head_key='head', charges_key='REF_charges', elec_temp_key='elec_temp', total_spin_key='total_spin', total_charge_key='total_charge', embedding_specs=None, skip_evaluate_heads='pt_head', loss='weighted', forces_weight=100.0, swa_forces_weight=100.0, energy_weight=1.0, swa_energy_weight=1000.0, virials_weight=1.0, swa_virials_weight=10.0, stress_weight=1.0, swa_stress_weight=10.0, dipole_weight=1.0, swa_dipole_weight=1.0, swa_polarizability_weight=1.0, polarizability_weight=1.0, config_type_weights='{"Default":1.0}', huber_delta=0.01, optimizer='adam', beta=0.9, batch_size=32, valid_batch_size=10, lr=0.01, swa_lr=0.001, weight_decay=5e-07, amsgrad=True, scheduler='ReduceLROnPlateau', lr_factor=0.8, scheduler_patience=50, lr_scheduler_gamma=0.9993, swa=False, start_swa=None, lbfgs=False, ema=False, ema_decay=0.99, max_num_epochs=100, patience=2048, foundation_model=None, foundation_model_readout=True, eval_interval=1, keep_checkpoints=False, save_all_checkpoints=False, restart_latest=False, save_cpu=False, clip_grad=10.0, dry_run=False, enable_cueq=False, only_cueq=False, enable_oeq=False, wandb=False, wandb_dir=None, wandb_project='', wandb_entity='', wandb_name='', wandb_log_hypers=['num_channels', 'max_L', 'correlation', 'lr', 'swa_lr', 'weight_decay', 'batch_size', 'max_num_epochs', 'start_swa', 'energy_weight', 'forces_weight'], key_specification=KeySpecification(info_keys={'energy': 'energy', 'stress': 'REF_stress', 'virials': 'REF_virials', 'dipole': 'dipole', 'head': 'head', 'elec_temp': 'elec_temp', 'total_charge': 'total_charge', 'polarizability': 'polarizability', 'total_spin': 'total_spin'}, arrays_keys={'forces': 'forces', 'charges': 'REF_charges'}))
2025-10-20 18:43:50.290 INFO: CUDA version: 12.6, CUDA device: 0
2025-10-20 18:43:50.341 DEBUG: Popen(['git', 'version'], cwd=f:\Shannon\Github\research_files\new_model, stdin=None, shell=False, universal_newlines=False)
2025-10-20 18:43:50.373 DEBUG: Popen(['git', 'version'], cwd=f:\Shannon\Github\research_files\new_model, stdin=None, shell=False, universal_newlines=False)
2025-10-20 18:43:50.407 DEBUG: sys.platform='win32', git_executable='git'
2025-10-20 18:43:50.407 DEBUG: Popen(['git', 'cat-file', '--batch-check'], cwd=f:\Shannon\Github\research_files, stdin=<valid stream>, shell=False, universal_newlines=False)
2025-10-20 18:43:50.440 DEBUG: Current Git commit: 96feec6857c663e79ef05e7caeaa8c3e0b1cbb2b
2025-10-20 18:43:50.440 INFO: ===========LOADING INPUT DATA===========
2025-10-20 18:43:50.440 INFO: Using heads: ['Default']
2025-10-20 18:43:50.440 INFO: Using the key specifications to parse data:
2025-10-20 18:43:50.440 INFO: Default: KeySpecification(info_keys={'energy': 'energy', 'stress': 'REF_stress', 'virials': 'REF_virials', 'dipole': 'dipole', 'head': 'head', 'elec_temp': 'elec_temp', 'total_charge': 'total_charge', 'polarizability': 'polarizability', 'total_spin': 'total_spin'}, arrays_keys={'forces': 'forces', 'charges': 'REF_charges'})
2025-10-20 18:43:50.440 INFO: =============    Processing head Default     ===========
2025-10-20 18:43:50.440 DEBUG: Loading training file: train_01.xyz
2025-10-20 18:43:50.540 WARNING: Since ASE version 3.23.0b1, using energy_key 'energy' is no longer safe when communicating between MACE and ASE. We recommend using a different key, rewriting 'energy' to 'REF_energy'. You need to use --energy_key='REF_energy' to specify the chosen key name.
2025-10-20 18:43:50.575 WARNING: Since ASE version 3.23.0b1, using forces_key 'forces' is no longer safe when communicating between MACE and ASE. We recommend using a different key, rewriting 'forces' to 'REF_forces'. You need to use --forces_key='REF_forces' to specify the chosen key name.
2025-10-20 18:43:50.614 WARNING: Configuration '0' is marked as 'IsolatedAtom' but does not contain an energy. Zero energy will be used.
2025-10-20 18:43:50.615 WARNING: Configuration '1' is marked as 'IsolatedAtom' but does not contain an energy. Zero energy will be used.
2025-10-20 18:43:50.615 WARNING: Configuration '2' is marked as 'IsolatedAtom' but does not contain an energy. Zero energy will be used.
2025-10-20 18:43:50.616 INFO: Using isolated atom energies from training file
2025-10-20 18:43:50.622 INFO: Training set 1/1 [energy: 247, stress: 0, virials: 0, dipole components: 0, head: 247, elec_temp: 0, total_charge: 0, polarizability: 0, total_spin: 0, forces: 247, charges: 0]
2025-10-20 18:43:50.623 INFO: Total Training set [energy: 247, stress: 0, virials: 0, dipole components: 0, head: 247, elec_temp: 0, total_charge: 0, polarizability: 0, total_spin: 0, forces: 247, charges: 0]
2025-10-20 18:43:50.624 INFO: No validation set provided, splitting training data instead.
2025-10-20 18:43:50.625 INFO: Using random 1% of training set for validation with following indices: [153, 205]
2025-10-20 18:43:50.625 INFO: Random Split Training set [energy: 245, stress: 0, virials: 0, dipole components: 0, head: 245, elec_temp: 0, total_charge: 0, polarizability: 0, total_spin: 0, forces: 245, charges: 0]
2025-10-20 18:43:50.625 INFO: Random Split Validation set [energy: 2, stress: 0, virials: 0, dipole components: 0, head: 2, elec_temp: 0, total_charge: 0, polarizability: 0, total_spin: 0, forces: 2, charges: 0]
2025-10-20 18:43:50.757 WARNING: Since ASE version 3.23.0b1, using energy_key 'energy' is no longer safe when communicating between MACE and ASE. We recommend using a different key, rewriting 'energy' to 'REF_energy'. You need to use --energy_key='REF_energy' to specify the chosen key name.
2025-10-20 18:43:50.811 WARNING: Since ASE version 3.23.0b1, using forces_key 'forces' is no longer safe when communicating between MACE and ASE. We recommend using a different key, rewriting 'forces' to 'REF_forces'. You need to use --forces_key='REF_forces' to specify the chosen key name.
2025-10-20 18:43:50.870 INFO: Test set 1/1 [energy: 403, stress: 0, virials: 0, dipole components: 0, head: 403, elec_temp: 0, total_charge: 0, polarizability: 0, total_spin: 0, forces: 403, charges: 0]
2025-10-20 18:43:50.872 INFO: Total Test set [energy: 403, stress: 0, virials: 0, dipole components: 0, head: 403, elec_temp: 0, total_charge: 0, polarizability: 0, total_spin: 0, forces: 403, charges: 0]
2025-10-20 18:43:50.873 DEBUG: Element 26 found in 1 file. Using E0: 0.000000 eV
2025-10-20 18:43:50.873 DEBUG: Element 14 found in 1 file. Using E0: 0.000000 eV
2025-10-20 18:43:50.873 DEBUG: Element 5 found in 1 file. Using E0: 0.000000 eV
2025-10-20 18:43:50.873 INFO: Total number of configurations: train=245, valid=2, tests=[Fe5B5_Default: 13, Fe5B4Si1_Default: 45, Fe5B3Si2_Default: 45, B2Fe30_Default: 15, Fe5B2Si3_Default: 45, Fe12Si4_Default: 11, Fe13Si1B1_Default: 229],
2025-10-20 18:43:50.873 WARNING: Validation batch size (10) is larger than the number of validation data (2)
2025-10-20 18:43:50.873 INFO: Atomic Numbers used: [5, 14, 26]
2025-10-20 18:43:50.873 INFO: Atomic Energies used (z: eV) for head Default: {5: 0.0, 14: 0.0, 26: 0.0}
2025-10-20 18:43:50.873 INFO: Processing datasets for head 'Default'
2025-10-20 18:43:51.042 DEBUG: Successfully loaded dataset from ASE files: ['train_01.xyz']
2025-10-20 18:43:51.042 INFO: Combining 1 list datasets for head 'Default'
2025-10-20 18:43:51.042 INFO: Head 'Default' training dataset size: 245
2025-10-20 18:43:51.042 INFO: Computing average number of neighbors
2025-10-20 18:43:51.239 INFO: Average number of neighbors: 19.66931216931217
2025-10-20 18:43:51.240 INFO: During training the following quantities will be reported: energy, forces
2025-10-20 18:43:51.240 INFO: ===========MODEL DETAILS===========
2025-10-20 18:43:51.290 INFO: Building model
2025-10-20 18:43:51.290 INFO: Message passing with 32 channels and max_L=0 (32x0e)
2025-10-20 18:43:51.290 INFO: 2 layers, each with correlation order: 3 (body order: 4) and spherical harmonics up to: l=3
2025-10-20 18:43:51.290 INFO: 8 radial and 5 basis functions
2025-10-20 18:43:51.290 INFO: Radial cutoff: 4.0 A (total receptive field for each atom: 8.0 A)
2025-10-20 18:43:51.290 INFO: Distance transform for radial basis functions: None
2025-10-20 18:43:51.290 INFO: Hidden irreps: 32x0e
