2025-10-20 23:22:56.451 INFO: ===========VERIFYING SETTINGS===========
2025-10-20 23:22:56.452 INFO: MACE version: 0.3.14
2025-10-20 23:22:56.452 DEBUG: Configuration: Namespace(config='config_new_model.yml', name='model02_10epochs', seed=123, work_dir='.', log_dir='./logs', model_dir='.', checkpoints_dir='./checkpoints', results_dir='./results', downloads_dir='./downloads', device='cpu', default_dtype='float64', distributed=False, launcher='slurm', log_level='INFO', plot=True, plot_frequency=0, plot_interaction_e=False, error_table='PerAtomRMSE', model='MACE', r_max=4.0, radial_type='bessel', num_radial_basis=8, num_cutoff_basis=5, pair_repulsion=False, distance_transform='None', apply_cutoff=True, use_last_readout_only=False, use_embedding_readout=False, interaction='RealAgnosticResidualInteractionBlock', interaction_first='RealAgnosticResidualInteractionBlock', max_ell=3, correlation=3, use_reduced_cg=False, use_so3=False, use_agnostic_product=False, num_interactions=2, MLP_irreps='16x0e', radial_MLP='[64, 64, 64]', hidden_irreps=32x0e, edge_irreps=None, num_channels=32, max_L=0, gate='silu', scaling='rms_forces_scaling', avg_num_neighbors=1, compute_avg_num_neighbors=True, compute_stress=False, compute_forces=True, compute_polarizability=<function str2bool at 0x35f67d700>, compute_atomic_dipole=<function str2bool at 0x35f67d700>, train_file='train_01.xyz', valid_file=None, valid_fraction=0.01, test_file='test_01.xyz', test_dir=None, multi_processed_test=False, num_workers=0, pin_memory=True, atomic_numbers=None, mean=None, std=None, statistics_file=None, les_arguments=None, E0s=None, pseudolabel_replay=False, foundation_filter_elements=True, heads=None, multiheads_finetuning=True, foundation_head=None, weight_pt_head=1.0, real_pt_data_ratio_threshold=0.1, num_samples_pt=10000, force_mh_ft_lr=False, subselect_pt='random', filter_type_pt='none', allow_random_padding_pt=True, pt_train_file=None, pt_valid_file=None, foundation_model_elements=False, keep_isolated_atoms=False, energy_key='energy', forces_key='forces', virials_key='REF_virials', stress_key='REF_stress', dipole_key='dipole', polarizability_key='polarizability', head_key='head', charges_key='REF_charges', elec_temp_key='elec_temp', total_spin_key='total_spin', total_charge_key='total_charge', embedding_specs=None, skip_evaluate_heads='pt_head', loss='weighted', forces_weight=100.0, swa_forces_weight=100.0, energy_weight=1.0, swa_energy_weight=1000.0, virials_weight=1.0, swa_virials_weight=10.0, stress_weight=1.0, swa_stress_weight=10.0, dipole_weight=1.0, swa_dipole_weight=1.0, swa_polarizability_weight=1.0, polarizability_weight=1.0, config_type_weights='{"Default":1.0}', huber_delta=0.01, optimizer='adam', beta=0.9, batch_size=32, valid_batch_size=10, lr=0.01, swa_lr=0.001, weight_decay=5e-07, amsgrad=True, scheduler='ReduceLROnPlateau', lr_factor=0.8, scheduler_patience=50, lr_scheduler_gamma=0.9993, swa=False, start_swa=None, lbfgs=False, ema=False, ema_decay=0.99, max_num_epochs=10, patience=2048, foundation_model=None, foundation_model_readout=True, eval_interval=1, keep_checkpoints=False, save_all_checkpoints=False, restart_latest=False, save_cpu=False, clip_grad=10.0, dry_run=False, enable_cueq=False, only_cueq=False, enable_oeq=False, wandb=False, wandb_dir=None, wandb_project='', wandb_entity='', wandb_name='', wandb_log_hypers=['num_channels', 'max_L', 'correlation', 'lr', 'swa_lr', 'weight_decay', 'batch_size', 'max_num_epochs', 'start_swa', 'energy_weight', 'forces_weight'], key_specification=KeySpecification(info_keys={'energy': 'energy', 'stress': 'REF_stress', 'virials': 'REF_virials', 'dipole': 'dipole', 'head': 'head', 'elec_temp': 'elec_temp', 'total_charge': 'total_charge', 'polarizability': 'polarizability', 'total_spin': 'total_spin'}, arrays_keys={'forces': 'forces', 'charges': 'REF_charges'}))
2025-10-20 23:22:56.453 INFO: Using CPU
2025-10-20 23:22:56.453 DEBUG: sys.platform='darwin', git_executable='git'
2025-10-20 23:22:56.454 DEBUG: Popen(['git', 'cat-file', '--batch-check'], cwd=/Users/Lab/Documents/GitHub/research_files, stdin=<valid stream>, shell=False, universal_newlines=False)
2025-10-20 23:22:56.485 DEBUG: Current Git commit: 0c792f6e3ec0d626e1f7a92a91497110c628e80d
2025-10-20 23:22:56.486 INFO: ===========LOADING INPUT DATA===========
2025-10-20 23:22:56.487 INFO: Using heads: ['Default']
2025-10-20 23:22:56.487 INFO: Using the key specifications to parse data:
2025-10-20 23:22:56.488 INFO: Default: KeySpecification(info_keys={'energy': 'energy', 'stress': 'REF_stress', 'virials': 'REF_virials', 'dipole': 'dipole', 'head': 'head', 'elec_temp': 'elec_temp', 'total_charge': 'total_charge', 'polarizability': 'polarizability', 'total_spin': 'total_spin'}, arrays_keys={'forces': 'forces', 'charges': 'REF_charges'})
2025-10-20 23:22:56.488 INFO: =============    Processing head Default     ===========
2025-10-20 23:22:56.489 DEBUG: Loading training file: train_01.xyz
2025-10-20 23:22:56.577 WARNING: Since ASE version 3.23.0b1, using energy_key 'energy' is no longer safe when communicating between MACE and ASE. We recommend using a different key, rewriting 'energy' to 'REF_energy'. You need to use --energy_key='REF_energy' to specify the chosen key name.
2025-10-20 23:22:56.614 WARNING: Since ASE version 3.23.0b1, using forces_key 'forces' is no longer safe when communicating between MACE and ASE. We recommend using a different key, rewriting 'forces' to 'REF_forces'. You need to use --forces_key='REF_forces' to specify the chosen key name.
2025-10-20 23:22:56.650 WARNING: Configuration '0' is marked as 'IsolatedAtom' but does not contain an energy. Zero energy will be used.
2025-10-20 23:22:56.651 WARNING: Configuration '1' is marked as 'IsolatedAtom' but does not contain an energy. Zero energy will be used.
2025-10-20 23:22:56.652 WARNING: Configuration '2' is marked as 'IsolatedAtom' but does not contain an energy. Zero energy will be used.
2025-10-20 23:22:56.652 INFO: Using isolated atom energies from training file
2025-10-20 23:22:56.665 INFO: Training set 1/1 [energy: 517, stress: 0, virials: 0, dipole components: 0, head: 517, elec_temp: 0, total_charge: 0, polarizability: 0, total_spin: 0, forces: 517, charges: 0]
2025-10-20 23:22:56.667 INFO: Total Training set [energy: 517, stress: 0, virials: 0, dipole components: 0, head: 517, elec_temp: 0, total_charge: 0, polarizability: 0, total_spin: 0, forces: 517, charges: 0]
2025-10-20 23:22:56.668 INFO: No validation set provided, splitting training data instead.
2025-10-20 23:22:56.668 INFO: Using random 1% of training set for validation with following indices: [5, 302, 291, 153, 461]
2025-10-20 23:22:56.670 INFO: Random Split Training set [energy: 512, stress: 0, virials: 0, dipole components: 0, head: 512, elec_temp: 0, total_charge: 0, polarizability: 0, total_spin: 0, forces: 512, charges: 0]
2025-10-20 23:22:56.671 INFO: Random Split Validation set [energy: 5, stress: 0, virials: 0, dipole components: 0, head: 5, elec_temp: 0, total_charge: 0, polarizability: 0, total_spin: 0, forces: 5, charges: 0]
2025-10-20 23:22:56.702 WARNING: Since ASE version 3.23.0b1, using energy_key 'energy' is no longer safe when communicating between MACE and ASE. We recommend using a different key, rewriting 'energy' to 'REF_energy'. You need to use --energy_key='REF_energy' to specify the chosen key name.
2025-10-20 23:22:56.712 WARNING: Since ASE version 3.23.0b1, using forces_key 'forces' is no longer safe when communicating between MACE and ASE. We recommend using a different key, rewriting 'forces' to 'REF_forces'. You need to use --forces_key='REF_forces' to specify the chosen key name.
2025-10-20 23:22:56.726 INFO: Test set 1/1 [energy: 133, stress: 0, virials: 0, dipole components: 0, head: 133, elec_temp: 0, total_charge: 0, polarizability: 0, total_spin: 0, forces: 133, charges: 0]
2025-10-20 23:22:56.727 INFO: Total Test set [energy: 133, stress: 0, virials: 0, dipole components: 0, head: 133, elec_temp: 0, total_charge: 0, polarizability: 0, total_spin: 0, forces: 133, charges: 0]
2025-10-20 23:22:56.728 DEBUG: Element 26 found in 1 file. Using E0: 0.000000 eV
2025-10-20 23:22:56.728 DEBUG: Element 14 found in 1 file. Using E0: 0.000000 eV
2025-10-20 23:22:56.728 DEBUG: Element 5 found in 1 file. Using E0: 0.000000 eV
2025-10-20 23:22:56.728 INFO: Total number of configurations: train=512, valid=5, tests=[Fe13Si1B1_Default: 133],
2025-10-20 23:22:56.728 WARNING: Validation batch size (10) is larger than the number of validation data (5)
2025-10-20 23:22:56.730 INFO: Atomic Numbers used: [5, 14, 26]
2025-10-20 23:22:56.730 INFO: Atomic Energies used (z: eV) for head Default: {5: 0.0, 14: 0.0, 26: 0.0}
2025-10-20 23:22:56.731 INFO: Processing datasets for head 'Default'
2025-10-20 23:22:56.970 DEBUG: Successfully loaded dataset from ASE files: ['train_01.xyz']
2025-10-20 23:22:56.970 INFO: Combining 1 list datasets for head 'Default'
2025-10-20 23:22:56.978 INFO: Head 'Default' training dataset size: 512
2025-10-20 23:22:56.980 INFO: Computing average number of neighbors
2025-10-20 23:22:57.061 INFO: Average number of neighbors: 17.63285789751717
2025-10-20 23:22:57.062 INFO: During training the following quantities will be reported: energy, forces
2025-10-20 23:22:57.062 INFO: ===========MODEL DETAILS===========
2025-10-20 23:22:57.123 INFO: Building model
2025-10-20 23:22:57.124 INFO: Message passing with 32 channels and max_L=0 (32x0e)
2025-10-20 23:22:57.125 INFO: 2 layers, each with correlation order: 3 (body order: 4) and spherical harmonics up to: l=3
2025-10-20 23:22:57.125 INFO: 8 radial and 5 basis functions
2025-10-20 23:22:57.125 INFO: Radial cutoff: 4.0 A (total receptive field for each atom: 8.0 A)
2025-10-20 23:22:57.126 INFO: Distance transform for radial basis functions: None
2025-10-20 23:22:57.126 INFO: Hidden irreps: 32x0e
2025-10-20 23:22:57.802 DEBUG: ScaleShiftMACE(
  (node_embedding): LinearNodeEmbeddingBlock(
    (linear): Linear(3x0e -> 32x0e | 96 weights)
  )
  (radial_embedding): RadialEmbeddingBlock(
    (bessel_fn): BesselBasis(r_max=4.0, num_basis=8, trainable=False)
    (cutoff_fn): PolynomialCutoff(p=5, r_max=4.0)
  )
  (spherical_harmonics): SphericalHarmonics()
  (atomic_energies_fn): AtomicEnergiesBlock(energies=[[0.0000, 0.0000, 0.0000]])
  (interactions): ModuleList(
    (0): RealAgnosticInteractionBlock(
      (linear_up): Linear(32x0e -> 32x0e | 1024 weights)
      (conv_tp): TensorProduct(32x0e x 1x0e+1x1o+1x2e+1x3o -> 32x0e+32x1o+32x2e+32x3o | 128 paths | 128 weights)
      (conv_tp_weights): FullyConnectedNet[8, 64, 64, 64, 128]
      (linear): Linear(32x0e+32x1o+32x2e+32x3o -> 32x0e+32x1o+32x2e+32x3o | 4096 weights)
      (skip_tp): FullyConnectedTensorProduct(32x0e+32x1o+32x2e+32x3o x 3x0e -> 32x0e+32x1o+32x2e+32x3o | 12288 paths | 12288 weights)
      (reshape): reshape_irreps()
    )
    (1): RealAgnosticResidualInteractionBlock(
      (linear_up): Linear(32x0e -> 32x0e | 1024 weights)
      (conv_tp): TensorProduct(32x0e x 1x0e+1x1o+1x2e+1x3o -> 32x0e+32x1o+32x2e+32x3o | 128 paths | 128 weights)
      (conv_tp_weights): FullyConnectedNet[8, 64, 64, 64, 128]
      (linear): Linear(32x0e+32x1o+32x2e+32x3o -> 32x0e+32x1o+32x2e+32x3o | 4096 weights)
      (skip_tp): FullyConnectedTensorProduct(32x0e x 3x0e -> 32x0e | 3072 paths | 3072 weights)
      (reshape): reshape_irreps()
    )
  )
  (products): ModuleList(
    (0-1): 2 x EquivariantProductBasisBlock(
      (symmetric_contractions): SymmetricContraction(
        (contractions): ModuleList(
          (0): Contraction(
            (contractions_weighting): ModuleList(
              (0-1): 2 x GraphModule()
            )
            (contractions_features): ModuleList(
              (0-1): 2 x GraphModule()
            )
            (weights): ParameterList(
                (0): Parameter containing: [torch.float64 of size 3x4x32]
                (1): Parameter containing: [torch.float64 of size 3x1x32]
            )
            (graph_opt_main): GraphModule()
          )
        )
      )
      (linear): Linear(32x0e -> 32x0e | 1024 weights)
    )
  )
  (readouts): ModuleList(
    (0): LinearReadoutBlock(
      (linear): Linear(32x0e -> 1x0e | 32 weights)
    )
    (1): NonLinearReadoutBlock(
      (linear_1): Linear(32x0e -> 16x0e | 512 weights)
      (non_linearity): Activation [x] (16x0e -> 16x0e)
      (linear_2): Linear(16x0e -> 1x0e | 16 weights)
    )
  )
  (scale_shift): ScaleShiftBlock(scale=1.7210, shift=0.0000)
)
2025-10-20 23:22:57.803 INFO: Total number of parameters: 67472
2025-10-20 23:22:57.803 INFO: 
2025-10-20 23:22:57.804 INFO: ===========OPTIMIZER INFORMATION===========
2025-10-20 23:22:57.804 INFO: Using ADAM as parameter optimizer
2025-10-20 23:22:57.804 INFO: Batch size: 32
2025-10-20 23:22:57.805 INFO: Number of gradient updates: 160
2025-10-20 23:22:57.805 INFO: Learning rate: 0.01, weight decay: 5e-07
2025-10-20 23:22:57.805 INFO: WeightedEnergyForcesLoss(energy_weight=1.000, forces_weight=100.000)
2025-10-20 23:22:57.806 INFO: Using gradient clipping with tolerance=10.000
2025-10-20 23:22:57.806 INFO: 
2025-10-20 23:22:57.806 INFO: ===========TRAINING===========
2025-10-20 23:22:57.807 INFO: Started training, reporting errors on validation set
2025-10-20 23:22:57.807 INFO: Loss metrics on validation set
2025-10-20 23:22:57.876 INFO: Initial: head: Default, loss=37.51196496, RMSE_E_per_atom= 5166.12 meV, RMSE_F= 1268.35 meV / A
2025-10-20 23:23:05.086 INFO: Epoch 0: head: Default, loss=30.90256944, RMSE_E_per_atom= 4945.63 meV, RMSE_F= 1140.41 meV / A
2025-10-20 23:23:05.087 DEBUG: Saving checkpoint: ./checkpoints/model02_10epochs_run-123_epoch-0.pt
2025-10-20 23:23:11.877 INFO: Epoch 1: head: Default, loss=15.53237340, RMSE_E_per_atom= 4406.56 meV, RMSE_F=  763.18 meV / A
2025-10-20 23:23:11.878 DEBUG: Deleting old checkpoint file: ./checkpoints/model02_10epochs_run-123_epoch-0.pt
2025-10-20 23:23:11.879 DEBUG: Saving checkpoint: ./checkpoints/model02_10epochs_run-123_epoch-1.pt
2025-10-20 23:23:18.638 INFO: Epoch 2: head: Default, loss=14.38546919, RMSE_E_per_atom= 3980.19 meV, RMSE_F=  748.90 meV / A
2025-10-20 23:23:18.639 DEBUG: Deleting old checkpoint file: ./checkpoints/model02_10epochs_run-123_epoch-1.pt
2025-10-20 23:23:18.639 DEBUG: Saving checkpoint: ./checkpoints/model02_10epochs_run-123_epoch-2.pt
2025-10-20 23:23:25.362 INFO: Epoch 3: head: Default, loss=16.31344733, RMSE_E_per_atom= 3500.61 meV, RMSE_F=  832.54 meV / A
2025-10-20 23:23:32.064 INFO: Epoch 4: head: Default, loss=11.47844959, RMSE_E_per_atom= 3333.60 meV, RMSE_F=  680.29 meV / A
2025-10-20 23:23:32.065 DEBUG: Deleting old checkpoint file: ./checkpoints/model02_10epochs_run-123_epoch-2.pt
2025-10-20 23:23:32.065 DEBUG: Saving checkpoint: ./checkpoints/model02_10epochs_run-123_epoch-4.pt
2025-10-20 23:23:38.895 INFO: Epoch 5: head: Default, loss=15.86192774, RMSE_E_per_atom= 2917.69 meV, RMSE_F=  841.41 meV / A
2025-10-20 23:23:45.652 INFO: Epoch 6: head: Default, loss=11.14876607, RMSE_E_per_atom= 2947.29 meV, RMSE_F=  685.98 meV / A
2025-10-20 23:23:45.653 DEBUG: Deleting old checkpoint file: ./checkpoints/model02_10epochs_run-123_epoch-4.pt
2025-10-20 23:23:45.653 DEBUG: Saving checkpoint: ./checkpoints/model02_10epochs_run-123_epoch-6.pt
2025-10-20 23:23:52.365 INFO: Epoch 7: head: Default, loss=12.59454504, RMSE_E_per_atom= 3022.16 meV, RMSE_F=  733.75 meV / A
2025-10-20 23:23:59.154 INFO: Epoch 8: head: Default, loss=8.42778248, RMSE_E_per_atom= 2765.90 meV, RMSE_F=  587.27 meV / A
2025-10-20 23:23:59.155 DEBUG: Deleting old checkpoint file: ./checkpoints/model02_10epochs_run-123_epoch-6.pt
2025-10-20 23:23:59.156 DEBUG: Saving checkpoint: ./checkpoints/model02_10epochs_run-123_epoch-8.pt
2025-10-20 23:24:05.863 INFO: Epoch 9: head: Default, loss=10.92013038, RMSE_E_per_atom= 2675.38 meV, RMSE_F=  688.79 meV / A
2025-10-20 23:24:05.864 INFO: Training complete
2025-10-20 23:24:05.864 INFO: 
2025-10-20 23:24:05.865 INFO: ===========RESULTS===========
2025-10-20 23:24:05.899 INFO: Loading checkpoint: ./checkpoints/model02_10epochs_run-123_epoch-8.pt
2025-10-20 23:24:05.907 INFO: Loaded Stage one model from epoch 8 for evaluation
2025-10-20 23:24:05.908 INFO: Saving model to checkpoints/model02_10epochs_run-123.model
2025-10-20 23:24:06.008 INFO: Compiling model, saving metadata to model02_10epochs_compiled.model
2025-10-20 23:24:06.440 INFO: Computing metrics for training, validation, and test sets
2025-10-20 23:24:06.441 INFO: Skipping evaluation for heads: ['pt_head']
2025-10-20 23:24:06.441 INFO: Evaluating train_Default ...
2025-10-20 23:24:09.089 INFO: Evaluating valid_Default ...
2025-10-20 23:24:09.126 INFO: Error-table on TRAIN and VALID:
+---------------+---------------------+------------------+-------------------+
|  config_type  | RMSE E / meV / atom | RMSE F / meV / A | relative F RMSE % |
+---------------+---------------------+------------------+-------------------+
| train_Default |       130092.9      |    9834371.0     |     571423.54     |
| valid_Default |         2765.9      |        587.3     |         46.23     |
+---------------+---------------------+------------------+-------------------+
2025-10-20 23:24:09.126 INFO: Evaluating Fe13Si1B1_Default ...
2025-10-20 23:24:10.204 INFO: Error-table on TEST:
+-------------------+---------------------+------------------+-------------------+
|    config_type    | RMSE E / meV / atom | RMSE F / meV / A | relative F RMSE % |
+-------------------+---------------------+------------------+-------------------+
| Fe13Si1B1_Default |        12133.4      |       2667.3     |         89.33     |
+-------------------+---------------------+------------------+-------------------+
2025-10-20 23:24:10.204 DEBUG: Running inference on train_Default dataset
2025-10-20 23:24:10.415 DEBUG: Plotting failed: too many indices for tensor of dimension 1
2025-10-20 23:24:10.416 INFO: Done
