2025-10-20 23:16:40.040 INFO: ===========VERIFYING SETTINGS===========
2025-10-20 23:16:40.040 INFO: MACE version: 0.3.14
2025-10-20 23:16:40.041 DEBUG: Configuration: Namespace(config='config_new_model.yml', name='model01_10epochs', seed=123, work_dir='.', log_dir='./logs', model_dir='.', checkpoints_dir='./checkpoints', results_dir='./results', downloads_dir='./downloads', device='cpu', default_dtype='float64', distributed=False, launcher='slurm', log_level='INFO', plot=True, plot_frequency=0, plot_interaction_e=False, error_table='PerAtomRMSE', model='MACE', r_max=4.0, radial_type='bessel', num_radial_basis=8, num_cutoff_basis=5, pair_repulsion=False, distance_transform='None', apply_cutoff=True, use_last_readout_only=False, use_embedding_readout=False, interaction='RealAgnosticResidualInteractionBlock', interaction_first='RealAgnosticResidualInteractionBlock', max_ell=3, correlation=3, use_reduced_cg=False, use_so3=False, use_agnostic_product=False, num_interactions=2, MLP_irreps='16x0e', radial_MLP='[64, 64, 64]', hidden_irreps=32x0e, edge_irreps=None, num_channels=32, max_L=0, gate='silu', scaling='rms_forces_scaling', avg_num_neighbors=1, compute_avg_num_neighbors=True, compute_stress=False, compute_forces=True, compute_polarizability=<function str2bool at 0x35f67d700>, compute_atomic_dipole=<function str2bool at 0x35f67d700>, train_file='train_01.xyz', valid_file=None, valid_fraction=0.01, test_file='test_01.xyz', test_dir=None, multi_processed_test=False, num_workers=0, pin_memory=True, atomic_numbers=None, mean=None, std=None, statistics_file=None, les_arguments=None, E0s=None, pseudolabel_replay=False, foundation_filter_elements=True, heads=None, multiheads_finetuning=True, foundation_head=None, weight_pt_head=1.0, real_pt_data_ratio_threshold=0.1, num_samples_pt=10000, force_mh_ft_lr=False, subselect_pt='random', filter_type_pt='none', allow_random_padding_pt=True, pt_train_file=None, pt_valid_file=None, foundation_model_elements=False, keep_isolated_atoms=False, energy_key='energy', forces_key='forces', virials_key='REF_virials', stress_key='REF_stress', dipole_key='dipole', polarizability_key='polarizability', head_key='head', charges_key='REF_charges', elec_temp_key='elec_temp', total_spin_key='total_spin', total_charge_key='total_charge', embedding_specs=None, skip_evaluate_heads='pt_head', loss='weighted', forces_weight=100.0, swa_forces_weight=100.0, energy_weight=1.0, swa_energy_weight=1000.0, virials_weight=1.0, swa_virials_weight=10.0, stress_weight=1.0, swa_stress_weight=10.0, dipole_weight=1.0, swa_dipole_weight=1.0, swa_polarizability_weight=1.0, polarizability_weight=1.0, config_type_weights='{"Default":1.0}', huber_delta=0.01, optimizer='adam', beta=0.9, batch_size=32, valid_batch_size=10, lr=0.01, swa_lr=0.001, weight_decay=5e-07, amsgrad=True, scheduler='ReduceLROnPlateau', lr_factor=0.8, scheduler_patience=50, lr_scheduler_gamma=0.9993, swa=False, start_swa=None, lbfgs=False, ema=False, ema_decay=0.99, max_num_epochs=10, patience=2048, foundation_model=None, foundation_model_readout=True, eval_interval=1, keep_checkpoints=False, save_all_checkpoints=False, restart_latest=False, save_cpu=False, clip_grad=10.0, dry_run=False, enable_cueq=False, only_cueq=False, enable_oeq=False, wandb=False, wandb_dir=None, wandb_project='', wandb_entity='', wandb_name='', wandb_log_hypers=['num_channels', 'max_L', 'correlation', 'lr', 'swa_lr', 'weight_decay', 'batch_size', 'max_num_epochs', 'start_swa', 'energy_weight', 'forces_weight'], key_specification=KeySpecification(info_keys={'energy': 'energy', 'stress': 'REF_stress', 'virials': 'REF_virials', 'dipole': 'dipole', 'head': 'head', 'elec_temp': 'elec_temp', 'total_charge': 'total_charge', 'polarizability': 'polarizability', 'total_spin': 'total_spin'}, arrays_keys={'forces': 'forces', 'charges': 'REF_charges'}))
2025-10-20 23:16:40.041 INFO: Using CPU
2025-10-20 23:16:40.041 DEBUG: sys.platform='darwin', git_executable='git'
2025-10-20 23:16:40.042 DEBUG: Popen(['git', 'cat-file', '--batch-check'], cwd=/Users/Lab/Documents/GitHub/research_files, stdin=<valid stream>, shell=False, universal_newlines=False)
2025-10-20 23:16:40.072 DEBUG: Current Git commit: 0c792f6e3ec0d626e1f7a92a91497110c628e80d
2025-10-20 23:16:40.073 INFO: ===========LOADING INPUT DATA===========
2025-10-20 23:16:40.074 INFO: Using heads: ['Default']
2025-10-20 23:16:40.074 INFO: Using the key specifications to parse data:
2025-10-20 23:16:40.074 INFO: Default: KeySpecification(info_keys={'energy': 'energy', 'stress': 'REF_stress', 'virials': 'REF_virials', 'dipole': 'dipole', 'head': 'head', 'elec_temp': 'elec_temp', 'total_charge': 'total_charge', 'polarizability': 'polarizability', 'total_spin': 'total_spin'}, arrays_keys={'forces': 'forces', 'charges': 'REF_charges'})
2025-10-20 23:16:40.075 INFO: =============    Processing head Default     ===========
2025-10-20 23:16:40.075 DEBUG: Loading training file: train_01.xyz
2025-10-20 23:16:40.125 WARNING: Since ASE version 3.23.0b1, using energy_key 'energy' is no longer safe when communicating between MACE and ASE. We recommend using a different key, rewriting 'energy' to 'REF_energy'. You need to use --energy_key='REF_energy' to specify the chosen key name.
2025-10-20 23:16:40.145 WARNING: Since ASE version 3.23.0b1, using forces_key 'forces' is no longer safe when communicating between MACE and ASE. We recommend using a different key, rewriting 'forces' to 'REF_forces'. You need to use --forces_key='REF_forces' to specify the chosen key name.
2025-10-20 23:16:40.163 WARNING: Configuration '0' is marked as 'IsolatedAtom' but does not contain an energy. Zero energy will be used.
2025-10-20 23:16:40.164 WARNING: Configuration '1' is marked as 'IsolatedAtom' but does not contain an energy. Zero energy will be used.
2025-10-20 23:16:40.164 WARNING: Configuration '2' is marked as 'IsolatedAtom' but does not contain an energy. Zero energy will be used.
2025-10-20 23:16:40.164 INFO: Using isolated atom energies from training file
2025-10-20 23:16:40.171 INFO: Training set 1/1 [energy: 247, stress: 0, virials: 0, dipole components: 0, head: 247, elec_temp: 0, total_charge: 0, polarizability: 0, total_spin: 0, forces: 247, charges: 0]
2025-10-20 23:16:40.173 INFO: Total Training set [energy: 247, stress: 0, virials: 0, dipole components: 0, head: 247, elec_temp: 0, total_charge: 0, polarizability: 0, total_spin: 0, forces: 247, charges: 0]
2025-10-20 23:16:40.173 INFO: No validation set provided, splitting training data instead.
2025-10-20 23:16:40.173 INFO: Using random 1% of training set for validation with following indices: [153, 205]
2025-10-20 23:16:40.175 INFO: Random Split Training set [energy: 245, stress: 0, virials: 0, dipole components: 0, head: 245, elec_temp: 0, total_charge: 0, polarizability: 0, total_spin: 0, forces: 245, charges: 0]
2025-10-20 23:16:40.175 INFO: Random Split Validation set [energy: 2, stress: 0, virials: 0, dipole components: 0, head: 2, elec_temp: 0, total_charge: 0, polarizability: 0, total_spin: 0, forces: 2, charges: 0]
2025-10-20 23:16:40.244 WARNING: Since ASE version 3.23.0b1, using energy_key 'energy' is no longer safe when communicating between MACE and ASE. We recommend using a different key, rewriting 'energy' to 'REF_energy'. You need to use --energy_key='REF_energy' to specify the chosen key name.
2025-10-20 23:16:40.272 WARNING: Since ASE version 3.23.0b1, using forces_key 'forces' is no longer safe when communicating between MACE and ASE. We recommend using a different key, rewriting 'forces' to 'REF_forces'. You need to use --forces_key='REF_forces' to specify the chosen key name.
2025-10-20 23:16:40.310 INFO: Test set 1/1 [energy: 403, stress: 0, virials: 0, dipole components: 0, head: 403, elec_temp: 0, total_charge: 0, polarizability: 0, total_spin: 0, forces: 403, charges: 0]
2025-10-20 23:16:40.312 INFO: Total Test set [energy: 403, stress: 0, virials: 0, dipole components: 0, head: 403, elec_temp: 0, total_charge: 0, polarizability: 0, total_spin: 0, forces: 403, charges: 0]
2025-10-20 23:16:40.312 DEBUG: Element 26 found in 1 file. Using E0: 0.000000 eV
2025-10-20 23:16:40.312 DEBUG: Element 14 found in 1 file. Using E0: 0.000000 eV
2025-10-20 23:16:40.312 DEBUG: Element 5 found in 1 file. Using E0: 0.000000 eV
2025-10-20 23:16:40.313 INFO: Total number of configurations: train=245, valid=2, tests=[Fe5B5_Default: 13, Fe5B4Si1_Default: 45, Fe5B3Si2_Default: 45, B2Fe30_Default: 15, Fe5B2Si3_Default: 45, Fe12Si4_Default: 11, Fe13Si1B1_Default: 229],
2025-10-20 23:16:40.313 WARNING: Validation batch size (10) is larger than the number of validation data (2)
2025-10-20 23:16:40.314 INFO: Atomic Numbers used: [5, 14, 26]
2025-10-20 23:16:40.314 INFO: Atomic Energies used (z: eV) for head Default: {5: 0.0, 14: 0.0, 26: 0.0}
2025-10-20 23:16:40.315 INFO: Processing datasets for head 'Default'
2025-10-20 23:16:40.461 DEBUG: Successfully loaded dataset from ASE files: ['train_01.xyz']
2025-10-20 23:16:40.461 INFO: Combining 1 list datasets for head 'Default'
2025-10-20 23:16:40.465 INFO: Head 'Default' training dataset size: 245
2025-10-20 23:16:40.469 INFO: Computing average number of neighbors
2025-10-20 23:16:40.533 INFO: Average number of neighbors: 19.66931216931217
2025-10-20 23:16:40.534 INFO: During training the following quantities will be reported: energy, forces
2025-10-20 23:16:40.535 INFO: ===========MODEL DETAILS===========
2025-10-20 23:16:40.596 INFO: Building model
2025-10-20 23:16:40.597 INFO: Message passing with 32 channels and max_L=0 (32x0e)
2025-10-20 23:16:40.597 INFO: 2 layers, each with correlation order: 3 (body order: 4) and spherical harmonics up to: l=3
2025-10-20 23:16:40.597 INFO: 8 radial and 5 basis functions
2025-10-20 23:16:40.598 INFO: Radial cutoff: 4.0 A (total receptive field for each atom: 8.0 A)
2025-10-20 23:16:40.598 INFO: Distance transform for radial basis functions: None
2025-10-20 23:16:40.598 INFO: Hidden irreps: 32x0e
2025-10-20 23:16:41.269 DEBUG: ScaleShiftMACE(
  (node_embedding): LinearNodeEmbeddingBlock(
    (linear): Linear(3x0e -> 32x0e | 96 weights)
  )
  (radial_embedding): RadialEmbeddingBlock(
    (bessel_fn): BesselBasis(r_max=4.0, num_basis=8, trainable=False)
    (cutoff_fn): PolynomialCutoff(p=5, r_max=4.0)
  )
  (spherical_harmonics): SphericalHarmonics()
  (atomic_energies_fn): AtomicEnergiesBlock(energies=[[0.0000, 0.0000, 0.0000]])
  (interactions): ModuleList(
    (0): RealAgnosticInteractionBlock(
      (linear_up): Linear(32x0e -> 32x0e | 1024 weights)
      (conv_tp): TensorProduct(32x0e x 1x0e+1x1o+1x2e+1x3o -> 32x0e+32x1o+32x2e+32x3o | 128 paths | 128 weights)
      (conv_tp_weights): FullyConnectedNet[8, 64, 64, 64, 128]
      (linear): Linear(32x0e+32x1o+32x2e+32x3o -> 32x0e+32x1o+32x2e+32x3o | 4096 weights)
      (skip_tp): FullyConnectedTensorProduct(32x0e+32x1o+32x2e+32x3o x 3x0e -> 32x0e+32x1o+32x2e+32x3o | 12288 paths | 12288 weights)
      (reshape): reshape_irreps()
    )
    (1): RealAgnosticResidualInteractionBlock(
      (linear_up): Linear(32x0e -> 32x0e | 1024 weights)
      (conv_tp): TensorProduct(32x0e x 1x0e+1x1o+1x2e+1x3o -> 32x0e+32x1o+32x2e+32x3o | 128 paths | 128 weights)
      (conv_tp_weights): FullyConnectedNet[8, 64, 64, 64, 128]
      (linear): Linear(32x0e+32x1o+32x2e+32x3o -> 32x0e+32x1o+32x2e+32x3o | 4096 weights)
      (skip_tp): FullyConnectedTensorProduct(32x0e x 3x0e -> 32x0e | 3072 paths | 3072 weights)
      (reshape): reshape_irreps()
    )
  )
  (products): ModuleList(
    (0-1): 2 x EquivariantProductBasisBlock(
      (symmetric_contractions): SymmetricContraction(
        (contractions): ModuleList(
          (0): Contraction(
            (contractions_weighting): ModuleList(
              (0-1): 2 x GraphModule()
            )
            (contractions_features): ModuleList(
              (0-1): 2 x GraphModule()
            )
            (weights): ParameterList(
                (0): Parameter containing: [torch.float64 of size 3x4x32]
                (1): Parameter containing: [torch.float64 of size 3x1x32]
            )
            (graph_opt_main): GraphModule()
          )
        )
      )
      (linear): Linear(32x0e -> 32x0e | 1024 weights)
    )
  )
  (readouts): ModuleList(
    (0): LinearReadoutBlock(
      (linear): Linear(32x0e -> 1x0e | 32 weights)
    )
    (1): NonLinearReadoutBlock(
      (linear_1): Linear(32x0e -> 16x0e | 512 weights)
      (non_linearity): Activation [x] (16x0e -> 16x0e)
      (linear_2): Linear(16x0e -> 1x0e | 16 weights)
    )
  )
  (scale_shift): ScaleShiftBlock(scale=1.1570, shift=0.0000)
)
2025-10-20 23:16:41.270 INFO: Total number of parameters: 67472
2025-10-20 23:16:41.270 INFO: 
2025-10-20 23:16:41.271 INFO: ===========OPTIMIZER INFORMATION===========
2025-10-20 23:16:41.271 INFO: Using ADAM as parameter optimizer
2025-10-20 23:16:41.271 INFO: Batch size: 32
2025-10-20 23:16:41.271 INFO: Number of gradient updates: 76
2025-10-20 23:16:41.272 INFO: Learning rate: 0.01, weight decay: 5e-07
2025-10-20 23:16:41.272 INFO: WeightedEnergyForcesLoss(energy_weight=1.000, forces_weight=100.000)
2025-10-20 23:16:41.273 INFO: Using gradient clipping with tolerance=10.000
2025-10-20 23:16:41.273 INFO: 
2025-10-20 23:16:41.273 INFO: ===========TRAINING===========
2025-10-20 23:16:41.274 INFO: Started training, reporting errors on validation set
2025-10-20 23:16:41.274 INFO: Loss metrics on validation set
2025-10-20 23:16:41.339 INFO: Initial: head: Default, loss=21.89348023, RMSE_E_per_atom= 6019.38 meV, RMSE_F=  274.84 meV / A
2025-10-20 23:16:44.990 INFO: Epoch 0: head: Default, loss=24.33524055, RMSE_E_per_atom= 6086.47 meV, RMSE_F=  340.96 meV / A
2025-10-20 23:16:44.991 DEBUG: Saving checkpoint: ./checkpoints/model01_10epochs_run-123_epoch-0.pt
2025-10-20 23:16:48.388 INFO: Epoch 1: head: Default, loss=39.11001626, RMSE_E_per_atom= 6182.17 meV, RMSE_F=  632.46 meV / A
2025-10-20 23:16:51.896 INFO: Epoch 2: head: Default, loss=58.74532433, RMSE_E_per_atom= 5990.25 meV, RMSE_F=  903.37 meV / A
2025-10-20 23:16:55.258 INFO: Epoch 3: head: Default, loss=76.64829092, RMSE_E_per_atom= 5717.08 meV, RMSE_F= 1098.23 meV / A
2025-10-20 23:16:58.590 INFO: Epoch 4: head: Default, loss=52.79214832, RMSE_E_per_atom= 5379.55 meV, RMSE_F=  875.47 meV / A
2025-10-20 23:17:02.017 INFO: Epoch 5: head: Default, loss=35.35017420, RMSE_E_per_atom= 5125.53 meV, RMSE_F=  666.55 meV / A
2025-10-20 23:17:05.349 INFO: Epoch 6: head: Default, loss=37.61711574, RMSE_E_per_atom= 4627.44 meV, RMSE_F=  733.63 meV / A
2025-10-20 23:17:08.818 INFO: Epoch 7: head: Default, loss=52.03286582, RMSE_E_per_atom= 4426.34 meV, RMSE_F=  919.09 meV / A
2025-10-20 23:17:12.241 INFO: Epoch 8: head: Default, loss=38.31412249, RMSE_E_per_atom= 4364.42 meV, RMSE_F=  758.82 meV / A
2025-10-20 23:17:15.639 INFO: Epoch 9: head: Default, loss=44.66959727, RMSE_E_per_atom= 4506.77 meV, RMSE_F=  830.83 meV / A
2025-10-20 23:17:15.639 INFO: Training complete
2025-10-20 23:17:15.640 INFO: 
2025-10-20 23:17:15.640 INFO: ===========RESULTS===========
2025-10-20 23:17:15.736 INFO: Loading checkpoint: ./checkpoints/model01_10epochs_run-123_epoch-0.pt
2025-10-20 23:17:15.745 INFO: Loaded Stage one model from epoch 0 for evaluation
2025-10-20 23:17:15.745 INFO: Saving model to checkpoints/model01_10epochs_run-123.model
2025-10-20 23:17:15.846 INFO: Compiling model, saving metadata to model01_10epochs_compiled.model
2025-10-20 23:17:16.288 INFO: Computing metrics for training, validation, and test sets
2025-10-20 23:17:16.289 INFO: Skipping evaluation for heads: ['pt_head']
2025-10-20 23:17:16.290 INFO: Evaluating train_Default ...
2025-10-20 23:17:17.661 INFO: Evaluating valid_Default ...
2025-10-20 23:17:17.694 INFO: Error-table on TRAIN and VALID:
+---------------+---------------------+------------------+-------------------+
|  config_type  | RMSE E / meV / atom | RMSE F / meV / A | relative F RMSE % |
+---------------+---------------------+------------------+-------------------+
| train_Default |         6265.0      |    1839749.2     |     163766.79     |
| valid_Default |         6086.5      |        341.0     |        123.98     |
+---------------+---------------------+------------------+-------------------+
2025-10-20 23:17:17.694 INFO: Evaluating B2Fe30_Default ...
2025-10-20 23:17:17.903 INFO: Evaluating Fe12Si4_Default ...
2025-10-20 23:17:18.089 INFO: Evaluating Fe13Si1B1_Default ...
2025-10-20 23:17:19.987 INFO: Evaluating Fe5B2Si3_Default ...
2025-10-20 23:17:20.216 INFO: Evaluating Fe5B3Si2_Default ...
2025-10-20 23:17:20.454 INFO: Evaluating Fe5B4Si1_Default ...
2025-10-20 23:17:20.686 INFO: Evaluating Fe5B5_Default ...
2025-10-20 23:17:20.765 INFO: Error-table on TEST:
+-------------------+---------------------+------------------+-------------------+
|    config_type    | RMSE E / meV / atom | RMSE F / meV / A | relative F RMSE % |
+-------------------+---------------------+------------------+-------------------+
|   B2Fe30_Default  |         7869.1      |        406.5     |         97.23     |
|  Fe12Si4_Default  |         7916.9      |        149.6     |   14959257285.93  |
| Fe13Si1B1_Default |        11613.4      |       2349.6     |         98.14     |
|  Fe5B2Si3_Default |       437528.5      |       4919.0     |         99.81     |
|  Fe5B3Si2_Default |        36191.2      |       2102.6     |         98.72     |
|  Fe5B4Si1_Default |         4644.3      |       2007.7     |         98.35     |
|   Fe5B5_Default   |         4410.3      |       2206.3     |         98.15     |
+-------------------+---------------------+------------------+-------------------+
2025-10-20 23:17:20.765 DEBUG: Running inference on train_Default dataset
2025-10-20 23:17:20.995 DEBUG: Plotting failed: too many indices for tensor of dimension 1
2025-10-20 23:17:20.995 INFO: Done
