2025-10-19 22:32:08.529 INFO: ===========VERIFYING SETTINGS===========
2025-10-19 22:32:08.530 INFO: MACE version: 0.3.14
2025-10-19 22:32:08.531 INFO: Using CPU
2025-10-19 22:32:08.610 INFO: ===========LOADING INPUT DATA===========
2025-10-19 22:32:08.612 INFO: Using heads: ['Default']
2025-10-19 22:32:08.612 INFO: Using the key specifications to parse data:
2025-10-19 22:32:08.612 INFO: Default: KeySpecification(info_keys={'energy': 'energy', 'stress': 'REF_stress', 'virials': 'REF_virials', 'dipole': 'dipole', 'head': 'head', 'elec_temp': 'elec_temp', 'total_charge': 'total_charge', 'polarizability': 'polarizability', 'total_spin': 'total_spin'}, arrays_keys={'forces': 'forces', 'charges': 'REF_charges'})
2025-10-19 22:32:08.613 INFO: =============    Processing head Default     ===========
2025-10-19 22:32:31.249 INFO: ===========VERIFYING SETTINGS===========
2025-10-19 22:32:31.250 INFO: MACE version: 0.3.14
2025-10-19 22:32:31.251 INFO: Using CPU
2025-10-19 22:32:31.273 INFO: ===========LOADING INPUT DATA===========
2025-10-19 22:32:31.274 INFO: Using heads: ['Default']
2025-10-19 22:32:31.275 INFO: Using the key specifications to parse data:
2025-10-19 22:32:31.275 INFO: Default: KeySpecification(info_keys={'energy': 'energy', 'stress': 'REF_stress', 'virials': 'REF_virials', 'dipole': 'dipole', 'head': 'head', 'elec_temp': 'elec_temp', 'total_charge': 'total_charge', 'polarizability': 'polarizability', 'total_spin': 'total_spin'}, arrays_keys={'forces': 'forces', 'charges': 'REF_charges'})
2025-10-19 22:32:31.275 INFO: =============    Processing head Default     ===========
2025-10-19 22:32:31.324 WARNING: Since ASE version 3.23.0b1, using energy_key 'energy' is no longer safe when communicating between MACE and ASE. We recommend using a different key, rewriting 'energy' to 'REF_energy'. You need to use --energy_key='REF_energy' to specify the chosen key name.
2025-10-19 22:32:31.344 WARNING: Since ASE version 3.23.0b1, using forces_key 'forces' is no longer safe when communicating between MACE and ASE. We recommend using a different key, rewriting 'forces' to 'REF_forces'. You need to use --forces_key='REF_forces' to specify the chosen key name.
2025-10-19 22:32:31.369 INFO: Training set 1/1 [energy: 250, stress: 0, virials: 0, dipole components: 0, head: 250, elec_temp: 0, total_charge: 0, polarizability: 0, total_spin: 0, forces: 250, charges: 0]
2025-10-19 22:32:31.370 INFO: Total Training set [energy: 250, stress: 0, virials: 0, dipole components: 0, head: 250, elec_temp: 0, total_charge: 0, polarizability: 0, total_spin: 0, forces: 250, charges: 0]
2025-10-19 22:32:31.370 INFO: No validation set provided, splitting training data instead.
2025-10-19 22:32:31.371 INFO: Using random 1% of training set for validation with following indices: [153, 205]
2025-10-19 22:32:31.372 INFO: Random Split Training set [energy: 248, stress: 0, virials: 0, dipole components: 0, head: 248, elec_temp: 0, total_charge: 0, polarizability: 0, total_spin: 0, forces: 248, charges: 0]
2025-10-19 22:32:31.372 INFO: Random Split Validation set [energy: 2, stress: 0, virials: 0, dipole components: 0, head: 2, elec_temp: 0, total_charge: 0, polarizability: 0, total_spin: 0, forces: 2, charges: 0]
2025-10-19 22:32:31.437 WARNING: Since ASE version 3.23.0b1, using energy_key 'energy' is no longer safe when communicating between MACE and ASE. We recommend using a different key, rewriting 'energy' to 'REF_energy'. You need to use --energy_key='REF_energy' to specify the chosen key name.
2025-10-19 22:32:31.466 WARNING: Since ASE version 3.23.0b1, using forces_key 'forces' is no longer safe when communicating between MACE and ASE. We recommend using a different key, rewriting 'forces' to 'REF_forces'. You need to use --forces_key='REF_forces' to specify the chosen key name.
2025-10-19 22:32:31.502 INFO: Test set 1/1 [energy: 403, stress: 0, virials: 0, dipole components: 0, head: 403, elec_temp: 0, total_charge: 0, polarizability: 0, total_spin: 0, forces: 403, charges: 0]
2025-10-19 22:32:31.504 INFO: Total Test set [energy: 403, stress: 0, virials: 0, dipole components: 0, head: 403, elec_temp: 0, total_charge: 0, polarizability: 0, total_spin: 0, forces: 403, charges: 0]
2025-10-19 22:32:31.504 INFO: Total number of configurations: train=248, valid=2, tests=[Fe5B5_Default: 13, Fe5B4Si1_Default: 45, Fe5B3Si2_Default: 45, B2Fe30_Default: 15, Fe5B2Si3_Default: 45, Fe12Si4_Default: 11, Fe13Si1B1_Default: 229],
2025-10-19 22:32:31.505 WARNING: Validation batch size (10) is larger than the number of validation data (2)
2025-10-19 22:32:31.505 INFO: Atomic Numbers used: [5, 14, 26]
2025-10-19 22:41:34.152 INFO: ===========VERIFYING SETTINGS===========
2025-10-19 22:41:34.153 INFO: MACE version: 0.3.14
2025-10-19 22:41:34.153 INFO: Using CPU
2025-10-19 22:41:34.171 INFO: ===========LOADING INPUT DATA===========
2025-10-19 22:41:34.173 INFO: Using heads: ['Default']
2025-10-19 22:41:34.173 INFO: Using the key specifications to parse data:
2025-10-19 22:41:34.173 INFO: Default: KeySpecification(info_keys={'energy': 'energy', 'stress': 'REF_stress', 'virials': 'REF_virials', 'dipole': 'dipole', 'head': 'head', 'elec_temp': 'elec_temp', 'total_charge': 'total_charge', 'polarizability': 'polarizability', 'total_spin': 'total_spin'}, arrays_keys={'forces': 'forces', 'charges': 'REF_charges'})
2025-10-19 22:41:34.174 INFO: =============    Processing head Default     ===========
2025-10-19 22:41:34.221 WARNING: Since ASE version 3.23.0b1, using energy_key 'energy' is no longer safe when communicating between MACE and ASE. We recommend using a different key, rewriting 'energy' to 'REF_energy'. You need to use --energy_key='REF_energy' to specify the chosen key name.
2025-10-19 22:41:34.240 WARNING: Since ASE version 3.23.0b1, using forces_key 'forces' is no longer safe when communicating between MACE and ASE. We recommend using a different key, rewriting 'forces' to 'REF_forces'. You need to use --forces_key='REF_forces' to specify the chosen key name.
2025-10-19 22:41:34.258 WARNING: Configuration '0' is marked as 'IsolatedAtom' but does not contain an energy. Zero energy will be used.
2025-10-19 22:41:34.259 WARNING: Configuration '1' is marked as 'IsolatedAtom' but does not contain an energy. Zero energy will be used.
2025-10-19 22:41:34.259 WARNING: Configuration '2' is marked as 'IsolatedAtom' but does not contain an energy. Zero energy will be used.
2025-10-19 22:41:34.260 INFO: Using isolated atom energies from training file
2025-10-19 22:41:34.265 INFO: Training set 1/1 [energy: 247, stress: 0, virials: 0, dipole components: 0, head: 247, elec_temp: 0, total_charge: 0, polarizability: 0, total_spin: 0, forces: 247, charges: 0]
2025-10-19 22:41:34.267 INFO: Total Training set [energy: 247, stress: 0, virials: 0, dipole components: 0, head: 247, elec_temp: 0, total_charge: 0, polarizability: 0, total_spin: 0, forces: 247, charges: 0]
2025-10-19 22:41:34.267 INFO: No validation set provided, splitting training data instead.
2025-10-19 22:41:34.267 INFO: Using random 1% of training set for validation with following indices: [153, 205]
2025-10-19 22:41:34.268 INFO: Random Split Training set [energy: 245, stress: 0, virials: 0, dipole components: 0, head: 245, elec_temp: 0, total_charge: 0, polarizability: 0, total_spin: 0, forces: 245, charges: 0]
2025-10-19 22:41:34.268 INFO: Random Split Validation set [energy: 2, stress: 0, virials: 0, dipole components: 0, head: 2, elec_temp: 0, total_charge: 0, polarizability: 0, total_spin: 0, forces: 2, charges: 0]
2025-10-19 22:41:34.335 WARNING: Since ASE version 3.23.0b1, using energy_key 'energy' is no longer safe when communicating between MACE and ASE. We recommend using a different key, rewriting 'energy' to 'REF_energy'. You need to use --energy_key='REF_energy' to specify the chosen key name.
2025-10-19 22:41:34.366 WARNING: Since ASE version 3.23.0b1, using forces_key 'forces' is no longer safe when communicating between MACE and ASE. We recommend using a different key, rewriting 'forces' to 'REF_forces'. You need to use --forces_key='REF_forces' to specify the chosen key name.
2025-10-19 22:41:34.401 INFO: Test set 1/1 [energy: 403, stress: 0, virials: 0, dipole components: 0, head: 403, elec_temp: 0, total_charge: 0, polarizability: 0, total_spin: 0, forces: 403, charges: 0]
2025-10-19 22:41:34.403 INFO: Total Test set [energy: 403, stress: 0, virials: 0, dipole components: 0, head: 403, elec_temp: 0, total_charge: 0, polarizability: 0, total_spin: 0, forces: 403, charges: 0]
2025-10-19 22:41:34.404 INFO: Total number of configurations: train=245, valid=2, tests=[Fe5B5_Default: 13, Fe5B4Si1_Default: 45, Fe5B3Si2_Default: 45, B2Fe30_Default: 15, Fe5B2Si3_Default: 45, Fe12Si4_Default: 11, Fe13Si1B1_Default: 229],
2025-10-19 22:41:34.404 WARNING: Validation batch size (10) is larger than the number of validation data (2)
2025-10-19 22:41:34.405 INFO: Atomic Numbers used: [5, 14, 26]
2025-10-19 22:41:34.406 INFO: Atomic Energies used (z: eV) for head Default: {5: 0.0, 14: 0.0, 26: 0.0}
2025-10-19 22:41:34.406 INFO: Processing datasets for head 'Default'
2025-10-19 22:41:34.560 INFO: Combining 1 list datasets for head 'Default'
2025-10-19 22:41:34.566 INFO: Head 'Default' training dataset size: 245
2025-10-19 22:41:34.568 INFO: Computing average number of neighbors
2025-10-19 22:41:34.712 INFO: Average number of neighbors: 19.66931216931217
2025-10-19 22:41:34.713 INFO: During training the following quantities will be reported: energy, forces
2025-10-19 22:41:34.714 INFO: ===========MODEL DETAILS===========
2025-10-19 22:41:34.745 INFO: Building model
2025-10-19 22:41:34.746 INFO: Message passing with 32 channels and max_L=0 (32x0e)
2025-10-19 22:41:34.746 INFO: 2 layers, each with correlation order: 3 (body order: 4) and spherical harmonics up to: l=3
2025-10-19 22:41:34.746 INFO: 8 radial and 5 basis functions
2025-10-19 22:41:34.747 INFO: Radial cutoff: 4.0 A (total receptive field for each atom: 8.0 A)
2025-10-19 22:41:34.747 INFO: Distance transform for radial basis functions: None
2025-10-19 22:41:34.747 INFO: Hidden irreps: 32x0e
2025-10-19 22:41:35.434 INFO: Total number of parameters: 67472
2025-10-19 22:41:35.435 INFO: 
2025-10-19 22:41:35.436 INFO: ===========OPTIMIZER INFORMATION===========
2025-10-19 22:41:35.436 INFO: Using ADAM as parameter optimizer
2025-10-19 22:41:35.436 INFO: Batch size: 32
2025-10-19 22:41:35.436 INFO: Number of gradient updates: 38
2025-10-19 22:41:35.437 INFO: Learning rate: 0.01, weight decay: 5e-07
2025-10-19 22:41:35.437 INFO: WeightedEnergyForcesLoss(energy_weight=1.000, forces_weight=100.000)
2025-10-19 22:41:35.438 INFO: Using gradient clipping with tolerance=10.000
2025-10-19 22:41:35.438 INFO: 
2025-10-19 22:41:35.438 INFO: ===========TRAINING===========
2025-10-19 22:41:35.439 INFO: Started training, reporting errors on validation set
2025-10-19 22:41:35.439 INFO: Loss metrics on validation set
2025-10-19 22:41:35.572 INFO: Initial: head: Default, loss=21.89348023, RMSE_E_per_atom= 6019.38 meV, RMSE_F=  274.84 meV / A
2025-10-19 22:41:39.496 INFO: Epoch 0: head: Default, loss=24.33524055, RMSE_E_per_atom= 6086.47 meV, RMSE_F=  340.96 meV / A
2025-10-19 22:41:42.772 INFO: Epoch 1: head: Default, loss=39.11001626, RMSE_E_per_atom= 6182.17 meV, RMSE_F=  632.46 meV / A
2025-10-19 22:41:46.250 INFO: Epoch 2: head: Default, loss=58.74532433, RMSE_E_per_atom= 5990.25 meV, RMSE_F=  903.37 meV / A
2025-10-19 22:41:49.565 INFO: Epoch 3: head: Default, loss=76.64829092, RMSE_E_per_atom= 5717.08 meV, RMSE_F= 1098.23 meV / A
2025-10-19 22:41:52.897 INFO: Epoch 4: head: Default, loss=52.79214832, RMSE_E_per_atom= 5379.55 meV, RMSE_F=  875.47 meV / A
2025-10-19 22:41:52.897 INFO: Training complete
2025-10-19 22:41:52.898 INFO: 
2025-10-19 22:41:52.898 INFO: ===========RESULTS===========
2025-10-19 22:41:53.045 INFO: Loading checkpoint: ./checkpoints/model01_run-123_epoch-0.pt
2025-10-19 22:41:53.069 INFO: Loaded Stage one model from epoch 0 for evaluation
2025-10-19 22:41:53.071 INFO: Saving model to checkpoints/model01_run-123.model
2025-10-19 22:41:53.230 INFO: Compiling model, saving metadata to model01_compiled.model
2025-10-19 22:41:53.714 INFO: Computing metrics for training, validation, and test sets
2025-10-19 22:41:53.715 INFO: Skipping evaluation for heads: ['pt_head']
2025-10-19 22:41:53.715 INFO: Evaluating train_Default ...
2025-10-19 22:41:55.065 INFO: Evaluating valid_Default ...
2025-10-19 22:41:55.097 INFO: Error-table on TRAIN and VALID:
+---------------+---------------------+------------------+-------------------+
|  config_type  | RMSE E / meV / atom | RMSE F / meV / A | relative F RMSE % |
+---------------+---------------------+------------------+-------------------+
| train_Default |         6265.0      |    1839749.2     |     163766.79     |
| valid_Default |         6086.5      |        341.0     |        123.98     |
+---------------+---------------------+------------------+-------------------+
2025-10-19 22:41:55.098 INFO: Evaluating B2Fe30_Default ...
2025-10-19 22:41:55.321 INFO: Evaluating Fe12Si4_Default ...
2025-10-19 22:41:55.508 INFO: Evaluating Fe13Si1B1_Default ...
2025-10-19 22:41:57.312 INFO: Evaluating Fe5B2Si3_Default ...
2025-10-19 22:41:57.542 INFO: Evaluating Fe5B3Si2_Default ...
2025-10-19 22:41:57.780 INFO: Evaluating Fe5B4Si1_Default ...
2025-10-19 22:41:58.023 INFO: Evaluating Fe5B5_Default ...
2025-10-19 22:41:58.103 INFO: Error-table on TEST:
+-------------------+---------------------+------------------+-------------------+
|    config_type    | RMSE E / meV / atom | RMSE F / meV / A | relative F RMSE % |
+-------------------+---------------------+------------------+-------------------+
|   B2Fe30_Default  |         7869.1      |        406.5     |         97.23     |
|  Fe12Si4_Default  |         7916.9      |        149.6     |   14959257285.93  |
| Fe13Si1B1_Default |        11613.4      |       2349.6     |         98.14     |
|  Fe5B2Si3_Default |       437528.5      |       4919.0     |         99.81     |
|  Fe5B3Si2_Default |        36191.2      |       2102.6     |         98.72     |
|  Fe5B4Si1_Default |         4644.3      |       2007.7     |         98.35     |
|   Fe5B5_Default   |         4410.3      |       2206.3     |         98.15     |
+-------------------+---------------------+------------------+-------------------+
2025-10-19 22:41:58.329 INFO: Done
2025-10-19 23:52:25.785 INFO: Using CPU
2025-10-20 01:40:17.208 INFO: ===========VERIFYING SETTINGS===========
2025-10-20 01:40:17.209 INFO: MACE version: 0.3.14
2025-10-20 01:40:17.210 INFO: Using CPU
2025-10-20 01:40:17.286 INFO: ===========LOADING INPUT DATA===========
2025-10-20 01:40:17.287 INFO: Using heads: ['Default']
2025-10-20 01:40:17.287 INFO: Using the key specifications to parse data:
2025-10-20 01:40:17.287 INFO: Default: KeySpecification(info_keys={'energy': 'energy', 'stress': 'REF_stress', 'virials': 'REF_virials', 'dipole': 'dipole', 'head': 'head', 'elec_temp': 'elec_temp', 'total_charge': 'total_charge', 'polarizability': 'polarizability', 'total_spin': 'total_spin'}, arrays_keys={'forces': 'forces', 'charges': 'REF_charges'})
2025-10-20 01:40:17.288 INFO: =============    Processing head Default     ===========
2025-10-20 01:40:17.333 WARNING: Since ASE version 3.23.0b1, using energy_key 'energy' is no longer safe when communicating between MACE and ASE. We recommend using a different key, rewriting 'energy' to 'REF_energy'. You need to use --energy_key='REF_energy' to specify the chosen key name.
2025-10-20 01:40:17.352 WARNING: Since ASE version 3.23.0b1, using forces_key 'forces' is no longer safe when communicating between MACE and ASE. We recommend using a different key, rewriting 'forces' to 'REF_forces'. You need to use --forces_key='REF_forces' to specify the chosen key name.
2025-10-20 01:40:17.370 WARNING: Configuration '0' is marked as 'IsolatedAtom' but does not contain an energy. Zero energy will be used.
2025-10-20 01:40:17.371 WARNING: Configuration '1' is marked as 'IsolatedAtom' but does not contain an energy. Zero energy will be used.
2025-10-20 01:40:17.371 WARNING: Configuration '2' is marked as 'IsolatedAtom' but does not contain an energy. Zero energy will be used.
2025-10-20 01:40:17.371 INFO: Using isolated atom energies from training file
2025-10-20 01:40:17.377 INFO: Training set 1/1 [energy: 247, stress: 0, virials: 0, dipole components: 0, head: 247, elec_temp: 0, total_charge: 0, polarizability: 0, total_spin: 0, forces: 247, charges: 0]
2025-10-20 01:40:17.378 INFO: Total Training set [energy: 247, stress: 0, virials: 0, dipole components: 0, head: 247, elec_temp: 0, total_charge: 0, polarizability: 0, total_spin: 0, forces: 247, charges: 0]
2025-10-20 01:40:17.378 INFO: No validation set provided, splitting training data instead.
2025-10-20 01:40:17.379 INFO: Using random 1% of training set for validation with following indices: [153, 205]
2025-10-20 01:40:17.379 INFO: Random Split Training set [energy: 245, stress: 0, virials: 0, dipole components: 0, head: 245, elec_temp: 0, total_charge: 0, polarizability: 0, total_spin: 0, forces: 245, charges: 0]
2025-10-20 01:40:17.380 INFO: Random Split Validation set [energy: 2, stress: 0, virials: 0, dipole components: 0, head: 2, elec_temp: 0, total_charge: 0, polarizability: 0, total_spin: 0, forces: 2, charges: 0]
2025-10-20 01:40:17.443 WARNING: Since ASE version 3.23.0b1, using energy_key 'energy' is no longer safe when communicating between MACE and ASE. We recommend using a different key, rewriting 'energy' to 'REF_energy'. You need to use --energy_key='REF_energy' to specify the chosen key name.
2025-10-20 01:40:17.472 WARNING: Since ASE version 3.23.0b1, using forces_key 'forces' is no longer safe when communicating between MACE and ASE. We recommend using a different key, rewriting 'forces' to 'REF_forces'. You need to use --forces_key='REF_forces' to specify the chosen key name.
2025-10-20 01:40:17.508 INFO: Test set 1/1 [energy: 403, stress: 0, virials: 0, dipole components: 0, head: 403, elec_temp: 0, total_charge: 0, polarizability: 0, total_spin: 0, forces: 403, charges: 0]
2025-10-20 01:40:17.510 INFO: Total Test set [energy: 403, stress: 0, virials: 0, dipole components: 0, head: 403, elec_temp: 0, total_charge: 0, polarizability: 0, total_spin: 0, forces: 403, charges: 0]
2025-10-20 01:40:17.511 INFO: Total number of configurations: train=245, valid=2, tests=[Fe5B5_Default: 13, Fe5B4Si1_Default: 45, Fe5B3Si2_Default: 45, B2Fe30_Default: 15, Fe5B2Si3_Default: 45, Fe12Si4_Default: 11, Fe13Si1B1_Default: 229],
2025-10-20 01:40:17.511 WARNING: Validation batch size (10) is larger than the number of validation data (2)
2025-10-20 01:40:17.512 INFO: Atomic Numbers used: [5, 14, 26]
2025-10-20 01:40:17.512 INFO: Atomic Energies used (z: eV) for head Default: {5: 0.0, 14: 0.0, 26: 0.0}
2025-10-20 01:40:17.512 INFO: Processing datasets for head 'Default'
2025-10-20 01:40:17.643 INFO: Combining 1 list datasets for head 'Default'
2025-10-20 01:40:17.646 INFO: Head 'Default' training dataset size: 245
2025-10-20 01:40:17.650 INFO: Computing average number of neighbors
2025-10-20 01:40:17.733 INFO: Average number of neighbors: 19.66931216931217
2025-10-20 01:40:17.735 INFO: During training the following quantities will be reported: energy, forces
2025-10-20 01:40:17.736 INFO: ===========MODEL DETAILS===========
2025-10-20 01:40:17.780 INFO: Building model
2025-10-20 01:40:17.782 INFO: Message passing with 32 channels and max_L=0 (32x0e)
2025-10-20 01:40:17.782 INFO: 2 layers, each with correlation order: 3 (body order: 4) and spherical harmonics up to: l=3
2025-10-20 01:40:17.783 INFO: 8 radial and 5 basis functions
2025-10-20 01:40:17.783 INFO: Radial cutoff: 4.0 A (total receptive field for each atom: 8.0 A)
2025-10-20 01:40:17.783 INFO: Distance transform for radial basis functions: None
2025-10-20 01:40:17.784 INFO: Hidden irreps: 32x0e
2025-10-20 01:40:18.472 INFO: Total number of parameters: 67472
2025-10-20 01:40:18.473 INFO: 
2025-10-20 01:40:18.474 INFO: ===========OPTIMIZER INFORMATION===========
2025-10-20 01:40:18.474 INFO: Using ADAM as parameter optimizer
2025-10-20 01:40:18.474 INFO: Batch size: 32
2025-10-20 01:40:18.475 INFO: Number of gradient updates: 765
2025-10-20 01:40:18.475 INFO: Learning rate: 0.01, weight decay: 5e-07
2025-10-20 01:40:18.475 INFO: WeightedEnergyForcesLoss(energy_weight=1.000, forces_weight=100.000)
2025-10-20 01:40:18.476 INFO: Using gradient clipping with tolerance=10.000
2025-10-20 01:40:18.476 INFO: 
2025-10-20 01:40:18.477 INFO: ===========TRAINING===========
2025-10-20 01:40:18.477 INFO: Started training, reporting errors on validation set
2025-10-20 01:40:18.477 INFO: Loss metrics on validation set
2025-10-20 01:40:18.603 INFO: Initial: head: Default, loss=21.89348023, RMSE_E_per_atom= 6019.38 meV, RMSE_F=  274.84 meV / A
2025-10-20 01:40:22.613 INFO: Epoch 0: head: Default, loss=24.33524055, RMSE_E_per_atom= 6086.47 meV, RMSE_F=  340.96 meV / A
2025-10-20 01:40:25.883 INFO: Epoch 1: head: Default, loss=39.11001626, RMSE_E_per_atom= 6182.17 meV, RMSE_F=  632.46 meV / A
2025-10-20 01:40:29.365 INFO: Epoch 2: head: Default, loss=58.74532433, RMSE_E_per_atom= 5990.25 meV, RMSE_F=  903.37 meV / A
2025-10-20 01:40:32.787 INFO: Epoch 3: head: Default, loss=76.64829092, RMSE_E_per_atom= 5717.08 meV, RMSE_F= 1098.23 meV / A
2025-10-20 01:40:36.222 INFO: Epoch 4: head: Default, loss=52.79214832, RMSE_E_per_atom= 5379.55 meV, RMSE_F=  875.47 meV / A
2025-10-20 01:40:39.624 INFO: Epoch 5: head: Default, loss=35.35017420, RMSE_E_per_atom= 5125.53 meV, RMSE_F=  666.55 meV / A
2025-10-20 01:40:43.045 INFO: Epoch 6: head: Default, loss=37.61711574, RMSE_E_per_atom= 4627.44 meV, RMSE_F=  733.63 meV / A
2025-10-20 01:40:46.384 INFO: Epoch 7: head: Default, loss=52.03286582, RMSE_E_per_atom= 4426.34 meV, RMSE_F=  919.09 meV / A
2025-10-20 01:40:49.864 INFO: Epoch 8: head: Default, loss=38.31412249, RMSE_E_per_atom= 4364.42 meV, RMSE_F=  758.82 meV / A
2025-10-20 01:40:53.350 INFO: Epoch 9: head: Default, loss=44.66959727, RMSE_E_per_atom= 4506.77 meV, RMSE_F=  830.83 meV / A
2025-10-20 01:40:56.849 INFO: Epoch 10: head: Default, loss=20.33325701, RMSE_E_per_atom= 4314.13 meV, RMSE_F=  469.63 meV / A
2025-10-20 01:41:00.262 INFO: Epoch 11: head: Default, loss=18.04985329, RMSE_E_per_atom= 3910.29 meV, RMSE_F=  456.17 meV / A
2025-10-20 01:41:03.940 INFO: Epoch 12: head: Default, loss=24.08114934, RMSE_E_per_atom= 3824.79 meV, RMSE_F=  579.08 meV / A
2025-10-20 01:41:07.381 INFO: Epoch 13: head: Default, loss=30.42733664, RMSE_E_per_atom= 3842.40 meV, RMSE_F=  678.90 meV / A
2025-10-20 01:41:10.867 INFO: Epoch 14: head: Default, loss=23.85480698, RMSE_E_per_atom= 3681.48 meV, RMSE_F=  584.43 meV / A
2025-10-20 01:41:14.275 INFO: Epoch 15: head: Default, loss=24.05516417, RMSE_E_per_atom= 3709.64 meV, RMSE_F=  586.08 meV / A
2025-10-20 01:41:17.786 INFO: Epoch 16: head: Default, loss=13.28047894, RMSE_E_per_atom= 3758.30 meV, RMSE_F=  352.65 meV / A
2025-10-20 01:41:21.263 INFO: Epoch 17: head: Default, loss=69.51455808, RMSE_E_per_atom= 3626.02 meV, RMSE_F= 1121.97 meV / A
2025-10-20 01:41:24.659 INFO: Epoch 18: head: Default, loss=18.86253550, RMSE_E_per_atom= 3686.33 meV, RMSE_F=  491.28 meV / A
2025-10-20 01:41:28.257 INFO: Epoch 19: head: Default, loss=19.15587555, RMSE_E_per_atom= 3884.86 meV, RMSE_F=  481.87 meV / A
2025-10-20 01:41:31.715 INFO: Epoch 20: head: Default, loss=44.48973909, RMSE_E_per_atom= 4012.97 meV, RMSE_F=  853.67 meV / A
2025-10-20 01:41:35.276 INFO: Epoch 21: head: Default, loss=18.14470355, RMSE_E_per_atom= 3938.12 meV, RMSE_F=  455.86 meV / A
2025-10-20 01:41:38.658 INFO: Epoch 22: head: Default, loss=93.91295210, RMSE_E_per_atom= 4322.85 meV, RMSE_F= 1300.53 meV / A
2025-10-20 01:41:42.183 INFO: Epoch 23: head: Default, loss=25.00942753, RMSE_E_per_atom= 3938.69 meV, RMSE_F=  587.41 meV / A
2025-10-20 01:41:45.563 INFO: Epoch 24: head: Default, loss=15.63101996, RMSE_E_per_atom= 4120.57 meV, RMSE_F=  377.93 meV / A
2025-10-20 01:41:49.058 INFO: Epoch 25: head: Default, loss=22.00657947, RMSE_E_per_atom= 4015.80 meV, RMSE_F=  528.08 meV / A
2025-10-20 01:41:52.689 INFO: Epoch 26: head: Default, loss=16.00679331, RMSE_E_per_atom= 3692.49 meV, RMSE_F=  428.71 meV / A
2025-10-20 01:41:56.173 INFO: Epoch 27: head: Default, loss=15.50719409, RMSE_E_per_atom= 3792.47 meV, RMSE_F=  407.82 meV / A
2025-10-20 01:41:59.563 INFO: Epoch 28: head: Default, loss=13.05695111, RMSE_E_per_atom= 3827.42 meV, RMSE_F=  338.60 meV / A
2025-10-20 01:42:03.154 INFO: Epoch 29: head: Default, loss=26.97318449, RMSE_E_per_atom= 3704.81 meV, RMSE_F=  634.20 meV / A
2025-10-20 01:42:06.579 INFO: Epoch 30: head: Default, loss=13.54893674, RMSE_E_per_atom= 3754.04 meV, RMSE_F=  360.62 meV / A
2025-10-20 01:42:09.974 INFO: Epoch 31: head: Default, loss=26.60081841, RMSE_E_per_atom= 3644.24 meV, RMSE_F=  631.83 meV / A
2025-10-20 01:42:13.544 INFO: Epoch 32: head: Default, loss=30.24409677, RMSE_E_per_atom= 3418.47 meV, RMSE_F=  698.59 meV / A
2025-10-20 01:42:17.038 INFO: Epoch 33: head: Default, loss=26.42156035, RMSE_E_per_atom= 3513.34 meV, RMSE_F=  636.39 meV / A
2025-10-20 01:42:20.467 INFO: Epoch 34: head: Default, loss=12.08232324, RMSE_E_per_atom= 3739.29 meV, RMSE_F=  319.10 meV / A
2025-10-20 01:42:23.974 INFO: Epoch 35: head: Default, loss=12.83382718, RMSE_E_per_atom= 3710.55 meV, RMSE_F=  344.96 meV / A
2025-10-20 01:42:27.474 INFO: Epoch 36: head: Default, loss=14.81356591, RMSE_E_per_atom= 3688.62 meV, RMSE_F=  400.27 meV / A
2025-10-20 01:42:30.921 INFO: Epoch 37: head: Default, loss=23.65331923, RMSE_E_per_atom= 3491.49 meV, RMSE_F=  592.59 meV / A
2025-10-20 01:42:34.420 INFO: Epoch 38: head: Default, loss=10.48557940, RMSE_E_per_atom= 3542.96 meV, RMSE_F=  290.15 meV / A
2025-10-20 01:42:37.969 INFO: Epoch 39: head: Default, loss=23.96432280, RMSE_E_per_atom= 3345.78 meV, RMSE_F=  606.09 meV / A
2025-10-20 01:42:41.475 INFO: Epoch 40: head: Default, loss=10.94091566, RMSE_E_per_atom= 3441.65 meV, RMSE_F=  316.81 meV / A
2025-10-20 01:42:44.926 INFO: Epoch 41: head: Default, loss=13.01624450, RMSE_E_per_atom= 3234.15 meV, RMSE_F=  394.62 meV / A
2025-10-20 01:42:48.430 INFO: Epoch 42: head: Default, loss=10.92390721, RMSE_E_per_atom= 3154.74 meV, RMSE_F=  344.90 meV / A
2025-10-20 01:42:51.983 INFO: Epoch 43: head: Default, loss=9.66421591, RMSE_E_per_atom= 3185.30 meV, RMSE_F=  303.02 meV / A
2025-10-20 01:42:55.571 INFO: Epoch 44: head: Default, loss=33.77485241, RMSE_E_per_atom= 2884.72 meV, RMSE_F=  769.60 meV / A
2025-10-20 01:42:59.083 INFO: Epoch 45: head: Default, loss=15.62808169, RMSE_E_per_atom= 3426.94 meV, RMSE_F=  441.73 meV / A
2025-10-20 01:43:02.672 INFO: Epoch 46: head: Default, loss=10.24209040, RMSE_E_per_atom= 3391.98 meV, RMSE_F=  299.64 meV / A
2025-10-20 01:43:06.208 INFO: Epoch 47: head: Default, loss=12.40717644, RMSE_E_per_atom= 3260.80 meV, RMSE_F=  376.58 meV / A
2025-10-20 01:43:09.810 INFO: Epoch 48: head: Default, loss=10.55358633, RMSE_E_per_atom= 3266.56 meV, RMSE_F=  323.06 meV / A
2025-10-20 01:43:13.461 INFO: Epoch 49: head: Default, loss=10.48553612, RMSE_E_per_atom= 2926.97 meV, RMSE_F=  352.19 meV / A
2025-10-20 01:43:17.039 INFO: Epoch 50: head: Default, loss=8.46859228, RMSE_E_per_atom= 2805.29 meV, RMSE_F=  301.12 meV / A
2025-10-20 01:43:20.497 INFO: Epoch 51: head: Default, loss=6.78733362, RMSE_E_per_atom= 2577.87 meV, RMSE_F=  263.24 meV / A
2025-10-20 01:43:24.029 INFO: Epoch 52: head: Default, loss=8.37566566, RMSE_E_per_atom= 2639.98 meV, RMSE_F=  312.76 meV / A
2025-10-20 01:43:27.515 INFO: Epoch 53: head: Default, loss=15.23531139, RMSE_E_per_atom= 2308.97 meV, RMSE_F=  501.39 meV / A
2025-10-20 01:43:31.084 INFO: Epoch 54: head: Default, loss=6.63860008, RMSE_E_per_atom= 2591.78 meV, RMSE_F=  256.12 meV / A
2025-10-20 01:43:34.663 INFO: Epoch 55: head: Default, loss=8.22151488, RMSE_E_per_atom= 2657.48 meV, RMSE_F=  306.28 meV / A
2025-10-20 01:43:38.292 INFO: Epoch 56: head: Default, loss=12.67170038, RMSE_E_per_atom= 2593.19 meV, RMSE_F=  431.49 meV / A
2025-10-20 01:43:41.851 INFO: Epoch 57: head: Default, loss=7.79388148, RMSE_E_per_atom= 2458.32 meV, RMSE_F=  308.94 meV / A
2025-10-20 01:43:45.365 INFO: Epoch 58: head: Default, loss=8.93761283, RMSE_E_per_atom= 2367.95 meV, RMSE_F=  350.26 meV / A
2025-10-20 01:43:48.974 INFO: Epoch 59: head: Default, loss=8.91096010, RMSE_E_per_atom= 2757.13 meV, RMSE_F=  319.69 meV / A
2025-10-20 01:43:52.601 INFO: Epoch 60: head: Default, loss=9.99532377, RMSE_E_per_atom= 2543.46 meV, RMSE_F=  367.72 meV / A
2025-10-20 01:43:56.172 INFO: Epoch 61: head: Default, loss=15.23212345, RMSE_E_per_atom= 2404.65 meV, RMSE_F=  496.81 meV / A
2025-10-20 01:43:59.605 INFO: Epoch 62: head: Default, loss=11.04582200, RMSE_E_per_atom= 2626.79 meV, RMSE_F=  389.76 meV / A
2025-10-20 01:44:03.037 INFO: Epoch 63: head: Default, loss=7.66954813, RMSE_E_per_atom= 2582.06 meV, RMSE_F=  294.48 meV / A
2025-10-20 01:44:06.637 INFO: Epoch 64: head: Default, loss=6.97473208, RMSE_E_per_atom= 2573.65 meV, RMSE_F=  270.66 meV / A
2025-10-20 01:44:10.129 INFO: Epoch 65: head: Default, loss=10.26227168, RMSE_E_per_atom= 2482.83 meV, RMSE_F=  378.95 meV / A
2025-10-20 01:44:13.633 INFO: Epoch 66: head: Default, loss=10.81572760, RMSE_E_per_atom= 2397.73 meV, RMSE_F=  398.53 meV / A
2025-10-20 01:44:17.248 INFO: Epoch 67: head: Default, loss=15.70087072, RMSE_E_per_atom= 2533.50 meV, RMSE_F=  499.83 meV / A
2025-10-20 01:44:20.643 INFO: Epoch 68: head: Default, loss=6.40777018, RMSE_E_per_atom= 2408.91 meV, RMSE_F=  264.82 meV / A
2025-10-20 01:44:24.027 INFO: Epoch 69: head: Default, loss=7.49779715, RMSE_E_per_atom= 2393.92 meV, RMSE_F=  304.38 meV / A
2025-10-20 01:44:27.560 INFO: Epoch 70: head: Default, loss=14.10702010, RMSE_E_per_atom= 2299.47 meV, RMSE_F=  478.82 meV / A
2025-10-20 01:44:31.093 INFO: Epoch 71: head: Default, loss=7.62925581, RMSE_E_per_atom= 2260.08 meV, RMSE_F=  318.60 meV / A
2025-10-20 01:44:34.644 INFO: Epoch 72: head: Default, loss=6.53196436, RMSE_E_per_atom= 2331.87 meV, RMSE_F=  276.16 meV / A
2025-10-20 01:44:38.072 INFO: Epoch 73: head: Default, loss=9.94937251, RMSE_E_per_atom= 2305.74 meV, RMSE_F=  381.87 meV / A
2025-10-20 01:44:41.771 INFO: Epoch 74: head: Default, loss=28.47194342, RMSE_E_per_atom= 2203.83 meV, RMSE_F=  721.71 meV / A
2025-10-20 01:44:45.269 INFO: Epoch 75: head: Default, loss=13.84307317, RMSE_E_per_atom= 2346.19 meV, RMSE_F=  470.97 meV / A
2025-10-20 01:44:48.807 INFO: Epoch 76: head: Default, loss=8.41932054, RMSE_E_per_atom= 2391.28 meV, RMSE_F=  333.47 meV / A
2025-10-20 01:44:52.275 INFO: Epoch 77: head: Default, loss=7.67412618, RMSE_E_per_atom= 2408.49 meV, RMSE_F=  308.99 meV / A
2025-10-20 01:44:55.885 INFO: Epoch 78: head: Default, loss=11.44551795, RMSE_E_per_atom= 2735.30 meV, RMSE_F=  392.55 meV / A
2025-10-20 01:44:59.479 INFO: Epoch 79: head: Default, loss=8.15005886, RMSE_E_per_atom= 2432.91 meV, RMSE_F=  322.20 meV / A
2025-10-20 01:45:03.066 INFO: Epoch 80: head: Default, loss=12.05220508, RMSE_E_per_atom= 2622.45 meV, RMSE_F=  415.06 meV / A
2025-10-20 01:45:06.647 INFO: Epoch 81: head: Default, loss=6.80245322, RMSE_E_per_atom= 2627.00 meV, RMSE_F=  258.92 meV / A
2025-10-20 01:45:10.218 INFO: Epoch 82: head: Default, loss=6.94901130, RMSE_E_per_atom= 2418.42 meV, RMSE_F=  283.71 meV / A
2025-10-20 01:45:13.731 INFO: Epoch 83: head: Default, loss=5.97662181, RMSE_E_per_atom= 2332.81 meV, RMSE_F=  255.17 meV / A
2025-10-20 01:45:17.378 INFO: Epoch 84: head: Default, loss=9.05992403, RMSE_E_per_atom= 2391.15 meV, RMSE_F=  352.17 meV / A
2025-10-20 01:45:20.866 INFO: Epoch 85: head: Default, loss=5.46501356, RMSE_E_per_atom= 2428.59 meV, RMSE_F=  224.32 meV / A
2025-10-20 01:45:24.440 INFO: Epoch 86: head: Default, loss=5.64064157, RMSE_E_per_atom= 2281.72 meV, RMSE_F=  246.48 meV / A
2025-10-20 01:45:28.110 INFO: Epoch 87: head: Default, loss=5.02559007, RMSE_E_per_atom= 2303.19 meV, RMSE_F=  217.86 meV / A
2025-10-20 01:45:31.661 INFO: Epoch 88: head: Default, loss=6.25349557, RMSE_E_per_atom= 1985.83 meV, RMSE_F=  292.63 meV / A
2025-10-20 01:45:35.236 INFO: Epoch 89: head: Default, loss=4.27195555, RMSE_E_per_atom= 2013.02 meV, RMSE_F=  211.94 meV / A
2025-10-20 01:45:38.933 INFO: Epoch 90: head: Default, loss=4.58350450, RMSE_E_per_atom= 1841.55 meV, RMSE_F=  240.33 meV / A
2025-10-20 01:45:42.569 INFO: Epoch 91: head: Default, loss=5.08540395, RMSE_E_per_atom= 1877.46 meV, RMSE_F=  257.80 meV / A
2025-10-20 01:45:46.307 INFO: Epoch 92: head: Default, loss=5.33436502, RMSE_E_per_atom= 1840.57 meV, RMSE_F=  269.83 meV / A
2025-10-20 01:45:49.867 INFO: Epoch 93: head: Default, loss=7.44416268, RMSE_E_per_atom= 1778.91 meV, RMSE_F=  342.40 meV / A
2025-10-20 01:45:53.461 INFO: Epoch 94: head: Default, loss=6.84518483, RMSE_E_per_atom= 1671.69 meV, RMSE_F=  330.09 meV / A
2025-10-20 01:45:57.112 INFO: Epoch 95: head: Default, loss=3.31279639, RMSE_E_per_atom= 1611.65 meV, RMSE_F=  200.70 meV / A
2025-10-20 01:46:00.703 INFO: Epoch 96: head: Default, loss=6.59410582, RMSE_E_per_atom= 1838.50 meV, RMSE_F=  313.18 meV / A
2025-10-20 01:46:04.194 INFO: Epoch 97: head: Default, loss=8.31649553, RMSE_E_per_atom= 1561.29 meV, RMSE_F=  376.77 meV / A
2025-10-20 01:46:07.690 INFO: Epoch 98: head: Default, loss=7.36264636, RMSE_E_per_atom= 1515.20 meV, RMSE_F=  352.55 meV / A
2025-10-20 01:46:11.245 INFO: Epoch 99: head: Default, loss=4.96910284, RMSE_E_per_atom= 1718.39 meV, RMSE_F=  264.30 meV / A
2025-10-20 01:46:11.246 INFO: Training complete
2025-10-20 01:46:11.246 INFO: 
2025-10-20 01:46:11.246 INFO: ===========RESULTS===========
2025-10-20 01:46:11.403 INFO: Loading checkpoint: ./checkpoints/model01_run-123_epoch-95.pt
2025-10-20 01:46:11.430 INFO: Loaded Stage one model from epoch 95 for evaluation
2025-10-20 01:46:11.431 INFO: Saving model to checkpoints/model01_run-123.model
2025-10-20 01:46:11.577 INFO: Compiling model, saving metadata to model01_compiled.model
2025-10-20 01:46:12.041 INFO: Computing metrics for training, validation, and test sets
2025-10-20 01:46:12.042 INFO: Skipping evaluation for heads: ['pt_head']
2025-10-20 01:46:12.042 INFO: Evaluating train_Default ...
2025-10-20 01:46:13.468 INFO: Evaluating valid_Default ...
2025-10-20 01:46:13.502 INFO: Error-table on TRAIN and VALID:
+---------------+---------------------+------------------+-------------------+
|  config_type  | RMSE E / meV / atom | RMSE F / meV / A | relative F RMSE % |
+---------------+---------------------+------------------+-------------------+
| train_Default |         1747.6      |      12762.6     |       1136.07     |
| valid_Default |         1611.7      |        200.7     |         72.98     |
+---------------+---------------------+------------------+-------------------+
2025-10-20 01:46:13.503 INFO: Evaluating B2Fe30_Default ...
2025-10-20 01:46:13.753 INFO: Evaluating Fe12Si4_Default ...
2025-10-20 01:46:13.959 INFO: Evaluating Fe13Si1B1_Default ...
2025-10-20 01:46:15.943 INFO: Evaluating Fe5B2Si3_Default ...
2025-10-20 01:46:16.199 INFO: Evaluating Fe5B3Si2_Default ...
2025-10-20 01:46:16.469 INFO: Evaluating Fe5B4Si1_Default ...
2025-10-20 01:46:16.747 INFO: Evaluating Fe5B5_Default ...
2025-10-20 01:46:16.834 INFO: Error-table on TEST:
+-------------------+---------------------+------------------+-------------------+
|    config_type    | RMSE E / meV / atom | RMSE F / meV / A | relative F RMSE % |
+-------------------+---------------------+------------------+-------------------+
|   B2Fe30_Default  |         1548.3      |        398.9     |         95.43     |
|  Fe12Si4_Default  |         1545.0      |        668.7     |   66869897726.24  |
| Fe13Si1B1_Default |         9171.5      |       2154.1     |         89.97     |
|  Fe5B2Si3_Default |       437183.3      |       5045.1     |        102.37     |
|  Fe5B3Si2_Default |        35499.7      |       1356.5     |         63.69     |
|  Fe5B4Si1_Default |         2205.3      |       1312.7     |         64.30     |
|   Fe5B5_Default   |         1392.6      |       1064.1     |         47.33     |
+-------------------+---------------------+------------------+-------------------+
2025-10-20 01:46:17.075 INFO: Done
2025-10-20 01:46:17.247 INFO: Using CPU
2025-10-20 18:43:50.224 INFO: ===========VERIFYING SETTINGS===========
2025-10-20 18:43:50.224 INFO: MACE version: 0.3.14
2025-10-20 18:43:50.290 INFO: CUDA version: 12.6, CUDA device: 0
2025-10-20 18:43:50.440 INFO: ===========LOADING INPUT DATA===========
2025-10-20 18:43:50.440 INFO: Using heads: ['Default']
2025-10-20 18:43:50.440 INFO: Using the key specifications to parse data:
2025-10-20 18:43:50.440 INFO: Default: KeySpecification(info_keys={'energy': 'energy', 'stress': 'REF_stress', 'virials': 'REF_virials', 'dipole': 'dipole', 'head': 'head', 'elec_temp': 'elec_temp', 'total_charge': 'total_charge', 'polarizability': 'polarizability', 'total_spin': 'total_spin'}, arrays_keys={'forces': 'forces', 'charges': 'REF_charges'})
2025-10-20 18:43:50.440 INFO: =============    Processing head Default     ===========
2025-10-20 18:43:50.540 WARNING: Since ASE version 3.23.0b1, using energy_key 'energy' is no longer safe when communicating between MACE and ASE. We recommend using a different key, rewriting 'energy' to 'REF_energy'. You need to use --energy_key='REF_energy' to specify the chosen key name.
2025-10-20 18:43:50.575 WARNING: Since ASE version 3.23.0b1, using forces_key 'forces' is no longer safe when communicating between MACE and ASE. We recommend using a different key, rewriting 'forces' to 'REF_forces'. You need to use --forces_key='REF_forces' to specify the chosen key name.
2025-10-20 18:43:50.614 WARNING: Configuration '0' is marked as 'IsolatedAtom' but does not contain an energy. Zero energy will be used.
2025-10-20 18:43:50.615 WARNING: Configuration '1' is marked as 'IsolatedAtom' but does not contain an energy. Zero energy will be used.
2025-10-20 18:43:50.615 WARNING: Configuration '2' is marked as 'IsolatedAtom' but does not contain an energy. Zero energy will be used.
2025-10-20 18:43:50.616 INFO: Using isolated atom energies from training file
2025-10-20 18:43:50.622 INFO: Training set 1/1 [energy: 247, stress: 0, virials: 0, dipole components: 0, head: 247, elec_temp: 0, total_charge: 0, polarizability: 0, total_spin: 0, forces: 247, charges: 0]
2025-10-20 18:43:50.623 INFO: Total Training set [energy: 247, stress: 0, virials: 0, dipole components: 0, head: 247, elec_temp: 0, total_charge: 0, polarizability: 0, total_spin: 0, forces: 247, charges: 0]
2025-10-20 18:43:50.624 INFO: No validation set provided, splitting training data instead.
2025-10-20 18:43:50.625 INFO: Using random 1% of training set for validation with following indices: [153, 205]
2025-10-20 18:43:50.625 INFO: Random Split Training set [energy: 245, stress: 0, virials: 0, dipole components: 0, head: 245, elec_temp: 0, total_charge: 0, polarizability: 0, total_spin: 0, forces: 245, charges: 0]
2025-10-20 18:43:50.625 INFO: Random Split Validation set [energy: 2, stress: 0, virials: 0, dipole components: 0, head: 2, elec_temp: 0, total_charge: 0, polarizability: 0, total_spin: 0, forces: 2, charges: 0]
2025-10-20 18:43:50.757 WARNING: Since ASE version 3.23.0b1, using energy_key 'energy' is no longer safe when communicating between MACE and ASE. We recommend using a different key, rewriting 'energy' to 'REF_energy'. You need to use --energy_key='REF_energy' to specify the chosen key name.
2025-10-20 18:43:50.811 WARNING: Since ASE version 3.23.0b1, using forces_key 'forces' is no longer safe when communicating between MACE and ASE. We recommend using a different key, rewriting 'forces' to 'REF_forces'. You need to use --forces_key='REF_forces' to specify the chosen key name.
2025-10-20 18:43:50.870 INFO: Test set 1/1 [energy: 403, stress: 0, virials: 0, dipole components: 0, head: 403, elec_temp: 0, total_charge: 0, polarizability: 0, total_spin: 0, forces: 403, charges: 0]
2025-10-20 18:43:50.872 INFO: Total Test set [energy: 403, stress: 0, virials: 0, dipole components: 0, head: 403, elec_temp: 0, total_charge: 0, polarizability: 0, total_spin: 0, forces: 403, charges: 0]
2025-10-20 18:43:50.873 INFO: Total number of configurations: train=245, valid=2, tests=[Fe5B5_Default: 13, Fe5B4Si1_Default: 45, Fe5B3Si2_Default: 45, B2Fe30_Default: 15, Fe5B2Si3_Default: 45, Fe12Si4_Default: 11, Fe13Si1B1_Default: 229],
2025-10-20 18:43:50.873 WARNING: Validation batch size (10) is larger than the number of validation data (2)
2025-10-20 18:43:50.873 INFO: Atomic Numbers used: [5, 14, 26]
2025-10-20 18:43:50.873 INFO: Atomic Energies used (z: eV) for head Default: {5: 0.0, 14: 0.0, 26: 0.0}
2025-10-20 18:43:50.873 INFO: Processing datasets for head 'Default'
2025-10-20 18:43:51.042 INFO: Combining 1 list datasets for head 'Default'
2025-10-20 18:43:51.042 INFO: Head 'Default' training dataset size: 245
2025-10-20 18:43:51.042 INFO: Computing average number of neighbors
2025-10-20 18:43:51.239 INFO: Average number of neighbors: 19.66931216931217
2025-10-20 18:43:51.240 INFO: During training the following quantities will be reported: energy, forces
2025-10-20 18:43:51.240 INFO: ===========MODEL DETAILS===========
2025-10-20 18:43:51.290 INFO: Building model
2025-10-20 18:43:51.290 INFO: Message passing with 32 channels and max_L=0 (32x0e)
2025-10-20 18:43:51.290 INFO: 2 layers, each with correlation order: 3 (body order: 4) and spherical harmonics up to: l=3
2025-10-20 18:43:51.290 INFO: 8 radial and 5 basis functions
2025-10-20 18:43:51.290 INFO: Radial cutoff: 4.0 A (total receptive field for each atom: 8.0 A)
2025-10-20 18:43:51.290 INFO: Distance transform for radial basis functions: None
2025-10-20 18:43:51.290 INFO: Hidden irreps: 32x0e
2025-10-20 18:43:52.441 INFO: Total number of parameters: 67472
2025-10-20 18:43:52.441 INFO: 
2025-10-20 18:43:52.441 INFO: ===========OPTIMIZER INFORMATION===========
2025-10-20 18:43:52.441 INFO: Using ADAM as parameter optimizer
2025-10-20 18:43:52.456 INFO: Batch size: 32
2025-10-20 18:43:52.457 INFO: Number of gradient updates: 765
2025-10-20 18:43:52.457 INFO: Learning rate: 0.01, weight decay: 5e-07
2025-10-20 18:43:52.458 INFO: WeightedEnergyForcesLoss(energy_weight=1.000, forces_weight=100.000)
2025-10-20 18:43:52.458 INFO: Using gradient clipping with tolerance=10.000
2025-10-20 18:43:52.458 INFO: 
2025-10-20 18:43:52.458 INFO: ===========TRAINING===========
2025-10-20 18:43:52.458 INFO: Started training, reporting errors on validation set
2025-10-20 18:43:52.458 INFO: Loss metrics on validation set
2025-10-20 18:43:52.940 INFO: Initial: head: Default, loss=21.89348023, RMSE_E_per_atom= 6019.38 meV, RMSE_F=  274.84 meV / A
2025-10-20 18:43:59.393 INFO: Epoch 0: head: Default, loss=24.33524055, RMSE_E_per_atom= 6086.47 meV, RMSE_F=  340.96 meV / A
2025-10-20 18:44:00.449 INFO: Epoch 1: head: Default, loss=39.11001626, RMSE_E_per_atom= 6182.17 meV, RMSE_F=  632.46 meV / A
2025-10-20 18:44:01.058 INFO: Epoch 2: head: Default, loss=58.74532433, RMSE_E_per_atom= 5990.25 meV, RMSE_F=  903.37 meV / A
2025-10-20 18:44:01.658 INFO: Epoch 3: head: Default, loss=76.64829092, RMSE_E_per_atom= 5717.08 meV, RMSE_F= 1098.23 meV / A
2025-10-20 18:44:02.258 INFO: Epoch 4: head: Default, loss=52.79214832, RMSE_E_per_atom= 5379.55 meV, RMSE_F=  875.47 meV / A
2025-10-20 18:44:02.858 INFO: Epoch 5: head: Default, loss=35.35017420, RMSE_E_per_atom= 5125.53 meV, RMSE_F=  666.55 meV / A
2025-10-20 18:44:03.458 INFO: Epoch 6: head: Default, loss=37.61711574, RMSE_E_per_atom= 4627.44 meV, RMSE_F=  733.63 meV / A
2025-10-20 18:44:04.058 INFO: Epoch 7: head: Default, loss=52.03286582, RMSE_E_per_atom= 4426.34 meV, RMSE_F=  919.09 meV / A
2025-10-20 18:44:04.658 INFO: Epoch 8: head: Default, loss=38.31412249, RMSE_E_per_atom= 4364.42 meV, RMSE_F=  758.82 meV / A
2025-10-20 18:44:05.258 INFO: Epoch 9: head: Default, loss=44.66959727, RMSE_E_per_atom= 4506.77 meV, RMSE_F=  830.83 meV / A
2025-10-20 18:44:05.858 INFO: Epoch 10: head: Default, loss=20.33325701, RMSE_E_per_atom= 4314.13 meV, RMSE_F=  469.63 meV / A
2025-10-20 18:44:06.475 INFO: Epoch 11: head: Default, loss=18.04985329, RMSE_E_per_atom= 3910.29 meV, RMSE_F=  456.17 meV / A
2025-10-20 18:44:07.117 INFO: Epoch 12: head: Default, loss=24.08114934, RMSE_E_per_atom= 3824.79 meV, RMSE_F=  579.08 meV / A
2025-10-20 18:44:07.721 INFO: Epoch 13: head: Default, loss=30.42733664, RMSE_E_per_atom= 3842.40 meV, RMSE_F=  678.90 meV / A
2025-10-20 18:44:08.332 INFO: Epoch 14: head: Default, loss=23.85480698, RMSE_E_per_atom= 3681.48 meV, RMSE_F=  584.43 meV / A
2025-10-20 18:44:08.927 INFO: Epoch 15: head: Default, loss=24.05516417, RMSE_E_per_atom= 3709.64 meV, RMSE_F=  586.08 meV / A
2025-10-20 18:44:09.524 INFO: Epoch 16: head: Default, loss=13.28047894, RMSE_E_per_atom= 3758.30 meV, RMSE_F=  352.65 meV / A
2025-10-20 18:44:10.125 INFO: Epoch 17: head: Default, loss=69.51455794, RMSE_E_per_atom= 3626.02 meV, RMSE_F= 1121.97 meV / A
2025-10-20 18:44:10.735 INFO: Epoch 18: head: Default, loss=18.86253549, RMSE_E_per_atom= 3686.33 meV, RMSE_F=  491.28 meV / A
2025-10-20 18:44:11.336 INFO: Epoch 19: head: Default, loss=19.15587560, RMSE_E_per_atom= 3884.86 meV, RMSE_F=  481.87 meV / A
2025-10-20 18:44:11.925 INFO: Epoch 20: head: Default, loss=44.48973941, RMSE_E_per_atom= 4012.97 meV, RMSE_F=  853.67 meV / A
2025-10-20 18:44:12.541 INFO: Epoch 21: head: Default, loss=18.14470324, RMSE_E_per_atom= 3938.12 meV, RMSE_F=  455.86 meV / A
2025-10-20 18:44:13.141 INFO: Epoch 22: head: Default, loss=93.91295160, RMSE_E_per_atom= 4322.85 meV, RMSE_F= 1300.53 meV / A
2025-10-20 18:44:13.725 INFO: Epoch 23: head: Default, loss=25.00942768, RMSE_E_per_atom= 3938.69 meV, RMSE_F=  587.41 meV / A
2025-10-20 18:44:14.334 INFO: Epoch 24: head: Default, loss=15.63102035, RMSE_E_per_atom= 4120.57 meV, RMSE_F=  377.93 meV / A
2025-10-20 18:44:14.925 INFO: Epoch 25: head: Default, loss=22.00658009, RMSE_E_per_atom= 4015.80 meV, RMSE_F=  528.08 meV / A
2025-10-20 18:44:15.542 INFO: Epoch 26: head: Default, loss=16.00679630, RMSE_E_per_atom= 3692.49 meV, RMSE_F=  428.71 meV / A
2025-10-20 18:44:16.125 INFO: Epoch 27: head: Default, loss=15.50720498, RMSE_E_per_atom= 3792.47 meV, RMSE_F=  407.82 meV / A
2025-10-20 18:44:16.725 INFO: Epoch 28: head: Default, loss=13.05695048, RMSE_E_per_atom= 3827.42 meV, RMSE_F=  338.60 meV / A
2025-10-20 18:44:17.342 INFO: Epoch 29: head: Default, loss=26.97319618, RMSE_E_per_atom= 3704.81 meV, RMSE_F=  634.20 meV / A
2025-10-20 18:44:17.927 INFO: Epoch 30: head: Default, loss=13.54893747, RMSE_E_per_atom= 3754.04 meV, RMSE_F=  360.62 meV / A
2025-10-20 18:44:18.526 INFO: Epoch 31: head: Default, loss=26.60085239, RMSE_E_per_atom= 3644.24 meV, RMSE_F=  631.83 meV / A
2025-10-20 18:44:19.125 INFO: Epoch 32: head: Default, loss=30.24420659, RMSE_E_per_atom= 3418.47 meV, RMSE_F=  698.59 meV / A
2025-10-20 18:44:19.728 INFO: Epoch 33: head: Default, loss=26.42182577, RMSE_E_per_atom= 3513.34 meV, RMSE_F=  636.40 meV / A
2025-10-20 18:44:20.322 INFO: Epoch 34: head: Default, loss=12.08237507, RMSE_E_per_atom= 3739.29 meV, RMSE_F=  319.10 meV / A
2025-10-20 18:44:20.948 INFO: Epoch 35: head: Default, loss=12.83392506, RMSE_E_per_atom= 3710.55 meV, RMSE_F=  344.96 meV / A
2025-10-20 18:44:21.555 INFO: Epoch 36: head: Default, loss=14.81320949, RMSE_E_per_atom= 3688.62 meV, RMSE_F=  400.26 meV / A
2025-10-20 18:44:22.154 INFO: Epoch 37: head: Default, loss=23.65281658, RMSE_E_per_atom= 3491.50 meV, RMSE_F=  592.58 meV / A
2025-10-20 18:44:22.755 INFO: Epoch 38: head: Default, loss=10.48570307, RMSE_E_per_atom= 3542.96 meV, RMSE_F=  290.15 meV / A
2025-10-20 18:44:23.359 INFO: Epoch 39: head: Default, loss=23.97016057, RMSE_E_per_atom= 3345.77 meV, RMSE_F=  606.19 meV / A
2025-10-20 18:44:23.961 INFO: Epoch 40: head: Default, loss=10.94139327, RMSE_E_per_atom= 3441.64 meV, RMSE_F=  316.83 meV / A
2025-10-20 18:44:24.559 INFO: Epoch 41: head: Default, loss=13.01669079, RMSE_E_per_atom= 3234.22 meV, RMSE_F=  394.63 meV / A
2025-10-20 18:44:25.159 INFO: Epoch 42: head: Default, loss=10.92540310, RMSE_E_per_atom= 3154.89 meV, RMSE_F=  344.93 meV / A
2025-10-20 18:44:25.759 INFO: Epoch 43: head: Default, loss=9.66434000, RMSE_E_per_atom= 3185.42 meV, RMSE_F=  303.01 meV / A
2025-10-20 18:44:26.393 INFO: Epoch 44: head: Default, loss=33.52470763, RMSE_E_per_atom= 2886.32 meV, RMSE_F=  766.28 meV / A
2025-10-20 18:44:27.004 INFO: Epoch 45: head: Default, loss=15.68550054, RMSE_E_per_atom= 3428.06 meV, RMSE_F=  442.94 meV / A
2025-10-20 18:44:27.609 INFO: Epoch 46: head: Default, loss=10.22073924, RMSE_E_per_atom= 3385.29 meV, RMSE_F=  299.69 meV / A
2025-10-20 18:44:28.210 INFO: Epoch 47: head: Default, loss=12.50687452, RMSE_E_per_atom= 3245.38 meV, RMSE_F=  380.54 meV / A
2025-10-20 18:44:28.810 INFO: Epoch 48: head: Default, loss=10.37505494, RMSE_E_per_atom= 3269.01 meV, RMSE_F=  317.23 meV / A
2025-10-20 18:44:29.393 INFO: Epoch 49: head: Default, loss=10.36227848, RMSE_E_per_atom= 2937.90 meV, RMSE_F=  347.75 meV / A
2025-10-20 18:44:29.995 INFO: Epoch 50: head: Default, loss=8.37878154, RMSE_E_per_atom= 2813.36 meV, RMSE_F=  297.36 meV / A
2025-10-20 18:44:30.610 INFO: Epoch 51: head: Default, loss=6.86929434, RMSE_E_per_atom= 2542.93 meV, RMSE_F=  269.67 meV / A
2025-10-20 18:44:31.245 INFO: Epoch 52: head: Default, loss=9.20593796, RMSE_E_per_atom= 2616.69 meV, RMSE_F=  340.07 meV / A
2025-10-20 18:44:31.849 INFO: Epoch 53: head: Default, loss=16.15358897, RMSE_E_per_atom= 2324.30 meV, RMSE_F=  518.70 meV / A
2025-10-20 18:44:32.448 INFO: Epoch 54: head: Default, loss=6.46704601, RMSE_E_per_atom= 2598.01 meV, RMSE_F=  248.68 meV / A
2025-10-20 18:44:33.062 INFO: Epoch 55: head: Default, loss=8.52593844, RMSE_E_per_atom= 2729.94 meV, RMSE_F=  309.83 meV / A
2025-10-20 18:44:33.672 INFO: Epoch 56: head: Default, loss=12.53092372, RMSE_E_per_atom= 2658.99 meV, RMSE_F=  424.17 meV / A
2025-10-20 18:44:34.276 INFO: Epoch 57: head: Default, loss=9.37527546, RMSE_E_per_atom= 2619.74 meV, RMSE_F=  344.78 meV / A
2025-10-20 18:44:34.879 INFO: Epoch 58: head: Default, loss=8.25347009, RMSE_E_per_atom= 2679.45 meV, RMSE_F=  305.41 meV / A
2025-10-20 18:44:35.477 INFO: Epoch 59: head: Default, loss=7.38557565, RMSE_E_per_atom= 2633.19 meV, RMSE_F=  279.95 meV / A
2025-10-20 18:44:36.087 INFO: Epoch 60: head: Default, loss=13.08926946, RMSE_E_per_atom= 2513.85 meV, RMSE_F=  445.64 meV / A
2025-10-20 18:44:36.698 INFO: Epoch 61: head: Default, loss=14.35193272, RMSE_E_per_atom= 2232.42 meV, RMSE_F=  487.03 meV / A
2025-10-20 18:44:37.293 INFO: Epoch 62: head: Default, loss=8.72505676, RMSE_E_per_atom= 2505.13 meV, RMSE_F=  334.28 meV / A
2025-10-20 18:44:37.893 INFO: Epoch 63: head: Default, loss=6.55338970, RMSE_E_per_atom= 2581.30 meV, RMSE_F=  253.84 meV / A
2025-10-20 18:44:38.494 INFO: Epoch 64: head: Default, loss=7.74564645, RMSE_E_per_atom= 2560.53 meV, RMSE_F=  298.91 meV / A
2025-10-20 18:44:39.094 INFO: Epoch 65: head: Default, loss=10.83548657, RMSE_E_per_atom= 2459.71 meV, RMSE_F=  395.23 meV / A
2025-10-20 18:44:39.694 INFO: Epoch 66: head: Default, loss=10.35206617, RMSE_E_per_atom= 2261.56 meV, RMSE_F=  394.84 meV / A
2025-10-20 18:44:40.294 INFO: Epoch 67: head: Default, loss=6.80024351, RMSE_E_per_atom= 2416.62 meV, RMSE_F=  278.58 meV / A
2025-10-20 18:44:40.892 INFO: Epoch 68: head: Default, loss=8.43141654, RMSE_E_per_atom= 2278.54 meV, RMSE_F=  341.63 meV / A
2025-10-20 18:44:41.475 INFO: Epoch 69: head: Default, loss=7.97035871, RMSE_E_per_atom= 2385.04 meV, RMSE_F=  320.19 meV / A
2025-10-20 18:44:42.074 INFO: Epoch 70: head: Default, loss=21.03178983, RMSE_E_per_atom= 2331.80 meV, RMSE_F=  605.20 meV / A
2025-10-20 18:44:42.677 INFO: Epoch 71: head: Default, loss=9.91388349, RMSE_E_per_atom= 2197.55 meV, RMSE_F=  387.28 meV / A
2025-10-20 18:44:43.262 INFO: Epoch 72: head: Default, loss=9.14345055, RMSE_E_per_atom= 2240.24 meV, RMSE_F=  364.26 meV / A
2025-10-20 18:44:43.861 INFO: Epoch 73: head: Default, loss=11.10345975, RMSE_E_per_atom= 2226.93 meV, RMSE_F=  415.30 meV / A
2025-10-20 18:44:44.477 INFO: Epoch 74: head: Default, loss=28.98798930, RMSE_E_per_atom= 2111.14 meV, RMSE_F=  731.57 meV / A
2025-10-20 18:44:45.079 INFO: Epoch 75: head: Default, loss=9.21147027, RMSE_E_per_atom= 2371.41 meV, RMSE_F=  357.76 meV / A
2025-10-20 18:44:45.677 INFO: Epoch 76: head: Default, loss=7.52114693, RMSE_E_per_atom= 2301.16 meV, RMSE_F=  312.20 meV / A
2025-10-20 18:44:46.262 INFO: Epoch 77: head: Default, loss=16.08599462, RMSE_E_per_atom= 2380.17 meV, RMSE_F=  514.85 meV / A
2025-10-20 18:44:46.861 INFO: Epoch 78: head: Default, loss=10.09554678, RMSE_E_per_atom= 2736.88 meV, RMSE_F=  356.38 meV / A
2025-10-20 18:44:47.461 INFO: Epoch 79: head: Default, loss=7.71696957, RMSE_E_per_atom= 2590.39 meV, RMSE_F=  295.36 meV / A
2025-10-20 18:44:48.062 INFO: Epoch 80: head: Default, loss=10.10078581, RMSE_E_per_atom= 2267.64 meV, RMSE_F=  388.06 meV / A
2025-10-20 18:44:48.661 INFO: Epoch 81: head: Default, loss=7.21369342, RMSE_E_per_atom= 2386.64 meV, RMSE_F=  295.49 meV / A
2025-10-20 18:44:49.261 INFO: Epoch 82: head: Default, loss=8.29175434, RMSE_E_per_atom= 2175.17 meV, RMSE_F=  344.27 meV / A
2025-10-20 18:44:49.844 INFO: Epoch 83: head: Default, loss=6.64994992, RMSE_E_per_atom= 2270.06 meV, RMSE_F=  285.42 meV / A
2025-10-20 18:44:50.444 INFO: Epoch 84: head: Default, loss=13.18552689, RMSE_E_per_atom= 2143.65 meV, RMSE_F=  466.65 meV / A
2025-10-20 18:44:51.044 INFO: Epoch 85: head: Default, loss=6.75079524, RMSE_E_per_atom= 2180.34 meV, RMSE_F=  295.76 meV / A
2025-10-20 18:44:51.644 INFO: Epoch 86: head: Default, loss=6.94150268, RMSE_E_per_atom= 2000.29 meV, RMSE_F=  314.35 meV / A
2025-10-20 18:44:52.245 INFO: Epoch 87: head: Default, loss=5.45618435, RMSE_E_per_atom= 1997.19 meV, RMSE_F=  263.13 meV / A
2025-10-20 18:44:52.878 INFO: Epoch 88: head: Default, loss=5.19492126, RMSE_E_per_atom= 1724.36 meV, RMSE_F=  272.33 meV / A
2025-10-20 18:44:53.478 INFO: Epoch 89: head: Default, loss=4.67492723, RMSE_E_per_atom= 1686.92 meV, RMSE_F=  255.03 meV / A
2025-10-20 18:44:54.111 INFO: Epoch 90: head: Default, loss=7.31344213, RMSE_E_per_atom= 1730.77 meV, RMSE_F=  341.05 meV / A
2025-10-20 18:44:54.713 INFO: Epoch 91: head: Default, loss=5.03093828, RMSE_E_per_atom= 1972.18 meV, RMSE_F=  248.44 meV / A
2025-10-20 18:44:55.311 INFO: Epoch 92: head: Default, loss=4.38094396, RMSE_E_per_atom= 1781.67 meV, RMSE_F=  236.38 meV / A
2025-10-20 18:44:55.911 INFO: Epoch 93: head: Default, loss=8.21330930, RMSE_E_per_atom= 1553.81 meV, RMSE_F=  374.33 meV / A
2025-10-20 18:44:56.511 INFO: Epoch 94: head: Default, loss=8.83203908, RMSE_E_per_atom= 1732.14 meV, RMSE_F=  382.93 meV / A
2025-10-20 18:44:57.111 INFO: Epoch 95: head: Default, loss=4.26335859, RMSE_E_per_atom= 1564.73 meV, RMSE_F=  246.54 meV / A
2025-10-20 18:44:57.728 INFO: Epoch 96: head: Default, loss=6.46421563, RMSE_E_per_atom= 1907.82 meV, RMSE_F=  304.77 meV / A
2025-10-20 18:44:58.311 INFO: Epoch 97: head: Default, loss=9.79153370, RMSE_E_per_atom= 1668.19 meV, RMSE_F=  409.88 meV / A
2025-10-20 18:44:58.911 INFO: Epoch 98: head: Default, loss=5.86912971, RMSE_E_per_atom= 1683.34 meV, RMSE_F=  298.41 meV / A
2025-10-20 18:44:59.512 INFO: Epoch 99: head: Default, loss=5.49690120, RMSE_E_per_atom= 1756.01 meV, RMSE_F=  281.25 meV / A
2025-10-20 18:44:59.512 INFO: Training complete
2025-10-20 18:44:59.513 INFO: 
2025-10-20 18:44:59.513 INFO: ===========RESULTS===========
2025-10-20 18:44:59.745 INFO: Loading checkpoint: .\checkpoints\model01_run-123_epoch-95.pt
2025-10-20 18:44:59.791 INFO: Loaded Stage one model from epoch 95 for evaluation
2025-10-20 18:44:59.792 INFO: Saving model to checkpoints\model01_run-123.model
2025-10-20 18:44:59.947 INFO: Compiling model, saving metadata to model01_compiled.model
2025-10-20 18:45:00.678 INFO: Computing metrics for training, validation, and test sets
2025-10-20 18:45:00.695 INFO: Skipping evaluation for heads: ['pt_head']
2025-10-20 18:45:00.695 INFO: Evaluating train_Default ...
2025-10-20 18:45:01.512 INFO: Evaluating valid_Default ...
2025-10-20 18:45:01.555 INFO: Error-table on TRAIN and VALID:
+---------------+---------------------+------------------+-------------------+
|  config_type  | RMSE E / meV / atom | RMSE F / meV / A | relative F RMSE % |
+---------------+---------------------+------------------+-------------------+
| train_Default |         1864.5      |      12704.2     |       1130.88     |
| valid_Default |         1564.7      |        246.5     |         89.65     |
+---------------+---------------------+------------------+-------------------+
2025-10-20 18:45:01.556 INFO: Evaluating B2Fe30_Default ...
2025-10-20 18:45:01.628 INFO: Evaluating Fe12Si4_Default ...
2025-10-20 18:45:01.695 INFO: Evaluating Fe13Si1B1_Default ...
2025-10-20 18:45:02.529 INFO: Evaluating Fe5B2Si3_Default ...
2025-10-20 18:45:02.697 INFO: Evaluating Fe5B3Si2_Default ...
2025-10-20 18:45:02.879 INFO: Evaluating Fe5B4Si1_Default ...
2025-10-20 18:45:03.045 INFO: Evaluating Fe5B5_Default ...
2025-10-20 18:45:03.129 INFO: Error-table on TEST:
+-------------------+---------------------+------------------+-------------------+
|    config_type    | RMSE E / meV / atom | RMSE F / meV / A | relative F RMSE % |
+-------------------+---------------------+------------------+-------------------+
|   B2Fe30_Default  |         1847.3      |        376.8     |         90.13     |
|  Fe12Si4_Default  |         1856.4      |       1154.3     |  115432460815.99  |
| Fe13Si1B1_Default |         9221.6      |       2154.3     |         89.98     |
|  Fe5B2Si3_Default |       437184.5      |       5056.8     |        102.60     |
|  Fe5B3Si2_Default |        35512.3      |       1375.5     |         64.58     |
|  Fe5B4Si1_Default |         2231.0      |       1352.3     |         66.24     |
|   Fe5B5_Default   |         1424.6      |       1108.0     |         49.29     |
+-------------------+---------------------+------------------+-------------------+
2025-10-20 18:45:03.171 INFO: Done
2025-10-20 18:45:03.578 INFO: CUDA version: 12.6, CUDA device: 0
