2025-10-20 23:55:32.269 INFO: ===========VERIFYING SETTINGS===========
2025-10-20 23:55:32.270 INFO: MACE version: 0.3.14
2025-10-20 23:55:53.795 INFO: ===========VERIFYING SETTINGS===========
2025-10-20 23:55:53.796 INFO: MACE version: 0.3.14
2025-10-20 23:55:53.797 INFO: Using CPU
2025-10-20 23:55:53.837 INFO: ===========LOADING INPUT DATA===========
2025-10-20 23:55:53.838 INFO: Using heads: ['Default']
2025-10-20 23:55:53.838 INFO: Using the key specifications to parse data:
2025-10-20 23:55:53.838 INFO: Default: KeySpecification(info_keys={'energy': 'energy', 'stress': 'REF_stress', 'virials': 'REF_virials', 'dipole': 'dipole', 'head': 'head', 'elec_temp': 'elec_temp', 'total_charge': 'total_charge', 'polarizability': 'polarizability', 'total_spin': 'total_spin'}, arrays_keys={'forces': 'forces', 'charges': 'REF_charges'})
2025-10-20 23:55:53.839 INFO: =============    Processing head Default     ===========
2025-10-20 23:57:09.936 INFO: ===========VERIFYING SETTINGS===========
2025-10-20 23:57:09.937 INFO: MACE version: 0.3.14
2025-10-20 23:57:09.938 INFO: Using CPU
2025-10-20 23:57:09.971 INFO: ===========LOADING INPUT DATA===========
2025-10-20 23:57:09.972 INFO: Using heads: ['Default']
2025-10-20 23:57:09.972 INFO: Using the key specifications to parse data:
2025-10-20 23:57:09.973 INFO: Default: KeySpecification(info_keys={'energy': 'energy', 'stress': 'REF_stress', 'virials': 'REF_virials', 'dipole': 'dipole', 'head': 'head', 'elec_temp': 'elec_temp', 'total_charge': 'total_charge', 'polarizability': 'polarizability', 'total_spin': 'total_spin'}, arrays_keys={'forces': 'forces', 'charges': 'REF_charges'})
2025-10-20 23:57:09.973 INFO: =============    Processing head Default     ===========
2025-10-20 23:57:10.062 WARNING: Since ASE version 3.23.0b1, using energy_key 'energy' is no longer safe when communicating between MACE and ASE. We recommend using a different key, rewriting 'energy' to 'REF_energy'. You need to use --energy_key='REF_energy' to specify the chosen key name.
2025-10-20 23:57:10.100 WARNING: Since ASE version 3.23.0b1, using forces_key 'forces' is no longer safe when communicating between MACE and ASE. We recommend using a different key, rewriting 'forces' to 'REF_forces'. You need to use --forces_key='REF_forces' to specify the chosen key name.
2025-10-20 23:57:10.135 WARNING: Configuration '0' is marked as 'IsolatedAtom' but does not contain an energy. Zero energy will be used.
2025-10-20 23:57:10.136 WARNING: Configuration '1' is marked as 'IsolatedAtom' but does not contain an energy. Zero energy will be used.
2025-10-20 23:57:10.136 WARNING: Configuration '2' is marked as 'IsolatedAtom' but does not contain an energy. Zero energy will be used.
2025-10-20 23:57:10.137 INFO: Using isolated atom energies from training file
2025-10-20 23:57:10.149 INFO: Training set 1/1 [energy: 517, stress: 0, virials: 0, dipole components: 0, head: 517, elec_temp: 0, total_charge: 0, polarizability: 0, total_spin: 0, forces: 517, charges: 0]
2025-10-20 23:57:10.151 INFO: Total Training set [energy: 517, stress: 0, virials: 0, dipole components: 0, head: 517, elec_temp: 0, total_charge: 0, polarizability: 0, total_spin: 0, forces: 517, charges: 0]
2025-10-20 23:57:10.152 INFO: No validation set provided, splitting training data instead.
2025-10-20 23:57:10.153 INFO: Using random 1% of training set for validation with following indices: [5, 302, 291, 153, 461]
2025-10-20 23:57:10.155 INFO: Random Split Training set [energy: 512, stress: 0, virials: 0, dipole components: 0, head: 512, elec_temp: 0, total_charge: 0, polarizability: 0, total_spin: 0, forces: 512, charges: 0]
2025-10-20 23:57:10.155 INFO: Random Split Validation set [energy: 5, stress: 0, virials: 0, dipole components: 0, head: 5, elec_temp: 0, total_charge: 0, polarizability: 0, total_spin: 0, forces: 5, charges: 0]
2025-10-20 23:57:10.186 WARNING: Since ASE version 3.23.0b1, using energy_key 'energy' is no longer safe when communicating between MACE and ASE. We recommend using a different key, rewriting 'energy' to 'REF_energy'. You need to use --energy_key='REF_energy' to specify the chosen key name.
2025-10-20 23:57:10.197 WARNING: Since ASE version 3.23.0b1, using forces_key 'forces' is no longer safe when communicating between MACE and ASE. We recommend using a different key, rewriting 'forces' to 'REF_forces'. You need to use --forces_key='REF_forces' to specify the chosen key name.
2025-10-20 23:57:10.211 INFO: Test set 1/1 [energy: 133, stress: 0, virials: 0, dipole components: 0, head: 133, elec_temp: 0, total_charge: 0, polarizability: 0, total_spin: 0, forces: 133, charges: 0]
2025-10-20 23:57:10.212 INFO: Total Test set [energy: 133, stress: 0, virials: 0, dipole components: 0, head: 133, elec_temp: 0, total_charge: 0, polarizability: 0, total_spin: 0, forces: 133, charges: 0]
2025-10-20 23:57:10.212 INFO: Total number of configurations: train=512, valid=5, tests=[Fe13Si1B1_Default: 133],
2025-10-20 23:57:10.212 WARNING: Validation batch size (10) is larger than the number of validation data (5)
2025-10-20 23:57:10.214 INFO: Atomic Numbers used: [5, 14, 26]
2025-10-20 23:57:10.214 INFO: Atomic Energies used (z: eV) for head Default: {5: 0.0, 14: 0.0, 26: 0.0}
2025-10-20 23:57:10.214 INFO: Processing datasets for head 'Default'
2025-10-20 23:57:10.453 INFO: Combining 1 list datasets for head 'Default'
2025-10-20 23:57:10.459 INFO: Head 'Default' training dataset size: 512
2025-10-20 23:57:10.462 INFO: Computing average number of neighbors
2025-10-20 23:57:10.547 INFO: Average number of neighbors: 17.63285789751717
2025-10-20 23:57:10.547 INFO: During training the following quantities will be reported: energy, forces
2025-10-20 23:57:10.548 INFO: ===========MODEL DETAILS===========
2025-10-20 23:57:10.610 INFO: Building model
2025-10-20 23:57:10.610 INFO: Message passing with 32 channels and max_L=0 (32x0e)
2025-10-20 23:57:10.611 INFO: 2 layers, each with correlation order: 3 (body order: 4) and spherical harmonics up to: l=3
2025-10-20 23:57:10.611 INFO: 8 radial and 5 basis functions
2025-10-20 23:57:10.611 INFO: Radial cutoff: 4.0 A (total receptive field for each atom: 8.0 A)
2025-10-20 23:57:10.612 INFO: Distance transform for radial basis functions: None
2025-10-20 23:57:10.612 INFO: Hidden irreps: 32x0e
2025-10-20 23:57:11.294 INFO: Total number of parameters: 67472
2025-10-20 23:57:11.295 INFO: 
2025-10-20 23:57:11.295 INFO: ===========OPTIMIZER INFORMATION===========
2025-10-20 23:57:11.295 INFO: Using ADAM as parameter optimizer
2025-10-20 23:57:11.296 INFO: Batch size: 32
2025-10-20 23:57:11.296 INFO: Number of gradient updates: 1600
2025-10-20 23:57:11.296 INFO: Learning rate: 0.01, weight decay: 5e-07
2025-10-20 23:57:11.296 INFO: WeightedEnergyForcesLoss(energy_weight=1.000, forces_weight=100.000)
2025-10-20 23:57:11.297 INFO: Using gradient clipping with tolerance=10.000
2025-10-20 23:57:11.297 INFO: 
2025-10-20 23:57:11.298 INFO: ===========TRAINING===========
2025-10-20 23:57:11.298 INFO: Started training, reporting errors on validation set
2025-10-20 23:57:11.298 INFO: Loss metrics on validation set
2025-10-20 23:57:11.369 INFO: Initial: head: Default, loss=37.51196496, RMSE_E_per_atom= 5166.12 meV, RMSE_F= 1268.35 meV / A
2025-10-20 23:57:18.521 INFO: Epoch 0: head: Default, loss=30.90256944, RMSE_E_per_atom= 4945.63 meV, RMSE_F= 1140.41 meV / A
2025-10-20 23:57:25.398 INFO: Epoch 1: head: Default, loss=15.53237340, RMSE_E_per_atom= 4406.56 meV, RMSE_F=  763.18 meV / A
