2025-10-21 00:03:50.206 INFO: ===========VERIFYING SETTINGS===========
2025-10-21 00:03:50.208 INFO: MACE version: 0.3.14
2025-10-21 00:03:50.209 INFO: Using CPU
2025-10-21 00:03:50.250 INFO: ===========LOADING INPUT DATA===========
2025-10-21 00:03:50.251 INFO: Using heads: ['Default']
2025-10-21 00:03:50.252 INFO: Using the key specifications to parse data:
2025-10-21 00:03:50.252 INFO: Default: KeySpecification(info_keys={'energy': 'energy', 'stress': 'REF_stress', 'virials': 'REF_virials', 'dipole': 'dipole', 'head': 'head', 'elec_temp': 'elec_temp', 'total_charge': 'total_charge', 'polarizability': 'polarizability', 'total_spin': 'total_spin'}, arrays_keys={'forces': 'forces', 'charges': 'REF_charges'})
2025-10-21 00:03:50.253 INFO: =============    Processing head Default     ===========
2025-10-21 00:03:50.338 WARNING: Since ASE version 3.23.0b1, using energy_key 'energy' is no longer safe when communicating between MACE and ASE. We recommend using a different key, rewriting 'energy' to 'REF_energy'. You need to use --energy_key='REF_energy' to specify the chosen key name.
2025-10-21 00:03:50.373 WARNING: Since ASE version 3.23.0b1, using forces_key 'forces' is no longer safe when communicating between MACE and ASE. We recommend using a different key, rewriting 'forces' to 'REF_forces'. You need to use --forces_key='REF_forces' to specify the chosen key name.
2025-10-21 00:03:50.409 WARNING: Configuration '0' is marked as 'IsolatedAtom' but does not contain an energy. Zero energy will be used.
2025-10-21 00:03:50.410 WARNING: Configuration '1' is marked as 'IsolatedAtom' but does not contain an energy. Zero energy will be used.
2025-10-21 00:03:50.410 WARNING: Configuration '2' is marked as 'IsolatedAtom' but does not contain an energy. Zero energy will be used.
2025-10-21 00:03:50.411 INFO: Using isolated atom energies from training file
2025-10-21 00:03:50.422 INFO: Training set 1/1 [energy: 517, stress: 0, virials: 0, dipole components: 0, head: 517, elec_temp: 0, total_charge: 0, polarizability: 0, total_spin: 0, forces: 517, charges: 0]
2025-10-21 00:03:50.424 INFO: Total Training set [energy: 517, stress: 0, virials: 0, dipole components: 0, head: 517, elec_temp: 0, total_charge: 0, polarizability: 0, total_spin: 0, forces: 517, charges: 0]
2025-10-21 00:03:50.425 INFO: No validation set provided, splitting training data instead.
2025-10-21 00:03:50.425 INFO: Using random 1% of training set for validation with following indices: [5, 302, 291, 153, 461]
2025-10-21 00:03:50.427 INFO: Random Split Training set [energy: 512, stress: 0, virials: 0, dipole components: 0, head: 512, elec_temp: 0, total_charge: 0, polarizability: 0, total_spin: 0, forces: 512, charges: 0]
2025-10-21 00:03:50.427 INFO: Random Split Validation set [energy: 5, stress: 0, virials: 0, dipole components: 0, head: 5, elec_temp: 0, total_charge: 0, polarizability: 0, total_spin: 0, forces: 5, charges: 0]
2025-10-21 00:03:50.457 WARNING: Since ASE version 3.23.0b1, using energy_key 'energy' is no longer safe when communicating between MACE and ASE. We recommend using a different key, rewriting 'energy' to 'REF_energy'. You need to use --energy_key='REF_energy' to specify the chosen key name.
2025-10-21 00:03:50.467 WARNING: Since ASE version 3.23.0b1, using forces_key 'forces' is no longer safe when communicating between MACE and ASE. We recommend using a different key, rewriting 'forces' to 'REF_forces'. You need to use --forces_key='REF_forces' to specify the chosen key name.
2025-10-21 00:03:50.480 INFO: Test set 1/1 [energy: 133, stress: 0, virials: 0, dipole components: 0, head: 133, elec_temp: 0, total_charge: 0, polarizability: 0, total_spin: 0, forces: 133, charges: 0]
2025-10-21 00:03:50.481 INFO: Total Test set [energy: 133, stress: 0, virials: 0, dipole components: 0, head: 133, elec_temp: 0, total_charge: 0, polarizability: 0, total_spin: 0, forces: 133, charges: 0]
2025-10-21 00:03:50.482 INFO: Total number of configurations: train=512, valid=5, tests=[Fe13Si1B1_Default: 133],
2025-10-21 00:03:50.482 WARNING: Validation batch size (10) is larger than the number of validation data (5)
2025-10-21 00:03:50.484 INFO: Atomic Numbers used: [5, 14, 26]
2025-10-21 00:03:50.484 INFO: Atomic Energies used (z: eV) for head Default: {5: 0.0, 14: 0.0, 26: 0.0}
2025-10-21 00:03:50.485 INFO: Processing datasets for head 'Default'
2025-10-21 00:03:50.701 INFO: Combining 1 list datasets for head 'Default'
2025-10-21 00:03:50.707 INFO: Head 'Default' training dataset size: 512
2025-10-21 00:03:50.709 INFO: Computing average number of neighbors
2025-10-21 00:03:50.806 INFO: Average number of neighbors: 17.63285789751717
2025-10-21 00:03:50.806 INFO: During training the following quantities will be reported: energy, forces
2025-10-21 00:03:50.807 INFO: ===========MODEL DETAILS===========
2025-10-21 00:03:50.866 INFO: Building model
2025-10-21 00:03:50.866 INFO: Message passing with 32 channels and max_L=0 (32x0e)
2025-10-21 00:03:50.867 INFO: 2 layers, each with correlation order: 3 (body order: 4) and spherical harmonics up to: l=3
2025-10-21 00:03:50.867 INFO: 8 radial and 5 basis functions
2025-10-21 00:03:50.867 INFO: Radial cutoff: 4.0 A (total receptive field for each atom: 8.0 A)
2025-10-21 00:03:50.867 INFO: Distance transform for radial basis functions: None
2025-10-21 00:03:50.868 INFO: Hidden irreps: 32x0e
2025-10-21 00:03:51.542 INFO: Total number of parameters: 67472
2025-10-21 00:03:51.542 INFO: 
2025-10-21 00:03:51.543 INFO: ===========OPTIMIZER INFORMATION===========
2025-10-21 00:03:51.543 INFO: Using ADAM as parameter optimizer
2025-10-21 00:03:51.543 INFO: Batch size: 32
2025-10-21 00:03:51.544 INFO: Number of gradient updates: 80
2025-10-21 00:03:51.544 INFO: Learning rate: 0.01, weight decay: 5e-07
2025-10-21 00:03:51.544 INFO: WeightedEnergyForcesLoss(energy_weight=1.000, forces_weight=100.000)
2025-10-21 00:03:51.545 INFO: Using gradient clipping with tolerance=10.000
2025-10-21 00:03:51.545 INFO: 
2025-10-21 00:03:51.545 INFO: ===========TRAINING===========
2025-10-21 00:03:51.546 INFO: Started training, reporting errors on validation set
2025-10-21 00:03:51.546 INFO: Loss metrics on validation set
2025-10-21 00:03:51.615 INFO: Initial: head: Default, loss=37.51196496, RMSE_E_per_atom= 5166.12 meV, RMSE_F= 1268.35 meV / A
2025-10-21 00:03:58.703 INFO: Epoch 0: head: Default, loss=30.90256944, RMSE_E_per_atom= 4945.63 meV, RMSE_F= 1140.41 meV / A
2025-10-21 00:04:07.378 INFO: Epoch 1: head: Default, loss=15.53237340, RMSE_E_per_atom= 4406.56 meV, RMSE_F=  763.18 meV / A
2025-10-21 00:04:14.117 INFO: Epoch 2: head: Default, loss=14.38546919, RMSE_E_per_atom= 3980.19 meV, RMSE_F=  748.90 meV / A
2025-10-21 00:04:20.831 INFO: Epoch 3: head: Default, loss=16.31344733, RMSE_E_per_atom= 3500.61 meV, RMSE_F=  832.54 meV / A
2025-10-21 00:04:27.647 INFO: Epoch 4: head: Default, loss=11.47844959, RMSE_E_per_atom= 3333.60 meV, RMSE_F=  680.29 meV / A
2025-10-21 00:04:27.658 INFO: Training complete
2025-10-21 00:04:27.658 INFO: 
2025-10-21 00:04:27.659 INFO: ===========RESULTS===========
2025-10-21 00:04:27.694 INFO: Loading checkpoint: ./checkpoints/model_01_5epochs_run-123_epoch-4.pt
2025-10-21 00:04:27.702 INFO: Loaded Stage one model from epoch 4 for evaluation
2025-10-21 00:04:27.702 INFO: Saving model to checkpoints/model_01_5epochs_run-123.model
2025-10-21 00:04:27.798 INFO: Compiling model, saving metadata to model_01_5epochs_compiled.model
2025-10-21 00:04:28.247 INFO: Computing metrics for training, validation, and test sets
2025-10-21 00:04:28.248 INFO: Skipping evaluation for heads: ['pt_head']
2025-10-21 00:04:28.248 INFO: Evaluating train_Default ...
2025-10-21 00:04:30.970 INFO: Evaluating valid_Default ...
2025-10-21 00:04:31.009 INFO: Error-table on TRAIN and VALID:
+---------------+---------------------+------------------+-------------------+
|  config_type  | RMSE E / meV / atom | RMSE F / meV / A | relative F RMSE % |
+---------------+---------------------+------------------+-------------------+
| train_Default |       130141.1      |    20380393.3    |     1184197.39    |
| valid_Default |         3333.6      |        680.3     |         53.55     |
+---------------+---------------------+------------------+-------------------+
2025-10-21 00:04:31.010 INFO: Evaluating Fe13Si1B1_Default ...
2025-10-21 00:04:32.210 INFO: Error-table on TEST:
+-------------------+---------------------+------------------+-------------------+
|    config_type    | RMSE E / meV / atom | RMSE F / meV / A | relative F RMSE % |
+-------------------+---------------------+------------------+-------------------+
| Fe13Si1B1_Default |        12397.6      |       2719.4     |         91.08     |
+-------------------+---------------------+------------------+-------------------+
2025-10-21 00:04:32.437 INFO: Done
